#
# A fatal error has been detected by the Java Runtime Environment:
#
#  EXCEPTION_ACCESS_VIOLATION (0xc0000005) at pc=0x00007ffd47ed910a, pid=13268, tid=13304
#
# JRE version: Java(TM) SE Runtime Environment (21.0.1+12) (build 21.0.1+12-LTS-29)
# Java VM: Java HotSpot(TM) 64-Bit Server VM (21.0.1+12-LTS-29, mixed mode, emulated-client, sharing, tiered, compressed oops, compressed class ptrs, g1 gc, windows-amd64)
# Problematic frame:
# C  [librocksdbjni14462204868028160261.dll+0xf910a]
#
# No core dump will be written. Minidumps are not enabled by default on client versions of Windows
#
# If you would like to submit a bug report, please visit:
#   https://bugreport.java.com/bugreport/crash.jsp
# The crash happened outside the Java Virtual Machine in native code.
# See problematic frame for where to report the bug.
#

---------------  S U M M A R Y ------------

Command Line: -agentlib:jdwp=transport=dt_socket,address=127.0.0.1:11865,suspend=y,server=n -XX:TieredStopAtLevel=1 -Dspring.output.ansi.enabled=always -Dcom.sun.management.jmxremote -Dspring.jmx.enabled=true -Dspring.liveBeansView.mbeanDomain -Dspring.application.admin.enabled=true -Dmanagement.endpoints.jmx.exposure.include=* -javaagent:C:\Users\hcg\AppData\Local\JetBrains\IntelliJIdea2023.3\captureAgent\debugger-agent.jar=file:/C:/Users/hcg/AppData/Local/Temp/capture.props -Dfile.encoding=UTF-8 -Dsun.stdout.encoding=UTF-8 -Dsun.stderr.encoding=UTF-8 com.pop.popcoinsystem.PopCoinSystemApplication

Host: 13th Gen Intel(R) Core(TM) i9-13900HX, 32 cores, 63G,  Windows 11 , 64 bit Build 22621 (10.0.22621.2215)
Time: Fri Aug  1 15:00:28 2025  Windows 11 , 64 bit Build 22621 (10.0.22621.2215) elapsed time: 2.284490 seconds (0d 0h 0m 2s)

---------------  T H R E A D  ---------------

Current thread (0x000001eb7a6c68f0):  JavaThread "Thread-2"         [_thread_in_native, id=13304, stack(0x000000d5f7200000,0x000000d5f7300000) (1024K)]

Stack: [0x000000d5f7200000,0x000000d5f7300000],  sp=0x000000d5f72ff310,  free space=1020k
Native frames: (J=compiled Java code, j=interpreted, Vv=VM code, C=native code)
C  [librocksdbjni14462204868028160261.dll+0xf910a]

Java frames: (J=compiled Java code, j=interpreted, Vv=VM code)
j  org.rocksdb.RocksDB.put(J[BII[BIIJ)V+0
j  org.rocksdb.RocksDB.put(Lorg/rocksdb/ColumnFamilyHandle;[B[B)V+17
j  com.pop.popcoinsystem.storage.StorageService.addOrUpdateNodeSetting(Lcom/pop/popcoinsystem/network/common/NodeSettings;)V+19
j  com.pop.popcoinsystem.service.BlockChainService.lambda$startNetwork$0()V+340
j  com.pop.popcoinsystem.service.BlockChainService$$Lambda+0x000001eb354cb050.run()V+4
j  java.lang.Thread.runWith(Ljava/lang/Object;Ljava/lang/Runnable;)V+5 java.base@21.0.1
j  java.lang.Thread.run()V+19 java.base@21.0.1
v  ~StubRoutines::call_stub 0x000001eb1743100d

siginfo: EXCEPTION_ACCESS_VIOLATION (0xc0000005), reading address 0x0000000000000060


Registers:
RAX=0x0000000000000000, RBX=0x000000000000026a, RCX=0x000001eb7a57a6c0, RDX=0x000000d5f72ff370
RSP=0x000000d5f72ff310, RBP=0x000000d5f72ff380, RSI=0x0000000000000000, RDI=0x000001eb7a6c6ca8
R8 =0x00007ffd4849f018, R9 =0x000001eb7a455d00, R10=0x00007ffdca9a0000, R11=0x00007ffdca9a15c3
R12=0x000001eb7a57a6c0, R13=0x000001eb7a455d00, R14=0x000001eb79f40bd0, R15=0x000001eb7a8c7820
RIP=0x00007ffd47ed910a, EFLAGS=0x0000000000010206


Register to memory mapping:

RAX=0x0 is null
RBX=0x000000000000026a is an unknown value
RCX=0x000001eb7a57a6c0 points into unknown readable memory: 0x0000000000000000 | 00 00 00 00 00 00 00 00
RDX=0x000000d5f72ff370 is pointing into the stack for thread: 0x000001eb7a6c68f0
RSP=0x000000d5f72ff310 is pointing into the stack for thread: 0x000001eb7a6c68f0
RBP=0x000000d5f72ff380 is pointing into the stack for thread: 0x000001eb7a6c68f0
RSI=0x0 is null
RDI=0x000001eb7a6c6ca8 points into unknown readable memory: 0x00007ffd4716c600 | 00 c6 16 47 fd 7f 00 00
R8 =0x00007ffd4849f018 librocksdbjni14462204868028160261.dll
R9 =0x000001eb7a455d00 points into unknown readable memory: 0x00007ffd483c5ee0 | e0 5e 3c 48 fd 7f 00 00
R10=0x00007ffdca9a0000 VCRUNTIME140.dll
R11=0x00007ffdca9a15c3 VCRUNTIME140.dll
R12=0x000001eb7a57a6c0 points into unknown readable memory: 0x0000000000000000 | 00 00 00 00 00 00 00 00
R13=0x000001eb7a455d00 points into unknown readable memory: 0x00007ffd483c5ee0 | e0 5e 3c 48 fd 7f 00 00
R14=0x000001eb79f40bd0 points into unknown readable memory: 0x65646f6e5f79656b | 6b 65 79 5f 6e 6f 64 65
R15=0x000001eb7a8c7820 points into unknown readable memory: 0x6f702e6d6f630001 | 01 00 63 6f 6d 2e 70 6f

Top of Stack: (sp=0x000000d5f72ff310)
0x000000d5f72ff310:   000000000000026a 000000000000026a
0x000000d5f72ff320:   000000000000026a 0000000000000000
0x000000d5f72ff330:   000000d5f72ff360 000000d5f72ff350
0x000000d5f72ff340:   0000000000000000 0000000000000000
0x000000d5f72ff350:   000001eb7a8c7820 000000000000026a
0x000000d5f72ff360:   000001eb79f40bd0 0000000000000010
0x000000d5f72ff370:   000001eb76e046c0 000001eb7a6c68f0
0x000000d5f72ff380:   000001eb7a6c68f0 000000d5f72ff4f0
0x000000d5f72ff390:   000001eb76e046b8 0000000000000000
0x000000d5f72ff3a0:   0000000000000000 000000000000026a
0x000000d5f72ff3b0:   000000d5f72ff480 000001eb174401dd
0x000000d5f72ff3c0:   0000000000000010 000001eb76e046c0
0x000000d5f72ff3d0:   00007ffd4849f018 00007ffd46983f61
0x000000d5f72ff3e0:   000000d5f72ff4d8 0000000000000000
0x000000d5f72ff3f0:   000000d500000010 000000d5f72ff4c0
0x000000d5f72ff400:   0000000000000000 000001eb0000026a
0x000000d5f72ff410:   000001eb76e046c0 000000000000026a
0x000000d5f72ff420:   000000d5f72ff568 00007ffd46c2e2cb
0x000000d5f72ff430:   000001eb1743fae6 000000d5f72ff438
0x000000d5f72ff440:   000001eb76e046b8 000000000000000e
0x000000d5f72ff450:   000001eb76e095b8 0000000000000000
0x000000d5f72ff460:   000000043f8aef98 000001eb76e046c0
0x000000d5f72ff470:   0000000000000000 000000d5f72ff4a0
0x000000d5f72ff480:   000000d5f72ff540 000001eb17439086
0x000000d5f72ff490:   0000000000000000 000001eb1743c377
0x000000d5f72ff4a0:   000001eb7a455d00 0000000000000000
0x000000d5f72ff4b0:   000000000000026a 0000000000000000
0x000000d5f72ff4c0:   0000000407a9ca40 0000000000000010
0x000000d5f72ff4d0:   0000000000000000 000000043fd73d80
0x000000d5f72ff4e0:   000001eb7a57a6c0 0000000000000000
0x000000d5f72ff4f0:   000000043f8adca8 000000d5f72ff4f8
0x000000d5f72ff500:   000001eb76cfbe49 0000000000000005 

Instructions: (pc=0x00007ffd47ed910a)
0x00007ffd47ed900a:   ec 70 4d 8b e9 4c 8b e2 48 8b f9 48 63 5d 70 48
0x00007ffd47ed901a:   89 5d 40 48 8b cb e8 eb 00 46 00 4c 8b f0 4c 8b
0x00007ffd47ed902a:   17 4d 8b 9a 40 06 00 00 48 89 44 24 20 44 8b cb
0x00007ffd47ed903a:   44 8b 45 68 48 8b 55 60 48 8b cf 41 ff d3 48 8b
0x00007ffd47ed904a:   0f 48 8b 91 20 07 00 00 48 8b cf ff d2 84 c0 75
0x00007ffd47ed905a:   50 48 63 9d 88 00 00 00 48 8b cb e8 a6 00 46 00
0x00007ffd47ed906a:   4c 8b f8 48 8b 0f 4c 8b 91 40 06 00 00 48 89 44
0x00007ffd47ed907a:   24 20 44 8b cb 44 8b 85 80 00 00 00 48 8b 55 78
0x00007ffd47ed908a:   48 8b cf 41 ff d2 48 8b 0f 48 8b 91 20 07 00 00
0x00007ffd47ed909a:   48 8b cf ff d2 84 c0 74 17 49 8b cf e8 ed fc 45
0x00007ffd47ed90aa:   00 49 8b ce e8 e5 fc 45 00 32 c0 e9 c1 02 00 00
0x00007ffd47ed90ba:   4c 89 75 e0 48 8b 45 40 48 89 45 e8 4c 89 7d d0
0x00007ffd47ed90ca:   48 89 5d d8 c7 45 c0 00 00 00 00 66 c7 45 c4 00
0x00007ffd47ed90da:   00 33 f6 48 89 75 c8 49 8b 04 24 48 8d 4d d0 4c
0x00007ffd47ed90ea:   8b 45 50 48 8d 55 f0 4d 85 ed 74 19 48 89 4c 24
0x00007ffd47ed90fa:   28 48 8d 4d e0 48 89 4c 24 20 4d 8b cd 49 8b cc
0x00007ffd47ed910a:   ff 50 60 eb 0f 48 89 4c 24 20 4c 8d 4d e0 49 8b
0x00007ffd47ed911a:   cc ff 50 50 48 8b d0 32 db 48 8d 45 c0 48 3b c2
0x00007ffd47ed912a:   74 5a 0f b6 42 02 88 45 c2 0f b6 42 03 88 45 c3
0x00007ffd47ed913a:   0f b6 42 04 88 45 c4 0f b6 1a 0f b6 4a 01 0f b6
0x00007ffd47ed914a:   42 05 c6 02 00 c6 42 01 00 c6 42 02 00 c6 42 03
0x00007ffd47ed915a:   00 c6 42 04 00 c6 42 05 00 88 45 c5 48 83 c2 08
0x00007ffd47ed916a:   48 8d 45 c8 48 3b c2 88 4d c1 88 5d c0 74 0d 48
0x00007ffd47ed917a:   8b 02 48 89 32 48 8b f0 48 89 45 c8 48 8b 4d f8
0x00007ffd47ed918a:   48 85 c9 74 05 e8 04 fc 45 00 49 8b cf e8 fc fb
0x00007ffd47ed919a:   45 00 49 8b ce e8 f4 fb 45 00 84 db 75 07 b3 01
0x00007ffd47ed91aa:   e9 bc 01 00 00 48 8b 07 4c 8b 40 30 48 8d 15 23
0x00007ffd47ed91ba:   2a 4c 00 48 8b cf 41 ff d0 48 8b d8 48 85 c0 75
0x00007ffd47ed91ca:   37 48 8d 15 2e 2a 4c 00 48 8b 0d bf 10 4c 00 e8
0x00007ffd47ed91da:   52 58 fd ff 48 8d 15 db 5a fd ff 48 8b c8 ff 15
0x00007ffd47ed91ea:   52 14 4c 00 48 8b 07 48 8b 90 20 07 00 00 48 8b
0x00007ffd47ed91fa:   cf ff d2 e9 67 01 00 00 48 8b 07 4c 8b 90 08 01 


Stack slot to memory mapping:

stack at sp + 0 slots: 0x000000000000026a is an unknown value
stack at sp + 1 slots: 0x000000000000026a is an unknown value
stack at sp + 2 slots: 0x000000000000026a is an unknown value
stack at sp + 3 slots: 0x0 is null
stack at sp + 4 slots: 0x000000d5f72ff360 is pointing into the stack for thread: 0x000001eb7a6c68f0
stack at sp + 5 slots: 0x000000d5f72ff350 is pointing into the stack for thread: 0x000001eb7a6c68f0
stack at sp + 6 slots: 0x0 is null
stack at sp + 7 slots: 0x0 is null


---------------  P R O C E S S  ---------------

Threads class SMR info:
_java_thread_list=0x000001eb79ff8920, length=26, elements={
0x000001eb330ac3b0, 0x000001eb330ad1d0, 0x000001eb330ae0f0, 0x000001eb330afff0,
0x000001eb330b2b90, 0x000001eb330b3720, 0x000001eb330b3d90, 0x000001eb3314ff50,
0x000001eb3314cfa0, 0x000001eb33210000, 0x000001eb3326a3a0, 0x000001eb3326ae40,
0x000001eb3326b4c0, 0x000001eb33297570, 0x000001eb3314e410, 0x000001eb3314c8d0,
0x000001eb3314d670, 0x000001eb3314dd40, 0x000001eb339e46e0, 0x000001eb3314f1b0,
0x000001eb3314f880, 0x000001eb79b857b0, 0x000001eb79c6c360, 0x000001eb7a6c68f0,
0x000001eb7a6c5540, 0x000001eb7a6c6260
}

Java Threads: ( => current thread )
  0x000001eb330ac3b0 JavaThread "Reference Handler"          daemon [_thread_blocked, id=28620, stack(0x000000d5f3a00000,0x000000d5f3b00000) (1024K)]
  0x000001eb330ad1d0 JavaThread "Finalizer"                  daemon [_thread_blocked, id=23732, stack(0x000000d5f3b00000,0x000000d5f3c00000) (1024K)]
  0x000001eb330ae0f0 JavaThread "Signal Dispatcher"          daemon [_thread_blocked, id=8312, stack(0x000000d5f3c00000,0x000000d5f3d00000) (1024K)]
  0x000001eb330afff0 JavaThread "Attach Listener"            daemon [_thread_blocked, id=28884, stack(0x000000d5f3d00000,0x000000d5f3e00000) (1024K)]
  0x000001eb330b2b90 JavaThread "Service Thread"             daemon [_thread_blocked, id=8200, stack(0x000000d5f3e00000,0x000000d5f3f00000) (1024K)]
  0x000001eb330b3720 JavaThread "Monitor Deflation Thread"   daemon [_thread_blocked, id=16512, stack(0x000000d5f3f00000,0x000000d5f4000000) (1024K)]
  0x000001eb330b3d90 JavaThread "C1 CompilerThread0"         daemon [_thread_blocked, id=21952, stack(0x000000d5f4000000,0x000000d5f4100000) (1024K)]
  0x000001eb3314ff50 JavaThread "C1 CompilerThread1"         daemon [_thread_blocked, id=7192, stack(0x000000d5f4100000,0x000000d5f4200000) (1024K)]
  0x000001eb3314cfa0 JavaThread "C1 CompilerThread2"         daemon [_thread_blocked, id=8428, stack(0x000000d5f4200000,0x000000d5f4300000) (1024K)]
  0x000001eb33210000 JavaThread "Common-Cleaner"             daemon [_thread_blocked, id=11472, stack(0x000000d5f4300000,0x000000d5f4400000) (1024K)]
  0x000001eb3326a3a0 JavaThread "JDWP Transport Listener: dt_socket" daemon [_thread_blocked, id=28552, stack(0x000000d5f4400000,0x000000d5f4500000) (1024K)]
  0x000001eb3326ae40 JavaThread "JDWP Event Helper Thread"   daemon [_thread_blocked, id=29048, stack(0x000000d5f4500000,0x000000d5f4600000) (1024K)]
  0x000001eb3326b4c0 JavaThread "JDWP Command Reader"        daemon [_thread_in_native, id=13624, stack(0x000000d5f4600000,0x000000d5f4700000) (1024K)]
  0x000001eb33297570 JavaThread "Notification Thread"        daemon [_thread_blocked, id=30304, stack(0x000000d5f4700000,0x000000d5f4800000) (1024K)]
  0x000001eb3314e410 JavaThread "C1 CompilerThread3"         daemon [_thread_blocked, id=13276, stack(0x000000d5f4800000,0x000000d5f4900000) (1024K)]
  0x000001eb3314c8d0 JavaThread "C1 CompilerThread4"         daemon [_thread_blocked, id=27316, stack(0x000000d5f4900000,0x000000d5f4a00000) (1024K)]
  0x000001eb3314d670 JavaThread "C1 CompilerThread5"         daemon [_thread_blocked, id=16476, stack(0x000000d5f4a00000,0x000000d5f4b00000) (1024K)]
  0x000001eb3314dd40 JavaThread "C1 CompilerThread6"         daemon [_thread_blocked, id=28520, stack(0x000000d5f4b00000,0x000000d5f4c00000) (1024K)]
  0x000001eb339e46e0 JavaThread "RMI TCP Accept-0"           daemon [_thread_in_native, id=9396, stack(0x000000d5f4c00000,0x000000d5f4d00000) (1024K)]
  0x000001eb3314f1b0 JavaThread "C1 CompilerThread7"         daemon [_thread_blocked, id=9860, stack(0x000000d5f6800000,0x000000d5f6900000) (1024K)]
  0x000001eb3314f880 JavaThread "C1 CompilerThread8"         daemon [_thread_blocked, id=27556, stack(0x000000d5f6900000,0x000000d5f6a00000) (1024K)]
  0x000001eb79b857b0 JavaThread "RMI TCP Connection(1)-192.168.1.51" daemon [_thread_in_native, id=14904, stack(0x000000d5f6a00000,0x000000d5f6b00000) (1024K)]
  0x000001eb79c6c360 JavaThread "RMI Scheduler(0)"           daemon [_thread_blocked, id=29516, stack(0x000000d5f6b00000,0x000000d5f6c00000) (1024K)]
=>0x000001eb7a6c68f0 JavaThread "Thread-2"                          [_thread_in_native, id=13304, stack(0x000000d5f7200000,0x000000d5f7300000) (1024K)]
  0x000001eb7a6c5540 JavaThread "Cleaner-0"                  daemon [_thread_blocked, id=27488, stack(0x000000d5f7300000,0x000000d5f7400000) (1024K)]
  0x000001eb7a6c6260 JavaThread "DestroyJavaVM"                     [_thread_blocked, id=30584, stack(0x000000d5f3200000,0x000000d5f3300000) (1024K)]
Total: 26

Other Threads:
  0x000001eb1b728260 VMThread "VM Thread"                           [id=30336, stack(0x000000d5f3900000,0x000000d5f3a00000) (1024K)]
  0x000001eb33090cd0 WatcherThread "VM Periodic Task Thread"        [id=28652, stack(0x000000d5f3800000,0x000000d5f3900000) (1024K)]
  0x000001eb0f053550 WorkerThread "GC Thread#0"                     [id=17992, stack(0x000000d5f3300000,0x000000d5f3400000) (1024K)]
  0x000001eb79425fb0 WorkerThread "GC Thread#1"                     [id=8420, stack(0x000000d5f4d00000,0x000000d5f4e00000) (1024K)]
  0x000001eb79426b70 WorkerThread "GC Thread#2"                     [id=2264, stack(0x000000d5f4e00000,0x000000d5f4f00000) (1024K)]
  0x000001eb79437160 WorkerThread "GC Thread#3"                     [id=3144, stack(0x000000d5f4f00000,0x000000d5f5000000) (1024K)]
  0x000001eb79437910 WorkerThread "GC Thread#4"                     [id=17572, stack(0x000000d5f5000000,0x000000d5f5100000) (1024K)]
  0x000001eb79437cb0 WorkerThread "GC Thread#5"                     [id=22980, stack(0x000000d5f5100000,0x000000d5f5200000) (1024K)]
  0x000001eb79438e70 WorkerThread "GC Thread#6"                     [id=3480, stack(0x000000d5f5200000,0x000000d5f5300000) (1024K)]
  0x000001eb79439210 WorkerThread "GC Thread#7"                     [id=28256, stack(0x000000d5f5300000,0x000000d5f5400000) (1024K)]
  0x000001eb7943a1d0 WorkerThread "GC Thread#8"                     [id=16532, stack(0x000000d5f5400000,0x000000d5f5500000) (1024K)]
  0x000001eb7943ad00 WorkerThread "GC Thread#9"                     [id=27340, stack(0x000000d5f5500000,0x000000d5f5600000) (1024K)]
  0x000001eb7943a5c0 WorkerThread "GC Thread#10"                    [id=2348, stack(0x000000d5f5600000,0x000000d5f5700000) (1024K)]
  0x000001eb7943a960 WorkerThread "GC Thread#11"                    [id=10012, stack(0x000000d5f5700000,0x000000d5f5800000) (1024K)]
  0x000001eb7943b0a0 WorkerThread "GC Thread#12"                    [id=21380, stack(0x000000d5f5800000,0x000000d5f5900000) (1024K)]
  0x000001eb7943bf20 WorkerThread "GC Thread#13"                    [id=16612, stack(0x000000d5f5900000,0x000000d5f5a00000) (1024K)]
  0x000001eb7943b440 WorkerThread "GC Thread#14"                    [id=14992, stack(0x000000d5f5a00000,0x000000d5f5b00000) (1024K)]
  0x000001eb7943bb80 WorkerThread "GC Thread#15"                    [id=3552, stack(0x000000d5f5b00000,0x000000d5f5c00000) (1024K)]
  0x000001eb7943b7e0 WorkerThread "GC Thread#16"                    [id=30284, stack(0x000000d5f5c00000,0x000000d5f5d00000) (1024K)]
  0x000001eb794493e0 WorkerThread "GC Thread#17"                    [id=6420, stack(0x000000d5f5d00000,0x000000d5f5e00000) (1024K)]
  0x000001eb79449780 WorkerThread "GC Thread#18"                    [id=3828, stack(0x000000d5f5e00000,0x000000d5f5f00000) (1024K)]
  0x000001eb79449b20 WorkerThread "GC Thread#19"                    [id=23488, stack(0x000000d5f5f00000,0x000000d5f6000000) (1024K)]
  0x000001eb79448ca0 WorkerThread "GC Thread#20"                    [id=23144, stack(0x000000d5f6000000,0x000000d5f6100000) (1024K)]
  0x000001eb794476e0 WorkerThread "GC Thread#21"                    [id=7704, stack(0x000000d5f6100000,0x000000d5f6200000) (1024K)]
  0x000001eb794481c0 WorkerThread "GC Thread#22"                    [id=19196, stack(0x000000d5f6200000,0x000000d5f6300000) (1024K)]
  0x000001eb0f0644f0 ConcurrentGCThread "G1 Main Marker"            [id=19104, stack(0x000000d5f3400000,0x000000d5f3500000) (1024K)]
  0x000001eb0f064ff0 WorkerThread "G1 Conc#0"                       [id=7760, stack(0x000000d5f3500000,0x000000d5f3600000) (1024K)]
  0x000001eb79449ec0 WorkerThread "G1 Conc#1"                       [id=25484, stack(0x000000d5f6300000,0x000000d5f6400000) (1024K)]
  0x000001eb7944a260 WorkerThread "G1 Conc#2"                       [id=30564, stack(0x000000d5f6400000,0x000000d5f6500000) (1024K)]
  0x000001eb79449040 WorkerThread "G1 Conc#3"                       [id=23636, stack(0x000000d5f6500000,0x000000d5f6600000) (1024K)]
  0x000001eb79448560 WorkerThread "G1 Conc#4"                       [id=27964, stack(0x000000d5f6600000,0x000000d5f6700000) (1024K)]
  0x000001eb79446860 WorkerThread "G1 Conc#5"                       [id=30708, stack(0x000000d5f6700000,0x000000d5f6800000) (1024K)]
  0x000001eb1b65b210 ConcurrentGCThread "G1 Refine#0"               [id=18188, stack(0x000000d5f3600000,0x000000d5f3700000) (1024K)]
  0x000001eb1b65bc90 ConcurrentGCThread "G1 Service"                [id=10796, stack(0x000000d5f3700000,0x000000d5f3800000) (1024K)]
Total: 34

Threads with active compile tasks:
Total: 0

VM state: not at safepoint (normal execution)

VM Mutex/Monitor currently owned by a thread: None

Heap address: 0x0000000403000000, size: 16336 MB, Compressed Oops mode: Zero based, Oop shift amount: 3

CDS archive(s) mapped at: [0x000001eb34000000-0x000001eb34c90000-0x000001eb34c90000), size 13172736, SharedBaseAddress: 0x000001eb34000000, ArchiveRelocationMode: 1.
Compressed class space mapped at: 0x000001eb35000000-0x000001eb75000000, reserved size: 1073741824
Narrow klass base: 0x000001eb34000000, Narrow klass shift: 0, Narrow klass range: 0x100000000

GC Precious Log:
 CardTable entry size: 512
 Card Set container configuration: InlinePtr #cards 4 size 8 Array Of Cards #cards 64 size 144 Howl #buckets 8 coarsen threshold 14745 Howl Bitmap #cards 2048 size 272 coarsen threshold 1843 Card regions per heap region 1 cards per card region 16384
 CPUs: 32 total, 32 available
 Memory: 65343M
 Large Page Support: Disabled
 NUMA Support: Disabled
 Compressed Oops: Enabled (Zero based)
 Heap Region Size: 8M
 Heap Min Capacity: 8M
 Heap Initial Capacity: 1G
 Heap Max Capacity: 16336M
 Pre-touch: Disabled
 Parallel Workers: 23
 Concurrent Workers: 6
 Concurrent Refinement Workers: 23
 Periodic GC: Disabled

Heap:
 garbage-first heap   total 114688K, used 47506K [0x0000000403000000, 0x0000000800000000)
  region size 8192K, 5 young (40960K), 1 survivors (8192K)
 Metaspace       used 38984K, committed 39616K, reserved 1114112K
  class space    used 5178K, committed 5440K, reserved 1048576K

Heap Regions: E=young(eden), S=young(survivor), O=old, HS=humongous(starts), HC=humongous(continues), CS=collection set, F=free, TAMS=top-at-mark-start, PB=parsable bottom
|   0|0x0000000403000000, 0x0000000403800000, 0x0000000403800000|100%| O|  |TAMS 0x0000000403000000| PB 0x0000000403000000| Untracked 
|   1|0x0000000403800000, 0x0000000403ecf8a0, 0x0000000404000000| 85%| O|Cm|TAMS 0x0000000403800000| PB 0x0000000403800000| Complete 
|   2|0x0000000404000000, 0x0000000404000000, 0x0000000404800000|  0%| F|  |TAMS 0x0000000404000000| PB 0x0000000404000000| Untracked 
|   3|0x0000000404800000, 0x0000000404800000, 0x0000000405000000|  0%| F|  |TAMS 0x0000000404800000| PB 0x0000000404800000| Untracked 
|   4|0x0000000405000000, 0x0000000405000000, 0x0000000405800000|  0%| F|  |TAMS 0x0000000405000000| PB 0x0000000405000000| Untracked 
|   5|0x0000000405800000, 0x0000000405800000, 0x0000000406000000|  0%| F|  |TAMS 0x0000000405800000| PB 0x0000000405800000| Untracked 
|   6|0x0000000406000000, 0x0000000406000000, 0x0000000406800000|  0%| F|  |TAMS 0x0000000406000000| PB 0x0000000406000000| Untracked 
|   7|0x0000000406800000, 0x0000000406800000, 0x0000000407000000|  0%| F|  |TAMS 0x0000000406800000| PB 0x0000000406800000| Untracked 
|   8|0x0000000407000000, 0x0000000407000000, 0x0000000407800000|  0%| F|  |TAMS 0x0000000407000000| PB 0x0000000407000000| Untracked 
|   9|0x0000000407800000, 0x0000000407a9ed90, 0x0000000408000000| 32%| E|  |TAMS 0x0000000407800000| PB 0x0000000407800000| Complete 
|  10|0x0000000408000000, 0x0000000408800000, 0x0000000408800000|100%| E|CS|TAMS 0x0000000408000000| PB 0x0000000408000000| Complete 
|  11|0x0000000408800000, 0x0000000409000000, 0x0000000409000000|100%| E|CS|TAMS 0x0000000408800000| PB 0x0000000408800000| Complete 
| 121|0x000000043f800000, 0x000000043ff952c0, 0x0000000440000000| 94%| S|CS|TAMS 0x000000043f800000| PB 0x000000043f800000| Complete 
| 127|0x0000000442800000, 0x0000000443000000, 0x0000000443000000|100%| E|CS|TAMS 0x0000000442800000| PB 0x0000000442800000| Complete 

Card table byte_map: [0x000001eb1d720000,0x000001eb1f710000] _byte_map_base: 0x000001eb1b708000

Marking Bits: (CMBitMap*) 0x000001eb0f053a60
 Bits: [0x000001eb1f710000, 0x000001eb2f650000)

Polling page: 0x000001eb0e7a0000

Metaspace:

Usage:
  Non-class:     33.01 MB used.
      Class:      5.06 MB used.
       Both:     38.07 MB used.

Virtual space:
  Non-class space:       64.00 MB reserved,      33.38 MB ( 52%) committed,  1 nodes.
      Class space:        1.00 GB reserved,       5.31 MB ( <1%) committed,  1 nodes.
             Both:        1.06 GB reserved,      38.69 MB (  4%) committed. 

Chunk freelists:
   Non-Class:  13.84 MB
       Class:  10.72 MB
        Both:  24.56 MB

MaxMetaspaceSize: unlimited
CompressedClassSpaceSize: 1.00 GB
Initial GC threshold: 21.00 MB
Current GC threshold: 59.31 MB
CDS: on
 - commit_granule_bytes: 65536.
 - commit_granule_words: 8192.
 - virtual_space_node_default_size: 8388608.
 - enlarge_chunks_in_place: 1.
 - use_allocation_guard: 0.


Internal statistics:

num_allocs_failed_limit: 8.
num_arena_births: 838.
num_arena_deaths: 0.
num_vsnodes_births: 2.
num_vsnodes_deaths: 0.
num_space_committed: 619.
num_space_uncommitted: 0.
num_chunks_returned_to_freelist: 8.
num_chunks_taken_from_freelist: 2134.
num_chunk_merges: 8.
num_chunk_splits: 1482.
num_chunks_enlarged: 1061.
num_inconsistent_stats: 0.

CodeCache: size=49152Kb used=13877Kb max_used=13877Kb free=35274Kb
 bounds [0x000001eb17430000, 0x000001eb181c0000, 0x000001eb1a430000]
 total_blobs=5414 nmethods=4768 adapters=562
 compilation: enabled
              stopped_count=0, restarted_count=0
 full_count=0

Compilation events (20 events):
Event: 2.268 Thread 0x000001eb330b3d90 nmethod 4805 0x000001eb181b6890 code [0x000001eb181b6a60, 0x000001eb181b6bf0]
Event: 2.268 Thread 0x000001eb3314f880 nmethod 4807 0x000001eb181b6d10 code [0x000001eb181b6ec0, 0x000001eb181b7028]
Event: 2.268 Thread 0x000001eb3314d670 nmethod 4806 0x000001eb181b7110 code [0x000001eb181b72c0, 0x000001eb181b73f0]
Event: 2.268 Thread 0x000001eb3314f880 4808       1       org.bouncycastle.math.raw.Nat::addTo (53 bytes)
Event: 2.268 Thread 0x000001eb3314f880 nmethod 4808 0x000001eb181b7590 code [0x000001eb181b7740, 0x000001eb181b7898]
Event: 2.269 Thread 0x000001eb3314e410 nmethod 4802 0x000001eb181b7a10 code [0x000001eb181b7da0, 0x000001eb181b9260]
Event: 2.273 Thread 0x000001eb3314c8d0 4809       1       java.lang.Long::parseLong (272 bytes)
Event: 2.274 Thread 0x000001eb3314c8d0 nmethod 4809 0x000001eb181b9f90 code [0x000001eb181ba2e0, 0x000001eb181baf30]
Event: 2.278 Thread 0x000001eb3314cfa0 4810       1       com.esotericsoftware.kryo.Registration::getId (5 bytes)
Event: 2.278 Thread 0x000001eb3314cfa0 nmethod 4810 0x000001eb181bc210 code [0x000001eb181bc3a0, 0x000001eb181bc468]
Event: 2.278 Thread 0x000001eb3314e410 4811       1       com.esotericsoftware.kryo.serializers.FieldSerializerConfig::isSetFieldsAsAccessible (5 bytes)
Event: 2.278 Thread 0x000001eb330b3d90 4812       1       java.lang.reflect.Modifier::isTransient (14 bytes)
Event: 2.278 Thread 0x000001eb3314cfa0 4813       1       com.esotericsoftware.kryo.serializers.FieldSerializerConfig::isFieldsCanBeNull (5 bytes)
Event: 2.278 Thread 0x000001eb3314e410 nmethod 4811 0x000001eb181bc510 code [0x000001eb181bc6a0, 0x000001eb181bc770]
Event: 2.278 Thread 0x000001eb330b3d90 nmethod 4812 0x000001eb181bc810 code [0x000001eb181bc9a0, 0x000001eb181bca60]
Event: 2.278 Thread 0x000001eb3314d670 4814       1       jdk.internal.misc.Unsafe::objectFieldOffset (18 bytes)
Event: 2.278 Thread 0x000001eb3314cfa0 nmethod 4813 0x000001eb181bcb10 code [0x000001eb181bcca0, 0x000001eb181bcd70]
Event: 2.278 Thread 0x000001eb3314e410 4815       1       com.esotericsoftware.kryo.serializers.FieldSerializer$CachedField::getField (5 bytes)
Event: 2.278 Thread 0x000001eb3314d670 nmethod 4814 0x000001eb181bce10 code [0x000001eb181bcfc0, 0x000001eb181bd160]
Event: 2.278 Thread 0x000001eb3314e410 nmethod 4815 0x000001eb181bd210 code [0x000001eb181bd3a0, 0x000001eb181bd470]

GC Heap History (16 events):
Event: 0.566 GC heap before
{Heap before GC invocations=0 (full 0):
 garbage-first heap   total 1048576K, used 40960K [0x0000000403000000, 0x0000000800000000)
  region size 8192K, 6 young (49152K), 0 survivors (0K)
 Metaspace       used 9341K, committed 9600K, reserved 1114112K
  class space    used 1182K, committed 1344K, reserved 1048576K
}
Event: 0.571 GC heap after
{Heap after GC invocations=1 (full 0):
 garbage-first heap   total 1048576K, used 7554K [0x0000000403000000, 0x0000000800000000)
  region size 8192K, 1 young (8192K), 1 survivors (8192K)
 Metaspace       used 9341K, committed 9600K, reserved 1114112K
  class space    used 1182K, committed 1344K, reserved 1048576K
}
Event: 0.873 GC heap before
{Heap before GC invocations=2 (full 0):
 garbage-first heap   total 57344K, used 48514K [0x0000000403000000, 0x0000000800000000)
  region size 8192K, 6 young (49152K), 1 survivors (8192K)
 Metaspace       used 17633K, committed 18048K, reserved 1114112K
  class space    used 2346K, committed 2560K, reserved 1048576K
}
Event: 0.877 GC heap after
{Heap after GC invocations=3 (full 0):
 garbage-first heap   total 65536K, used 10552K [0x0000000403000000, 0x0000000800000000)
  region size 8192K, 1 young (8192K), 1 survivors (8192K)
 Metaspace       used 17633K, committed 18048K, reserved 1114112K
  class space    used 2346K, committed 2560K, reserved 1048576K
}
Event: 0.957 GC heap before
{Heap before GC invocations=3 (full 0):
 garbage-first heap   total 65536K, used 26936K [0x0000000403000000, 0x0000000800000000)
  region size 8192K, 4 young (32768K), 1 survivors (8192K)
 Metaspace       used 21109K, committed 21504K, reserved 1114112K
  class space    used 2844K, committed 3008K, reserved 1048576K
}
Event: 0.959 GC heap after
{Heap after GC invocations=4 (full 0):
 garbage-first heap   total 65536K, used 11130K [0x0000000403000000, 0x0000000800000000)
  region size 8192K, 1 young (8192K), 1 survivors (8192K)
 Metaspace       used 21109K, committed 21504K, reserved 1114112K
  class space    used 2844K, committed 3008K, reserved 1048576K
}
Event: 1.205 GC heap before
{Heap before GC invocations=5 (full 0):
 garbage-first heap   total 65536K, used 35706K [0x0000000403000000, 0x0000000800000000)
  region size 8192K, 4 young (32768K), 1 survivors (8192K)
 Metaspace       used 23526K, committed 24000K, reserved 1114112K
  class space    used 3177K, committed 3392K, reserved 1048576K
}
Event: 1.208 GC heap after
{Heap after GC invocations=6 (full 0):
 garbage-first heap   total 65536K, used 14387K [0x0000000403000000, 0x0000000800000000)
  region size 8192K, 1 young (8192K), 1 survivors (8192K)
 Metaspace       used 23526K, committed 24000K, reserved 1114112K
  class space    used 3177K, committed 3392K, reserved 1048576K
}
Event: 1.438 GC heap before
{Heap before GC invocations=6 (full 0):
 garbage-first heap   total 65536K, used 38963K [0x0000000403000000, 0x0000000800000000)
  region size 8192K, 4 young (32768K), 1 survivors (8192K)
 Metaspace       used 26984K, committed 27520K, reserved 1114112K
  class space    used 3658K, committed 3904K, reserved 1048576K
}
Event: 1.442 GC heap after
{Heap after GC invocations=7 (full 0):
 garbage-first heap   total 65536K, used 15585K [0x0000000403000000, 0x0000000800000000)
  region size 8192K, 1 young (8192K), 1 survivors (8192K)
 Metaspace       used 26984K, committed 27520K, reserved 1114112K
  class space    used 3658K, committed 3904K, reserved 1048576K
}
Event: 1.637 GC heap before
{Heap before GC invocations=7 (full 0):
 garbage-first heap   total 65536K, used 40161K [0x0000000403000000, 0x0000000800000000)
  region size 8192K, 4 young (32768K), 1 survivors (8192K)
 Metaspace       used 31513K, committed 32000K, reserved 1114112K
  class space    used 4238K, committed 4480K, reserved 1048576K
}
Event: 1.642 GC heap after
{Heap after GC invocations=8 (full 0):
 garbage-first heap   total 65536K, used 17507K [0x0000000403000000, 0x0000000800000000)
  region size 8192K, 1 young (8192K), 1 survivors (8192K)
 Metaspace       used 31513K, committed 32000K, reserved 1114112K
  class space    used 4238K, committed 4480K, reserved 1048576K
}
Event: 1.796 GC heap before
{Heap before GC invocations=8 (full 0):
 garbage-first heap   total 65536K, used 42083K [0x0000000403000000, 0x0000000800000000)
  region size 8192K, 4 young (32768K), 1 survivors (8192K)
 Metaspace       used 34396K, committed 35008K, reserved 1114112K
  class space    used 4570K, committed 4864K, reserved 1048576K
}
Event: 1.804 GC heap after
{Heap after GC invocations=9 (full 0):
 garbage-first heap   total 557056K, used 23358K [0x0000000403000000, 0x0000000800000000)
  region size 8192K, 1 young (8192K), 1 survivors (8192K)
 Metaspace       used 34396K, committed 35008K, reserved 1114112K
  class space    used 4570K, committed 4864K, reserved 1048576K
}
Event: 2.109 GC heap before
{Heap before GC invocations=9 (full 0):
 garbage-first heap   total 557056K, used 23358K [0x0000000403000000, 0x0000000800000000)
  region size 8192K, 2 young (16384K), 1 survivors (8192K)
 Metaspace       used 35587K, committed 36096K, reserved 1114112K
  class space    used 4691K, committed 4928K, reserved 1048576K
}
Event: 2.111 GC heap after
{Heap after GC invocations=10 (full 0):
 garbage-first heap   total 557056K, used 22930K [0x0000000403000000, 0x0000000800000000)
  region size 8192K, 1 young (8192K), 1 survivors (8192K)
 Metaspace       used 35587K, committed 36096K, reserved 1114112K
  class space    used 4691K, committed 4928K, reserved 1048576K
}

Dll operation events (15 events):
Event: 0.008 Loaded shared library D:\SoftwareSpace\JAVA\java21\jdk21\bin\java.dll
Event: 0.009 Loaded shared library D:\SoftwareSpace\JAVA\java21\jdk21\bin\zip.dll
Event: 0.103 Loaded shared library D:\SoftwareSpace\JAVA\java21\jdk21\bin\instrument.dll
Event: 0.115 Loaded shared library D:\SoftwareSpace\JAVA\java21\jdk21\bin\jimage.dll
Event: 0.119 Loaded shared library D:\SoftwareSpace\JAVA\java21\jdk21\bin\net.dll
Event: 0.120 Loaded shared library D:\SoftwareSpace\JAVA\java21\jdk21\bin\nio.dll
Event: 0.124 Loaded shared library D:\SoftwareSpace\JAVA\java21\jdk21\bin\zip.dll
Event: 0.167 Loaded shared library D:\SoftwareSpace\JAVA\java21\jdk21\bin\management.dll
Event: 0.173 Loaded shared library D:\SoftwareSpace\JAVA\java21\jdk21\bin\management_ext.dll
Event: 0.321 Loaded shared library D:\SoftwareSpace\JAVA\java21\jdk21\bin\extnet.dll
Event: 0.977 Loaded shared library D:\SoftwareSpace\JAVA\java21\jdk21\bin\sunmscapi.dll
Event: 1.807 Loaded shared library D:\SoftwareSpace\JAVA\java21\jdk21\bin\verify.dll
Event: 1.838 Loaded shared library F:\anaconda\anaconda3\Library\bin\snappy.dll
Event: 1.841 Loaded shared library F:\anaconda\anaconda3\Library\bin\bzip2.dll
Event: 1.921 Loaded shared library C:\Users\hcg\AppData\Local\Temp\librocksdbjni14462204868028160261.dll

Deoptimization events (20 events):
Event: 2.278 Thread 0x000001eb7a6c68f0 DEOPT PACKING pc=0x000001eb179de7ec sp=0x000000d5f72fedc0
Event: 2.278 Thread 0x000001eb7a6c68f0 DEOPT UNPACKING pc=0x000001eb17484e42 sp=0x000000d5f72fe2f0 mode 1
Event: 2.278 Thread 0x000001eb7a6c68f0 DEOPT PACKING pc=0x000001eb1805346c sp=0x000000d5f72feed0
Event: 2.278 Thread 0x000001eb7a6c68f0 DEOPT UNPACKING pc=0x000001eb17484e42 sp=0x000000d5f72fe428 mode 1
Event: 2.278 Thread 0x000001eb7a6c68f0 DEOPT PACKING pc=0x000001eb179de7ec sp=0x000000d5f72fee50
Event: 2.278 Thread 0x000001eb7a6c68f0 DEOPT UNPACKING pc=0x000001eb17484e42 sp=0x000000d5f72fe380 mode 1
Event: 2.278 Thread 0x000001eb7a6c68f0 DEOPT PACKING pc=0x000001eb1805346c sp=0x000000d5f72fef60
Event: 2.278 Thread 0x000001eb7a6c68f0 DEOPT UNPACKING pc=0x000001eb17484e42 sp=0x000000d5f72fe4b8 mode 1
Event: 2.278 Thread 0x000001eb7a6c68f0 DEOPT PACKING pc=0x000001eb179de7ec sp=0x000000d5f72fee50
Event: 2.278 Thread 0x000001eb7a6c68f0 DEOPT UNPACKING pc=0x000001eb17484e42 sp=0x000000d5f72fe380 mode 1
Event: 2.278 Thread 0x000001eb7a6c68f0 DEOPT PACKING pc=0x000001eb1805346c sp=0x000000d5f72fef60
Event: 2.278 Thread 0x000001eb7a6c68f0 DEOPT UNPACKING pc=0x000001eb17484e42 sp=0x000000d5f72fe4b8 mode 1
Event: 2.279 Thread 0x000001eb7a6c68f0 DEOPT PACKING pc=0x000001eb179de7ec sp=0x000000d5f72fee50
Event: 2.279 Thread 0x000001eb7a6c68f0 DEOPT UNPACKING pc=0x000001eb17484e42 sp=0x000000d5f72fe380 mode 1
Event: 2.279 Thread 0x000001eb7a6c68f0 DEOPT PACKING pc=0x000001eb1805346c sp=0x000000d5f72fef60
Event: 2.279 Thread 0x000001eb7a6c68f0 DEOPT UNPACKING pc=0x000001eb17484e42 sp=0x000000d5f72fe4b8 mode 1
Event: 2.279 Thread 0x000001eb7a6c68f0 DEOPT PACKING pc=0x000001eb179de7ec sp=0x000000d5f72fee50
Event: 2.279 Thread 0x000001eb7a6c68f0 DEOPT UNPACKING pc=0x000001eb17484e42 sp=0x000000d5f72fe380 mode 1
Event: 2.279 Thread 0x000001eb7a6c68f0 DEOPT PACKING pc=0x000001eb1805346c sp=0x000000d5f72fef60
Event: 2.279 Thread 0x000001eb7a6c68f0 DEOPT UNPACKING pc=0x000001eb17484e42 sp=0x000000d5f72fe4b8 mode 1

Classes loaded (20 events):
Event: 2.276 Loading class org/bouncycastle/asn1/IndefiniteLengthInputStream
Event: 2.276 Loading class org/bouncycastle/asn1/IndefiniteLengthInputStream done
Event: 2.276 Loading class org/bouncycastle/asn1/ASN1Exception
Event: 2.276 Loading class org/bouncycastle/asn1/ASN1Exception done
Event: 2.276 Loading class org/bouncycastle/util/io/Streams
Event: 2.276 Loading class org/bouncycastle/util/io/Streams done
Event: 2.277 Loading class org/bouncycastle/util/io/StreamOverflowException
Event: 2.277 Loading class org/bouncycastle/util/io/StreamOverflowException done
Event: 2.277 Loading class org/bouncycastle/asn1/DERFactory
Event: 2.277 Loading class org/bouncycastle/asn1/DERFactory done
Event: 2.277 Loading class org/bouncycastle/asn1/DERSet
Event: 2.277 Loading class org/bouncycastle/asn1/DERSet done
Event: 2.277 Loading class org/bouncycastle/asn1/DLSet
Event: 2.277 Loading class org/bouncycastle/asn1/DLSet done
Event: 2.277 Loading class org/bouncycastle/asn1/ASN1SetParser
Event: 2.277 Loading class org/bouncycastle/asn1/ASN1SetParser done
Event: 2.277 Loading class org/bouncycastle/asn1/BERSet
Event: 2.277 Loading class org/bouncycastle/asn1/BERSet done
Event: 2.278 Loading class com/esotericsoftware/kryo/io/Output
Event: 2.278 Loading class com/esotericsoftware/kryo/io/Output done

Classes unloaded (0 events):
No events

Classes redefined (0 events):
No events

Internal exceptions (20 events):
Event: 1.557 Thread 0x000001eb0cd00850 Exception <a 'java/lang/NoSuchMethodError'{0x000000043fd44fe8}: 'void java.lang.invoke.DirectMethodHandle$Holder.invokeInterface(java.lang.Object, java.lang.Object, int)'> (0x000000043fd44fe8) 
thrown [s\open\src\hotspot\share\interpreter\linkResolver.cpp, line 773]
Event: 1.558 Thread 0x000001eb0cd00850 Exception <a 'java/lang/IncompatibleClassChangeError'{0x000000043fd87ed0}: Found class java.lang.Object, but interface was expected> (0x000000043fd87ed0) 
thrown [s\open\src\hotspot\share\interpreter\linkResolver.cpp, line 840]
Event: 1.559 Thread 0x000001eb0cd00850 Exception <a 'java/lang/NoSuchMethodError'{0x000000043fda5020}: 'void java.lang.invoke.DirectMethodHandle$Holder.invokeStatic(java.lang.Object, int, java.lang.Object)'> (0x000000043fda5020) 
thrown [s\open\src\hotspot\share\interpreter\linkResolver.cpp, line 773]
Event: 1.561 Thread 0x000001eb0cd00850 Exception <a 'java/lang/NoSuchMethodError'{0x000000043fddce18}: 'void java.lang.invoke.DirectMethodHandle$Holder.invokeStatic(java.lang.Object, java.lang.Object, java.lang.Object, int, java.lang.Object)'> (0x000000043fddce18) 
thrown [s\open\src\hotspot\share\interpreter\linkResolver.cpp, line 773]
Event: 1.561 Thread 0x000001eb0cd00850 Exception <a 'java/lang/NoSuchMethodError'{0x000000043fde3658}: 'java.lang.Object java.lang.invoke.DirectMethodHandle$Holder.newInvokeSpecial(java.lang.Object, java.lang.Object, java.lang.Object, int)'> (0x000000043fde3658) 
thrown [s\open\src\hotspot\share\interpreter\linkResolver.cpp, line 773]
Event: 1.561 Thread 0x000001eb0cd00850 Exception <a 'java/lang/NoSuchMethodError'{0x000000043fde74d8}: 'java.lang.Object java.lang.invoke.DirectMethodHandle$Holder.invokeSpecial(java.lang.Object, java.lang.Object, java.lang.Object, java.lang.Object, int)'> (0x000000043fde74d8) 
thrown [s\open\src\hotspot\share\interpreter\linkResolver.cpp, line 773]
Event: 1.561 Thread 0x000001eb0cd00850 Exception <a 'java/lang/NoSuchMethodError'{0x000000043fdea960}: 'java.lang.Object java.lang.invoke.Invokers$Holder.linkToTargetMethod(java.lang.Object, java.lang.Object, int, java.lang.Object)'> (0x000000043fdea960) 
thrown [s\open\src\hotspot\share\interpreter\linkResolver.cpp, line 773]
Event: 1.649 Thread 0x000001eb0cd00850 Exception <a 'java/lang/NoSuchMethodError'{0x0000000442876e78}: 'int java.lang.invoke.DelegatingMethodHandle$Holder.reinvoke_L(java.lang.Object, java.lang.Object, java.lang.Object, java.lang.Object)'> (0x0000000442876e78) 
thrown [s\open\src\hotspot\share\interpreter\linkResolver.cpp, line 773]
Event: 1.661 Thread 0x000001eb0cd00850 Exception <a 'java/io/FileNotFoundException'{0x00000004429d3648}> (0x00000004429d3648) 
thrown [s\open\src\hotspot\share\prims\jni.cpp, line 520]
Event: 1.686 Thread 0x000001eb0cd00850 Exception <a 'java/lang/NoSuchMethodError'{0x0000000442d88b38}: 'int java.lang.invoke.DirectMethodHandle$Holder.invokeInterface(java.lang.Object, java.lang.Object, java.lang.Object, java.lang.Object)'> (0x0000000442d88b38) 
thrown [s\open\src\hotspot\share\interpreter\linkResolver.cpp, line 773]
Event: 1.706 Thread 0x000001eb0cd00850 Exception <a 'java/lang/NoSuchMethodError'{0x000000043f8122d8}: 'long java.lang.invoke.DirectMethodHandle$Holder.invokeVirtual(java.lang.Object, java.lang.Object)'> (0x000000043f8122d8) 
thrown [s\open\src\hotspot\share\interpreter\linkResolver.cpp, line 773]
Event: 1.718 Thread 0x000001eb0cd00850 Exception <a 'java/lang/NoSuchMethodError'{0x000000043f98eb88}: 'void java.lang.invoke.DirectMethodHandle$Holder.invokeVirtual(java.lang.Object, java.lang.Object, long)'> (0x000000043f98eb88) 
thrown [s\open\src\hotspot\share\interpreter\linkResolver.cpp, line 773]
Event: 1.732 Thread 0x000001eb0cd00850 Exception <a 'java/lang/NoSuchMethodError'{0x000000043fb3ee98}: 'void java.lang.invoke.Invokers$Holder.invokeExact_MT(java.lang.Object, java.lang.Object, java.lang.Object, java.lang.Object)'> (0x000000043fb3ee98) 
thrown [s\open\src\hotspot\share\interpreter\linkResolver.cpp, line 773]
Event: 1.747 Thread 0x000001eb0cd00850 Exception <a 'java/lang/NoSuchMethodError'{0x0000000405978e28}: 'int java.lang.invoke.DirectMethodHandle$Holder.invokeStatic(java.lang.Object, int, java.lang.Object)'> (0x0000000405978e28) 
thrown [s\open\src\hotspot\share\interpreter\linkResolver.cpp, line 773]
Event: 2.138 Thread 0x000001eb0cd00850 Exception <a 'java/lang/IncompatibleClassChangeError'{0x0000000442a78e58}: Found class java.lang.Object, but interface was expected> (0x0000000442a78e58) 
thrown [s\open\src\hotspot\share\interpreter\linkResolver.cpp, line 840]
Event: 2.207 Thread 0x000001eb0cd00850 Exception <a 'java/lang/NullPointerException'{0x0000000442bb7758}> (0x0000000442bb7758) 
thrown [s\open\src\hotspot\share\interpreter\linkResolver.cpp, line 1372]
Event: 2.222 Thread 0x000001eb7a356df0 Exception <a 'java/lang/InterruptedException'{0x0000000408281df8}: sleep interrupted> (0x0000000408281df8) 
thrown [s\open\src\hotspot\share\prims\jvm.cpp, line 3074]
Event: 2.233 Thread 0x000001eb0cd00850 Exception <a 'java/lang/NoClassDefFoundError'{0x000000040836d7f8}: jakarta/validation/ValidationException> (0x000000040836d7f8) 
thrown [s\open\src\hotspot\share\classfile\systemDictionary.cpp, line 301]
Event: 2.233 Thread 0x000001eb0cd00850 Exception <a 'java/lang/NoClassDefFoundError'{0x0000000408374d60}: liquibase/exception/ChangeLogParseException> (0x0000000408374d60) 
thrown [s\open\src\hotspot\share\classfile\systemDictionary.cpp, line 301]
Event: 2.235 Thread 0x000001eb0cd00850 Exception <a 'java/lang/NoClassDefFoundError'{0x00000004083a4a68}: org/springframework/jdbc/CannotGetJdbcConnectionException> (0x00000004083a4a68) 
thrown [s\open\src\hotspot\share\classfile\systemDictionary.cpp, line 301]

ZGC Phase Switch (0 events):
No events

VM Operations (20 events):
Event: 1.694 Executing VM operation: HandshakeAllThreads (Deoptimize)
Event: 1.694 Executing VM operation: HandshakeAllThreads (Deoptimize) done
Event: 1.709 Executing VM operation: HandshakeAllThreads (Deoptimize)
Event: 1.709 Executing VM operation: HandshakeAllThreads (Deoptimize) done
Event: 1.748 Executing VM operation: HandshakeAllThreads (Deoptimize)
Event: 1.748 Executing VM operation: HandshakeAllThreads (Deoptimize) done
Event: 1.760 Executing VM operation: HandshakeAllThreads (Deoptimize)
Event: 1.760 Executing VM operation: HandshakeAllThreads (Deoptimize) done
Event: 1.796 Executing VM operation: G1CollectForAllocation (G1 Evacuation Pause)
Event: 1.804 Executing VM operation: G1CollectForAllocation (G1 Evacuation Pause) done
Event: 2.109 Executing VM operation: CollectForMetadataAllocation (Metadata GC Threshold)
Event: 2.111 Executing VM operation: CollectForMetadataAllocation (Metadata GC Threshold) done
Event: 2.118 Executing VM operation: G1PauseRemark
Event: 2.119 Executing VM operation: G1PauseRemark done
Event: 2.121 Executing VM operation: G1PauseCleanup
Event: 2.121 Executing VM operation: G1PauseCleanup done
Event: 2.199 Executing VM operation: HandshakeAllThreads (Deoptimize)
Event: 2.199 Executing VM operation: HandshakeAllThreads (Deoptimize) done
Event: 2.207 Executing VM operation: HandshakeAllThreads (Deoptimize)
Event: 2.207 Executing VM operation: HandshakeAllThreads (Deoptimize) done

Events (20 events):
Event: 2.119 Thread 0x000001eb1b728260 flushing nmethod 0x000001eb17a90090
Event: 2.119 Thread 0x000001eb1b728260 flushing nmethod 0x000001eb179f5f90
Event: 2.119 Thread 0x000001eb1b728260 flushing nmethod 0x000001eb179e1090
Event: 2.119 Thread 0x000001eb1b728260 flushing nmethod 0x000001eb179ded10
Event: 2.119 Thread 0x000001eb1b728260 flushing nmethod 0x000001eb1779dc10
Event: 2.119 Thread 0x000001eb1b728260 flushing nmethod 0x000001eb1777ae10
Event: 2.119 Thread 0x000001eb1b728260 flushing nmethod 0x000001eb1778df90
Event: 2.119 Thread 0x000001eb1b728260 flushing nmethod 0x000001eb1779e990
Event: 2.119 Thread 0x000001eb1b728260 flushing nmethod 0x000001eb17748710
Event: 2.119 Thread 0x000001eb1b728260 flushing nmethod 0x000001eb176ea310
Event: 2.119 Thread 0x000001eb1b728260 flushing nmethod 0x000001eb176ec190
Event: 2.119 Thread 0x000001eb1b728260 flushing nmethod 0x000001eb176bf590
Event: 2.120 Thread 0x000001eb7a6c6260 Thread added: 0x000001eb7a6c6260
Event: 2.123 Thread 0x000001eb7a6c6260 Thread exited: 0x000001eb7a6c6260
Event: 2.201 Thread 0x000001eb7a6c5540 Thread added: 0x000001eb7a6c5540
Event: 2.222 Thread 0x000001eb7a35b910 Thread exited: 0x000001eb7a35b910
Event: 2.223 Thread 0x000001eb7a35a290 Thread exited: 0x000001eb7a35a290
Event: 2.223 Thread 0x000001eb7a356df0 Thread exited: 0x000001eb7a356df0
Event: 2.241 Thread 0x000001eb0cd00850 Thread exited: 0x000001eb0cd00850
Event: 2.241 Thread 0x000001eb7a6c6260 Thread added: 0x000001eb7a6c6260


Dynamic libraries:
0x00007ff621560000 - 0x00007ff621570000 	D:\SoftwareSpace\JAVA\java21\jdk21\bin\java.exe
0x00007ffdde430000 - 0x00007ffdde644000 	C:\WINDOWS\SYSTEM32\ntdll.dll
0x00007ffddc4a0000 - 0x00007ffddc564000 	C:\WINDOWS\System32\KERNEL32.DLL
0x00007ffddb9a0000 - 0x00007ffddbd44000 	C:\WINDOWS\System32\KERNELBASE.dll
0x00007ffddb880000 - 0x00007ffddb991000 	C:\WINDOWS\System32\ucrtbase.dll
0x00007ffdc97a0000 - 0x00007ffdc97b9000 	D:\SoftwareSpace\JAVA\java21\jdk21\bin\jli.dll
0x00007ffdca9a0000 - 0x00007ffdca9bb000 	D:\SoftwareSpace\JAVA\java21\jdk21\bin\VCRUNTIME140.dll
0x00007ffddc900000 - 0x00007ffddc9b0000 	C:\WINDOWS\System32\ADVAPI32.dll
0x00007ffddc1c0000 - 0x00007ffddc267000 	C:\WINDOWS\System32\msvcrt.dll
0x00007ffddcd90000 - 0x00007ffddce36000 	C:\WINDOWS\System32\sechost.dll
0x00007ffddd2f0000 - 0x00007ffddd407000 	C:\WINDOWS\System32\RPCRT4.dll
0x00007ffddcbe0000 - 0x00007ffddcd8e000 	C:\WINDOWS\System32\USER32.dll
0x00007ffddbe80000 - 0x00007ffddbea6000 	C:\WINDOWS\System32\win32u.dll
0x00007ffddce40000 - 0x00007ffddce69000 	C:\WINDOWS\System32\GDI32.dll
0x00007ffdcb880000 - 0x00007ffdcbb13000 	C:\WINDOWS\WinSxS\amd64_microsoft.windows.common-controls_6595b64144ccf1df_6.0.22621.2215_none_270d72677387dfc3\COMCTL32.dll
0x00007ffddc0a0000 - 0x00007ffddc1b8000 	C:\WINDOWS\System32\gdi32full.dll
0x00007ffddb7e0000 - 0x00007ffddb87a000 	C:\WINDOWS\System32\msvcp_win.dll
0x00007ffdcf330000 - 0x00007ffdcf33a000 	C:\WINDOWS\SYSTEM32\VERSION.dll
0x00007ffddc320000 - 0x00007ffddc351000 	C:\WINDOWS\System32\IMM32.DLL
0x00007ffdd64e0000 - 0x00007ffdd64ec000 	D:\SoftwareSpace\JAVA\java21\jdk21\bin\vcruntime140_1.dll
0x00007ffdb8800000 - 0x00007ffdb888e000 	D:\SoftwareSpace\JAVA\java21\jdk21\bin\msvcp140.dll
0x00007ffd465b0000 - 0x00007ffd472c5000 	D:\SoftwareSpace\JAVA\java21\jdk21\bin\server\jvm.dll
0x00007ffddc360000 - 0x00007ffddc3d1000 	C:\WINDOWS\System32\WS2_32.dll
0x00007ffdda650000 - 0x00007ffdda69d000 	C:\WINDOWS\SYSTEM32\POWRPROF.dll
0x00007ffdd45f0000 - 0x00007ffdd4624000 	C:\WINDOWS\SYSTEM32\WINMM.dll
0x00007ffdda630000 - 0x00007ffdda643000 	C:\WINDOWS\SYSTEM32\UMPDC.dll
0x00007ffdda890000 - 0x00007ffdda8a8000 	C:\WINDOWS\SYSTEM32\kernel.appcore.dll
0x00007ffdd5f80000 - 0x00007ffdd5f8a000 	D:\SoftwareSpace\JAVA\java21\jdk21\bin\jimage.dll
0x00007ffdd9080000 - 0x00007ffdd92ae000 	C:\WINDOWS\SYSTEM32\DBGHELP.DLL
0x00007ffddc570000 - 0x00007ffddc8fa000 	C:\WINDOWS\System32\combase.dll
0x00007ffddce80000 - 0x00007ffddcf57000 	C:\WINDOWS\System32\OLEAUT32.dll
0x00007ffdb6a80000 - 0x00007ffdb6ab2000 	C:\WINDOWS\SYSTEM32\dbgcore.DLL
0x00007ffddc020000 - 0x00007ffddc09a000 	C:\WINDOWS\System32\bcryptPrimitives.dll
0x00007ffdcaca0000 - 0x00007ffdcacdc000 	D:\SoftwareSpace\JAVA\java21\jdk21\bin\jdwp.dll
0x00007ffdd6630000 - 0x00007ffdd663f000 	D:\SoftwareSpace\JAVA\java21\jdk21\bin\instrument.dll
0x00007ffdc9780000 - 0x00007ffdc979f000 	D:\SoftwareSpace\JAVA\java21\jdk21\bin\java.dll
0x00007ffdbb7c0000 - 0x00007ffdbb7d8000 	D:\SoftwareSpace\JAVA\java21\jdk21\bin\zip.dll
0x00007ffdddbc0000 - 0x00007ffdde3e3000 	C:\WINDOWS\System32\SHELL32.dll
0x00007ffdd9730000 - 0x00007ffdda01a000 	C:\WINDOWS\SYSTEM32\windows.storage.dll
0x00007ffdd95f0000 - 0x00007ffdd972e000 	C:\WINDOWS\SYSTEM32\wintypes.dll
0x00007ffddd120000 - 0x00007ffddd213000 	C:\WINDOWS\System32\SHCORE.dll
0x00007ffddd290000 - 0x00007ffddd2ee000 	C:\WINDOWS\System32\shlwapi.dll
0x00007ffddb710000 - 0x00007ffddb736000 	C:\WINDOWS\SYSTEM32\profapi.dll
0x00007ffdd6500000 - 0x00007ffdd650c000 	D:\SoftwareSpace\JAVA\java21\jdk21\bin\dt_socket.dll
0x00007ffdda2f0000 - 0x00007ffdda31d000 	C:\WINDOWS\SYSTEM32\IPHLPAPI.DLL
0x00007ffddad50000 - 0x00007ffddadb9000 	C:\WINDOWS\system32\mswsock.dll
0x00007ffdd0bd0000 - 0x00007ffdd0be0000 	D:\SoftwareSpace\JAVA\java21\jdk21\bin\net.dll
0x00007ffdd5150000 - 0x00007ffdd5287000 	C:\WINDOWS\SYSTEM32\WINHTTP.dll
0x00007ffdc94e0000 - 0x00007ffdc94f6000 	D:\SoftwareSpace\JAVA\java21\jdk21\bin\nio.dll
0x00007ffdda320000 - 0x00007ffdda412000 	C:\WINDOWS\SYSTEM32\DNSAPI.dll
0x00007ffddce70000 - 0x00007ffddce79000 	C:\WINDOWS\System32\NSI.dll
0x00007ffdcf320000 - 0x00007ffdcf32a000 	C:\Windows\System32\rasadhlp.dll
0x00007ffdd3340000 - 0x00007ffdd33c4000 	C:\WINDOWS\System32\fwpuclnt.dll
0x00007ffdd64f0000 - 0x00007ffdd64fa000 	D:\SoftwareSpace\JAVA\java21\jdk21\bin\management.dll
0x00007ffdcac10000 - 0x00007ffdcac1b000 	D:\SoftwareSpace\JAVA\java21\jdk21\bin\management_ext.dll
0x00007ffddd420000 - 0x00007ffddd428000 	C:\WINDOWS\System32\PSAPI.DLL
0x00007ffddafa0000 - 0x00007ffddafbb000 	C:\WINDOWS\SYSTEM32\CRYPTSP.dll
0x00007ffdda850000 - 0x00007ffdda885000 	C:\WINDOWS\system32\rsaenh.dll
0x00007ffddae00000 - 0x00007ffddae2c000 	C:\WINDOWS\SYSTEM32\USERENV.dll
0x00007ffddb1b0000 - 0x00007ffddb1d8000 	C:\WINDOWS\SYSTEM32\bcrypt.dll
0x00007ffddaf60000 - 0x00007ffddaf6c000 	C:\WINDOWS\SYSTEM32\CRYPTBASE.dll
0x00007ffdaf820000 - 0x00007ffdaf837000 	C:\WINDOWS\system32\napinsp.dll
0x00007ffdaf8d0000 - 0x00007ffdaf8eb000 	C:\WINDOWS\system32\pnrpnsp.dll
0x00007ffdae710000 - 0x00007ffdae721000 	C:\WINDOWS\System32\winrnr.dll
0x00007ffdae6c0000 - 0x00007ffdae6d5000 	C:\WINDOWS\system32\wshbth.dll
0x00007ffdadec0000 - 0x00007ffdadee1000 	C:\WINDOWS\system32\nlansp_c.dll
0x00007ffdcae70000 - 0x00007ffdcae77000 	D:\SoftwareSpace\JAVA\java21\jdk21\bin\extnet.dll
0x00007ffdcac00000 - 0x00007ffdcac0e000 	D:\SoftwareSpace\JAVA\java21\jdk21\bin\sunmscapi.dll
0x00007ffddbeb0000 - 0x00007ffddc016000 	C:\WINDOWS\System32\CRYPT32.dll
0x00007ffddb180000 - 0x00007ffddb1ae000 	C:\WINDOWS\SYSTEM32\ncrypt.dll
0x00007ffddb140000 - 0x00007ffddb177000 	C:\WINDOWS\SYSTEM32\NTASN1.dll
0x00007ffdcaa60000 - 0x00007ffdcaa70000 	D:\SoftwareSpace\JAVA\java21\jdk21\bin\verify.dll
0x00007ffdca9c0000 - 0x00007ffdca9d8000 	F:\anaconda\anaconda3\Library\bin\snappy.dll
0x00007ffdbc3d0000 - 0x00007ffdbc402000 	F:\anaconda\anaconda3\Library\bin\bzip2.dll
0x00007ffd47de0000 - 0x00007ffd48500000 	C:\Users\hcg\AppData\Local\Temp\librocksdbjni14462204868028160261.dll

dbghelp: loaded successfully - version: 4.0.5 - missing functions: none
symbol engine: initialized successfully - sym options: 0x614 - pdb path: .;D:\SoftwareSpace\JAVA\java21\jdk21\bin;C:\WINDOWS\SYSTEM32;C:\WINDOWS\WinSxS\amd64_microsoft.windows.common-controls_6595b64144ccf1df_6.0.22621.2215_none_270d72677387dfc3;D:\SoftwareSpace\JAVA\java21\jdk21\bin\server;F:\anaconda\anaconda3\Library\bin;C:\Users\hcg\AppData\Local\Temp

VM Arguments:
jvm_args: -agentlib:jdwp=transport=dt_socket,address=127.0.0.1:11865,suspend=y,server=n -XX:TieredStopAtLevel=1 -Dspring.output.ansi.enabled=always -Dcom.sun.management.jmxremote -Dspring.jmx.enabled=true -Dspring.liveBeansView.mbeanDomain -Dspring.application.admin.enabled=true -Dmanagement.endpoints.jmx.exposure.include=* -javaagent:C:\Users\hcg\AppData\Local\JetBrains\IntelliJIdea2023.3\captureAgent\debugger-agent.jar=file:/C:/Users/hcg/AppData/Local/Temp/capture.props -Dfile.encoding=UTF-8 -Dsun.stdout.encoding=UTF-8 -Dsun.stderr.encoding=UTF-8 
java_command: com.pop.popcoinsystem.PopCoinSystemApplication
java_class_path (initial): F:\workSpace\p2p\PopCoin\pop-coin-system\target\classes;E:\DependencyLibrary\ApacheMaven\apache-maven-3.8.6\localRepository\org\springframework\boot\spring-boot-starter-aop\3.5.0\spring-boot-starter-aop-3.5.0.jar;E:\DependencyLibrary\ApacheMaven\apache-maven-3.8.6\localRepository\org\springframework\boot\spring-boot-starter\3.5.0\spring-boot-starter-3.5.0.jar;E:\DependencyLibrary\ApacheMaven\apache-maven-3.8.6\localRepository\org\springframework\boot\spring-boot\3.5.0\spring-boot-3.5.0.jar;E:\DependencyLibrary\ApacheMaven\apache-maven-3.8.6\localRepository\org\springframework\boot\spring-boot-autoconfigure\3.5.0\spring-boot-autoconfigure-3.5.0.jar;E:\DependencyLibrary\ApacheMaven\apache-maven-3.8.6\localRepository\org\springframework\boot\spring-boot-starter-logging\3.5.0\spring-boot-starter-logging-3.5.0.jar;E:\DependencyLibrary\ApacheMaven\apache-maven-3.8.6\localRepository\ch\qos\logback\logback-classic\1.5.18\logback-classic-1.5.18.jar;E:\DependencyLibrary\ApacheMaven\apache-maven-3.8.6\localRepository\ch\qos\logback\logback-core\1.5.18\logback-core-1.5.18.jar;E:\DependencyLibrary\ApacheMaven\apache-maven-3.8.6\localRepository\org\apache\logging\log4j\log4j-to-slf4j\2.24.3\log4j-to-slf4j-2.24.3.jar;E:\DependencyLibrary\ApacheMaven\apache-maven-3.8.6\localRepository\org\apache\logging\log4j\log4j-api\2.24.3\log4j-api-2.24.3.jar;E:\DependencyLibrary\ApacheMaven\apache-maven-3.8.6\localRepository\org\slf4j\jul-to-slf4j\2.0.17\jul-to-slf4j-2.0.17.jar;E:\DependencyLibrary\ApacheMaven\apache-maven-3.8.6\localRepository\jakarta\annotation\jakarta.annotation-api\2.1.1\jakarta.annotation-api-2.1.1.jar;E:\DependencyLibrary\ApacheMaven\apache-maven-3.8.6\localRepository\org\springframework\spring-core\6.2.7\spring-core-6.2.7.jar;E:\DependencyLibrary\ApacheMaven\apache-maven-3.8.6\localRepository\org\springframework\spring-jcl\6.2.7\spring-jcl-6.2.7.jar;E:\DependencyLibrary\ApacheMaven\apache-maven-3.8.6\localRepository\org\springframework\spring-aop\6.2.7\spring-aop-6.2.7.jar;E:\DependencyLibrary\ApacheMaven\apache-maven-3.8.6\localRepository\org\springframework\spring-beans\6.2.7\spring-beans-6.2.7.jar;E:\DependencyLibrary\ApacheMaven\apache-maven-3.8.6\localRepository\org\aspectj\aspectjweaver\1.9.24\aspectjweaver-1.9.24.jar;E:\DependencyLibrary\ApacheMaven\apache-maven-3.8.6\localRepository\org\springframework\boot\spring-boot-starter-web\3.5.0\spring-boot-starter-web-3.5.0.jar;E:\DependencyLibrary\ApacheMaven\apache-maven-3.8.6\localRepository\org\springframework\boot\spring-boot-starter-json\3.5.0\spring-boot-starter-json-3.5.0.jar;E:\DependencyLibrary\ApacheMaven\apache-maven-3.8.6\localRepository\com\fasterxml\jackson\core\jackson-databind\2.19.0\jackson-databind-2.19.0.jar;E:\DependencyLibrary\ApacheMaven\apache-maven-3.8.6\localRepository\com\fasterxml\jackson\core\jackson-annotations\2.19.0\jackson-annotations-2.19.0.jar;E:\DependencyLibrary\ApacheMaven\apache-maven-3.8.6\localRepository\com\fasterxml\jackson\core\jackson-core\2.19.0\jackson-core-2.19.0.jar;E:\DependencyLibrary\ApacheMaven\apache-maven-3.8.6\localRepository\com\fasterxml\jackson\datatype\jackson-datatype-jdk8\2.19.0\jackson-datatype-jdk8-2.19.0.jar;E:\DependencyLibrary\ApacheMaven\apache-maven-3.8.6\localRepository\com\fasterxml\jackson\datatype\jackson-datatype-jsr310\2.19.0\jackson-datatype-jsr310-2.19.0.jar;E:\DependencyLibrary\ApacheMaven\apache-maven-3.8.6\localRepository\com\fasterxml\jackson\module\jackson-module-parameter-names\2.19.0\jackson-module-parameter-names-2.19.0.jar;E:\DependencyLibrary\ApacheMaven\apache-maven-3.8.6\localRepository\org\springframework\boot\spring-boot-starter-tomcat\3.5.0\spring-boot-starter-tomcat-3.5.0.jar;E:\DependencyLibrary\ApacheMaven\apache-maven-3.8.6\localRepository\org\apache\tomcat\embed\tomcat-embed-core\10.1.41\tomcat-embed-core-10.1.41.jar;E:\DependencyLibrary\ApacheMaven\apache-maven-3.8.6\localRepository\org\apache\tomcat\embed\tomcat-embed-el\10.1.41\tomcat-embed-el-10.1.41.jar;E:\DependencyLibrary\ApacheMaven\apache-maven-3.8.6\localRepository\org\apache\tomcat\embed\tomcat-embed-websocket\10.1.41\tomcat-embed-websocket-10.1.41.jar;E:\DependencyLibrary\ApacheMaven\apache-maven-3.8.6\localRepository\org\springframework\spring-web\6.2.7\spring-web-6.2.7.jar;E:\DependencyLibrary\ApacheMaven\apache-maven-3.8.6\localRepository\io\micrometer\micrometer-observation\1.15.0\micrometer-observation-1.15.0.jar;E:\DependencyLibrary\ApacheMaven\apache-maven-3.8.6\localRepository\io\micrometer\micrometer-commons\1.15.0\micrometer-commons-1.15.0.jar;E:\DependencyLibrary\ApacheMaven\apache-maven-3.8.6\localRepository\org\springframework\spring-webmvc\6.2.7\spring-webmvc-6.2.7.jar;E:\DependencyLibrary\ApacheMaven\apache-maven-3.8.6\localRepository\org\springframework\spring-context\6.2.7\spring-context-6.2.7.jar;E:\DependencyLibrary\ApacheMaven\apache-maven-3.8.6\localRepository\org\springframework\spring-expression\6.2.7\spring-expression-6.2.7.jar;E:\DependencyLibrary\ApacheMaven\apache-maven-3.8.6\localRepository\org\bouncycastle\bcprov-jdk15on\1.59\bcprov-jdk15on-1.59.jar;E:\DependencyLibrary\ApacheMaven\apache-maven-3.8.6\localRepository\org\yaml\snakeyaml\2.2\snakeyaml-2.2.jar;E:\DependencyLibrary\ApacheMaven\apache-maven-3.8.6\localRepository\org\jetbrains\annotations\24.0.1\annotations-24.0.1.jar;E:\DependencyLibrary\ApacheMaven\apache-maven-3.8.6\localRepository\org\rocksdb\rocksdbjni\7.10.2\rocksdbjni-7.10.2.jar;E:\DependencyLibrary\ApacheMaven\apache-maven-3.8.6\localRepository\org\apache\commons\commons-lang3\3.7\commons-lang3-3.7.jar;E:\DependencyLibrary\ApacheMaven\apache-maven-3.8.6\localRepository\commons-codec\commons-codec\1.15\commons-codec-1.15.jar;E:\DependencyLibrary\ApacheMaven\apache-maven-3.8.6\localRepository\io\netty\netty-all\4.1.66.Final\netty-all-4.1.66.Final.jar;E:\DependencyLibrary\ApacheMaven\apache-maven-3.8.6\localRepository\io\netty\netty-handler\4.1.66.Final\netty-handler-4.1.66.Final.jar;E:\DependencyLibrary\ApacheMaven\apache-maven-3.8.6\localRepository\io\netty\netty-common\4.1.121.Final\netty-common-4.1.121.Final.jar;E:\DependencyLibrary\ApacheMaven\apache-maven-3.8.6\localRepository\io\netty\netty-resolver\4.1.121.Final\netty-resolver-4.1.121.Final.jar;E:\DependencyLibrary\ApacheMaven\apache-maven-3.8.6\localRepository\io\netty\netty-buffer\4.1.121.Final\netty-buffer-4.1.121.Final.jar;E:\DependencyLibrary\ApacheMaven\apache-maven-3.8.6\localRepository\io\netty\netty-codec\4.1.121.Final\netty-codec-4.1.121.Final.jar;E:\DependencyLibrary\ApacheMaven\apache-maven-3.8.6\localRepository\com\google\code\gson\gson\2.8.8\gson-2.8.8.jar;E:\DependencyLibrary\ApacheMaven\apache-maven-3.8.6\localRepository\com\esotericsoftware\kryo\4.0.1\kryo-4.0.1.jar;E:\DependencyLibrary\ApacheMaven\apache-maven-3.8.6\localRepository\com\esotericsoftware\reflectasm\1.11.3\reflectasm-1.11.3.jar;E:\DependencyLibrary\ApacheMaven\apache-maven-3.8.6\localRepository\org\ow2\asm\asm\5.0.4\asm-5.0.4.jar;E:\DependencyLibrary\ApacheMaven\apache-maven-3.8.6\localRepository\com\esotericsoftware\minlog\1.3.0\minlog-1.3.0.jar;E:\DependencyLibrary\ApacheMaven\apache-maven-3.8.6\localRepository\org\objenesis\objenesis\2.5.1\objenesis-2.5.1.jar;E:\DependencyLibrary\ApacheMaven\apache-maven-3.8.6\localRepository\com\google\guava\guava\32.0.0-jre\guava-32.0.0-jre.jar;E:\DependencyLibrary\ApacheMaven\apache-maven-3.8.6\localRepository\com\google\guava\failureaccess\1.0.1\failureaccess-1.0.1.jar;E:\DependencyLibrary\ApacheMaven\apache-maven-3.8.6\localRepository\com\google\guava\listenablefuture\9999.0-empty-to-avoid-conflict-with-guava\listenablefuture-9999.0-empty-to-avoid-conflict-with-guava.jar;E:\DependencyLibrary\ApacheMaven\apache-maven-3.8.6\localRepository\com\google\code\findbugs\jsr305\3.0.2\jsr305-3.0.2.jar;E:\DependencyLibrary\ApacheMaven\apache-maven-3.8.6\localRepository\org\checkerframework\checker-qual\3.33.0\checker-qual-3.33.0.jar;E:\DependencyLibrary\ApacheMaven\apache-maven-3.8.6\localRepository\com\google\errorprone\error_prone_annotations\2.18.0\error_prone_annotations-2.18.0.jar;E:\DependencyLibrary\ApacheMaven\apache-maven-3.8.6\localRepository\com\google\j2objc\j2objc-annotations\2.8\j2objc-annotations-2.8.jar;E:\DependencyLibrary\ApacheMaven\apache-maven-3.8.6\localRepository\org\projectlombok\lombok\1.18.38\lombok-1.18.38.jar;E:\DependencyLibrary\ApacheMaven\apache-maven-3.8.6\localRepository\org\jmdns\jmdns\3.6.0\jmdns-3.6.0.jar;E:\DependencyLibrary\ApacheMaven\apache-maven-3.8.6\localRepository\org\slf4j\slf4j-api\2.0.17\slf4j-api-2.0.17.jar;E:\DependencyLibrary\ApacheMaven\apache-maven-3.8.6\localRepository\io\netty\netty-transport\4.1.121.Final\netty-transport-4.1.121.Final.jar;E:\DependencyLibrary\ApacheMaven\apache-maven-3.8.6\localRepository\com\lmax\disruptor\3.4.4\disruptor-3.4.4.jar;D:\SoftwareSpace\IDEA2023\idea2023\IntelliJ IDEA 2023.3.8\lib\idea_rt.jar
Launcher Type: SUN_STANDARD

[Global flags]
     intx CICompilerCount                          = 15                                        {product} {ergonomic}
     uint ConcGCThreads                            = 6                                         {product} {ergonomic}
     uint G1ConcRefinementThreads                  = 23                                        {product} {ergonomic}
   size_t G1HeapRegionSize                         = 8388608                                   {product} {ergonomic}
    uintx GCDrainStackTargetSize                   = 64                                        {product} {ergonomic}
   size_t InitialHeapSize                          = 1073741824                                {product} {ergonomic}
     bool ManagementServer                         = true                                      {product} {command line}
   size_t MarkStackSize                            = 4194304                                   {product} {ergonomic}
   size_t MaxHeapSize                              = 17129537536                               {product} {ergonomic}
   size_t MaxNewSize                               = 10276044800                               {product} {ergonomic}
   size_t MinHeapDeltaBytes                        = 8388608                                   {product} {ergonomic}
   size_t MinHeapSize                              = 8388608                                   {product} {ergonomic}
    uintx NonNMethodCodeHeapSize                   = 4096                                   {pd product} {ergonomic}
    uintx NonProfiledCodeHeapSize                  = 0                                      {pd product} {ergonomic}
     bool ProfileInterpreter                       = false                                  {pd product} {command line}
    uintx ProfiledCodeHeapSize                     = 0                                      {pd product} {ergonomic}
   size_t SoftMaxHeapSize                          = 17129537536                            {manageable} {ergonomic}
     intx TieredStopAtLevel                        = 1                                         {product} {command line}
     bool UseCompressedOops                        = true                           {product lp64_product} {ergonomic}
     bool UseG1GC                                  = true                                      {product} {ergonomic}
     bool UseLargePagesIndividualAllocation        = false                                  {pd product} {ergonomic}

Logging:
Log output configuration:
 #0: stdout all=warning uptime,level,tags foldmultilines=false
 #1: stderr all=off uptime,level,tags foldmultilines=false

Environment Variables:
JAVA_HOME=D:\SoftwareSpace\JAVA\java17\jdk17
PATH=F:\softwareSpace\VMware\bin\;D:\SoftwareSpace\JAVA\java17\jdk17\bin;D:\SoftwareSpace\JAVA\java17\jdk17\jre\bin;F:\anaconda\anaconda3;F:\anaconda\anaconda3\Library\mingw-w64\bin;F:\anaconda\anaconda3\Library\usr\bin;F:\anaconda\anaconda3\Library\bin;F:\anaconda\anaconda3\Scripts;C:\Windows\system32;C:\Windows;C:\Windows\System32\Wbem;C:\Windows\System32\WindowsPowerShell\v1.0\;C:\Windows\System32\OpenSSH\;C:\Program Files (x86)\NVIDIA Corporation\PhysX\Common;C:\Program Files\NVIDIA Corporation\NVIDIA NvDLISR;C:\WINDOWS\system32;C:\WINDOWS;C:\WINDOWS\System32\Wbem;C:\WINDOWS\System32\WindowsPowerShell\v1.0\;C:\WINDOWS\System32\OpenSSH\;C:\Program Files\dotnet\;D:\SoftwareSpace\git\Git\cmd;D:\SoftwareSpace\MySQL\mysql-8.0.34-winx64\bin;D:\SoftwareSpace\nvmspace\nvm;D:\SoftwareSpace\nodejs;D:\SoftwareSpace\Erlang\erl9.3\bin;D:\SoftwareSpace\pythonSpace\python3.10;D:\SoftwareSpace\pythonSpace\python3.10\Scripts;D:\SoftwareSpace\go\bin;F:\productionEnvironment\elasticSearch\elasticsearch-8.13.4\bin;D:\SoftwareSpace\wechat\web\dll;D:\SoftwareSpace\postgresql-space\bin\;E:\DependencyLibrary\ApacheMaven\apache-maven-3.8.6\bin;F:\productionEnvironment\hadoop\hadoop-2.7.1\bin;C:\Program Files\Docker\Docker\resources\bin;F:\DependencyLibrary\flutter_windows\flutter_windows_3.32.5\bin;D:\Windows Kits\10\Windows Performance Toolkit\;F:\DependencyLibrary\AndroidSdk\platform-tools;C:\Users\hcg\AppData\Local\Pub\Cache\bin;D:\SoftwareSpace\pythonSpace\python3.10\Scripts\;D:\SoftwareSpace\pythonSpace\python3.10\;C:\Users\hcg\AppData\Local\Microsoft\WindowsApps;D:\SoftwareSpace1\Bandizip\;D:\SoftwareSpace\nvmspace\nvm;D:\SoftwareSpace\nodejs;D:\SoftwareSpace\WebStorm2022\WebStorm 2023.2.4\WebStorm 2023.3.8\bin;;D:\SoftwareSpace\pycharmSpace\pycharm2023.2.5\PyCharm 2023.2.5\bin;;D:\SoftwareSpace\IDEA2023\idea2023\IntelliJ IDEA 2023.3.8\bin;;F:\softwareSpace\Cursor\cursor\resources\app\bin;D:\SoftwareSpace\VSCode\Microsoft VS Code\bin
USERNAME=hcg
OS=Windows_NT
PROCESSOR_IDENTIFIER=Intel64 Family 6 Model 183 Stepping 1, GenuineIntel
TMP=C:\Users\hcg\AppData\Local\Temp
TEMP=C:\Users\hcg\AppData\Local\Temp




Periodic native trim disabled

---------------  S Y S T E M  ---------------

OS:
 Windows 11 , 64 bit Build 22621 (10.0.22621.2215)
OS uptime: 0 days 5:41 hours
Hyper-V role detected

CPU: total 32 (initial active 32) (16 cores per cpu, 2 threads per core) family 6 model 183 stepping 1 microcode 0x10f, cx8, cmov, fxsr, ht, mmx, 3dnowpref, sse, sse2, sse3, ssse3, sse4.1, sse4.2, popcnt, lzcnt, tsc, tscinvbit, avx, avx2, aes, erms, clmul, bmi1, bmi2, adx, sha, fma, vzeroupper, clflush, clflushopt, clwb, hv, serialize, rdtscp, rdpid, fsrm, f16c, cet_ibt, cet_ss
Processor Information for all 32 processors :
  Max Mhz: 2200, Current Mhz: 2200, Mhz Limit: 2200

Memory: 4k page, system-wide physical 65343M (42341M free)
TotalPageFile size 69439M (AvailPageFile size 43329M)
current process WorkingSet (physical memory assigned to process): 202M, peak: 202M
current process commit charge ("private bytes"): 306M, peak: 1180M

vm_info: Java HotSpot(TM) 64-Bit Server VM (21.0.1+12-LTS-29) for windows-amd64 JRE (21.0.1+12-LTS-29), built on 2023-10-05T13:27:09Z by "mach5one" with MS VC++ 17.1 (VS2022)

END.
