#
# A fatal error has been detected by the Java Runtime Environment:
#
#  EXCEPTION_ACCESS_VIOLATION (0xc0000005) at pc=0x00007ffc011b910a, pid=4888, tid=28248
#
# JRE version: Java(TM) SE Runtime Environment (21.0.1+12) (build 21.0.1+12-LTS-29)
# Java VM: Java HotSpot(TM) 64-Bit Server VM (21.0.1+12-LTS-29, mixed mode, emulated-client, sharing, tiered, compressed oops, compressed class ptrs, g1 gc, windows-amd64)
# Problematic frame:
# C  [librocksdbjni4933280674472733865.dll+0xf910a]
#
# No core dump will be written. Minidumps are not enabled by default on client versions of Windows
#
# If you would like to submit a bug report, please visit:
#   https://bugreport.java.com/bugreport/crash.jsp
# The crash happened outside the Java Virtual Machine in native code.
# See problematic frame for where to report the bug.
#

---------------  S U M M A R Y ------------

Command Line: -agentlib:jdwp=transport=dt_socket,address=127.0.0.1:4429,suspend=y,server=n -XX:TieredStopAtLevel=1 -Dspring.output.ansi.enabled=always -Dcom.sun.management.jmxremote -Dspring.jmx.enabled=true -Dspring.liveBeansView.mbeanDomain -Dspring.application.admin.enabled=true -Dmanagement.endpoints.jmx.exposure.include=* -javaagent:C:\Users\hcg\AppData\Local\JetBrains\IntelliJIdea2023.3\captureAgent\debugger-agent.jar=file:/C:/Users/hcg/AppData/Local/Temp/capture.props -Dfile.encoding=UTF-8 -Dsun.stdout.encoding=UTF-8 -Dsun.stderr.encoding=UTF-8 com.pop.popcoinsystem.PopCoinSystemApplication

Host: 13th Gen Intel(R) Core(TM) i9-13900HX, 32 cores, 63G,  Windows 11 , 64 bit Build 22621 (10.0.22621.2215)
Time: Sat Aug  2 11:46:50 2025  Windows 11 , 64 bit Build 22621 (10.0.22621.2215) elapsed time: 2.567250 seconds (0d 0h 0m 2s)

---------------  T H R E A D  ---------------

Current thread (0x0000021617a1dea0):  JavaThread "nioEventLoopGroup-6-1"        [_thread_in_native, id=28248, stack(0x00000059e5f00000,0x00000059e6000000) (1024K)]

Stack: [0x00000059e5f00000,0x00000059e6000000],  sp=0x00000059e5ffe350,  free space=1016k
Native frames: (J=compiled Java code, j=interpreted, Vv=VM code, C=native code)
C  [librocksdbjni4933280674472733865.dll+0xf910a]

Java frames: (J=compiled Java code, j=interpreted, Vv=VM code)
j  org.rocksdb.RocksDB.put(J[BII[BIIJ)V+0
j  org.rocksdb.RocksDB.put(Lorg/rocksdb/ColumnFamilyHandle;[B[B)V+17
j  com.pop.popcoinsystem.storage.StorageService.addOrUpdateRouteTableNode(Lcom/pop/popcoinsystem/network/common/ExternalNodeInfo;)V+23
j  com.pop.popcoinsystem.network.common.RoutingTable.update(Lcom/pop/popcoinsystem/network/common/ExternalNodeInfo;)Z+78
j  com.pop.popcoinsystem.network.protocol.messageHandler.PongMessageHandler.doHandle(Lcom/pop/popcoinsystem/network/KademliaNodeServer;Lcom/pop/popcoinsystem/network/protocol/message/PongKademliaMessage;)Lcom/pop/popcoinsystem/network/protocol/message/EmptyKademliaMessage;+36
j  com.pop.popcoinsystem.network.protocol.messageHandler.PongMessageHandler.handleMesage(Lcom/pop/popcoinsystem/network/KademliaNodeServer;Lcom/pop/popcoinsystem/network/protocol/message/KademliaMessage;)Lcom/pop/popcoinsystem/network/protocol/message/KademliaMessage;+6
j  com.pop.popcoinsystem.network.KademliaUdpHandler.channelRead0(Lio/netty/channel/ChannelHandlerContext;Lcom/pop/popcoinsystem/network/protocol/message/KademliaMessage;)V+85
j  com.pop.popcoinsystem.network.KademliaUdpHandler.channelRead0(Lio/netty/channel/ChannelHandlerContext;Ljava/lang/Object;)V+6
j  io.netty.channel.SimpleChannelInboundHandler.channelRead(Lio/netty/channel/ChannelHandlerContext;Ljava/lang/Object;)V+17
j  io.netty.channel.AbstractChannelHandlerContext.invokeChannelRead(Ljava/lang/Object;)V+16
j  io.netty.channel.AbstractChannelHandlerContext.invokeChannelRead(Lio/netty/channel/AbstractChannelHandlerContext;Ljava/lang/Object;)V+31
j  io.netty.channel.AbstractChannelHandlerContext.fireChannelRead(Ljava/lang/Object;)Lio/netty/channel/ChannelHandlerContext;+7
j  io.netty.handler.codec.MessageToMessageDecoder.channelRead(Lio/netty/channel/ChannelHandlerContext;Ljava/lang/Object;)V+75
j  io.netty.channel.AbstractChannelHandlerContext.invokeChannelRead(Ljava/lang/Object;)V+16
j  io.netty.channel.AbstractChannelHandlerContext.invokeChannelRead(Lio/netty/channel/AbstractChannelHandlerContext;Ljava/lang/Object;)V+31
j  io.netty.channel.AbstractChannelHandlerContext.fireChannelRead(Ljava/lang/Object;)Lio/netty/channel/ChannelHandlerContext;+7
j  io.netty.handler.codec.ByteToMessageDecoder.channelRead(Lio/netty/channel/ChannelHandlerContext;Ljava/lang/Object;)V+321
j  io.netty.channel.AbstractChannelHandlerContext.invokeChannelRead(Ljava/lang/Object;)V+16
j  io.netty.channel.AbstractChannelHandlerContext.invokeChannelRead(Lio/netty/channel/AbstractChannelHandlerContext;Ljava/lang/Object;)V+31
j  io.netty.channel.AbstractChannelHandlerContext.fireChannelRead(Ljava/lang/Object;)Lio/netty/channel/ChannelHandlerContext;+7
j  io.netty.channel.DefaultChannelPipeline$HeadContext.channelRead(Lio/netty/channel/ChannelHandlerContext;Ljava/lang/Object;)V+2
j  io.netty.channel.AbstractChannelHandlerContext.invokeChannelRead(Ljava/lang/Object;)V+16
j  io.netty.channel.AbstractChannelHandlerContext.invokeChannelRead(Lio/netty/channel/AbstractChannelHandlerContext;Ljava/lang/Object;)V+31
j  io.netty.channel.DefaultChannelPipeline.fireChannelRead(Ljava/lang/Object;)Lio/netty/channel/ChannelPipeline;+5
j  io.netty.channel.nio.AbstractNioMessageChannel$NioMessageUnsafe.read()V+170
j  io.netty.channel.nio.NioEventLoop.processSelectedKey(Ljava/nio/channels/SelectionKey;Lio/netty/channel/nio/AbstractNioChannel;)V+113
j  io.netty.channel.nio.NioEventLoop.processSelectedKeysOptimized()V+51
j  io.netty.channel.nio.NioEventLoop.processSelectedKeys()V+8
j  io.netty.channel.nio.NioEventLoop.run()V+263
j  io.netty.util.concurrent.SingleThreadEventExecutor$4.run()V+44
j  io.netty.util.internal.ThreadExecutorMap$2.run()V+11
j  io.netty.util.concurrent.FastThreadLocalRunnable.run()V+4
j  java.lang.Thread.runWith(Ljava/lang/Object;Ljava/lang/Runnable;)V+5 java.base@21.0.1
j  java.lang.Thread.run()V+19 java.base@21.0.1
v  ~StubRoutines::call_stub 0x00000215b48b100d

siginfo: EXCEPTION_ACCESS_VIOLATION (0xc0000005), reading address 0x000000000000005f


Registers:
RAX=0xffffffffffffffff, RBX=0x00000000000000c6, RCX=0x0000021617b49200, RDX=0x00000059e5ffe3b0
RSP=0x00000059e5ffe350, RBP=0x00000059e5ffe3c0, RSI=0x0000000000000000, RDI=0x0000021617a1e258
R8 =0x00007ffc0177f018, R9 =0x0000021617d32080, R10=0x00007ffc461c0000, R11=0x00007ffc461c1579
R12=0x0000021617b49200, R13=0x0000021617d32080, R14=0x0000021617e91000, R15=0x00000216180e6dd0
RIP=0x00007ffc011b910a, EFLAGS=0x0000000000010202


Register to memory mapping:

RAX=0xffffffffffffffff is an unknown value
RBX=0x00000000000000c6 is an unknown value
RCX=0x0000021617b49200 points into unknown readable memory: 0xffffffffffffffff | ff ff ff ff ff ff ff ff
RDX=0x00000059e5ffe3b0 is pointing into the stack for thread: 0x0000021617a1dea0
RSP=0x00000059e5ffe350 is pointing into the stack for thread: 0x0000021617a1dea0
RBP=0x00000059e5ffe3c0 is pointing into the stack for thread: 0x0000021617a1dea0
RSI=0x0 is null
RDI=0x0000021617a1e258 points into unknown readable memory: 0x00007ffc45e8c600 | 00 c6 e8 45 fc 7f 00 00
R8 =0x00007ffc0177f018 librocksdbjni4933280674472733865.dll
R9 =0x0000021617d32080 points into unknown readable memory: 0x00007ffc016a5ee0 | e0 5e 6a 01 fc 7f 00 00
R10=0x00007ffc461c0000 VCRUNTIME140.dll
R11=0x00007ffc461c1579 VCRUNTIME140.dll
R12=0x0000021617b49200 points into unknown readable memory: 0xffffffffffffffff | ff ff ff ff ff ff ff ff
R13=0x0000021617d32080 points into unknown readable memory: 0x00007ffc016a5ee0 | e0 5e 6a 01 fc 7f 00 00
R14=0x0000021617e91000 points into unknown readable memory: 0xc4fc27e1cf4ada00 | 00 da 4a cf e1 27 fc c4
R15=0x00000216180e6dd0 points into unknown readable memory: 0x6f702e6d6f630001 | 01 00 63 6f 6d 2e 70 6f

Top of Stack: (sp=0x00000059e5ffe350)
0x00000059e5ffe350:   00000000000000c6 0000000000000006
0x00000059e5ffe360:   0000000000000006 0000021617a1dea0
0x00000059e5ffe370:   00000059e5ffe3a0 00000059e5ffe390
0x00000059e5ffe380:   0000000000000000 0000000000000000
0x00000059e5ffe390:   00000216180e6dd0 00000000000000c6
0x00000059e5ffe3a0:   0000021617e91000 0000000000000015
0x00000059e5ffe3b0:   00000059e5ffe4b8 00000059e5ffe468
0x00000059e5ffe3c0:   0000021617a1dea0 00000059e5ffe538
0x00000059e5ffe3d0:   0000021613e548f8 0000000000000000
0x00000059e5ffe3e0:   0000000000000001 0000000000000006
0x00000059e5ffe3f0:   00000059e5ffe4c8 00000215b48c01dd
0x00000059e5ffe400:   0000000000000015 0000021613e54900
0x00000059e5ffe410:   00007ffc0177f018 00000215b4a66f6f
0x00000059e5ffe420:   00000059e5ffe520 0000005900000000
0x00000059e5ffe430:   0000005900000015 00000059e5ffe508
0x00000059e5ffe440:   0000005900000000 00000216000000c6
0x00000059e5ffe450:   00000000000000c6 0000000441cbcac0
0x00000059e5ffe460:   0000000000000001 0000000441ce4470
0x00000059e5ffe470:   0000000000000000 00000059e5ffe478
0x00000059e5ffe480:   00000059e5ffe480 0000000000000000
0x00000059e5ffe490:   000000000000000e 0000021613e59fe8
0x00000059e5ffe4a0:   0000000000000000 00000004049ee058
0x00000059e5ffe4b0:   0000021613e54900 0000000000000000
0x00000059e5ffe4c0:   00000059e5ffe4e8 00000059e5ffe588
0x00000059e5ffe4d0:   00000215b48b9086 0000000000000000
0x00000059e5ffe4e0:   00000215b48bc377 0000021617d32080
0x00000059e5ffe4f0:   0000000000000000 00000000000000c6
0x00000059e5ffe500:   0000000000000000 0000000441ce4470
0x00000059e5ffe510:   0000000000000015 0000000000000000
0x00000059e5ffe520:   0000000441ce4548 0000021617b49200
0x00000059e5ffe530:   0000000000000000 0000000404b08040
0x00000059e5ffe540:   00000059e5ffe540 0000021613e4be31 

Instructions: (pc=0x00007ffc011b910a)
0x00007ffc011b900a:   ec 70 4d 8b e9 4c 8b e2 48 8b f9 48 63 5d 70 48
0x00007ffc011b901a:   89 5d 40 48 8b cb e8 eb 00 46 00 4c 8b f0 4c 8b
0x00007ffc011b902a:   17 4d 8b 9a 40 06 00 00 48 89 44 24 20 44 8b cb
0x00007ffc011b903a:   44 8b 45 68 48 8b 55 60 48 8b cf 41 ff d3 48 8b
0x00007ffc011b904a:   0f 48 8b 91 20 07 00 00 48 8b cf ff d2 84 c0 75
0x00007ffc011b905a:   50 48 63 9d 88 00 00 00 48 8b cb e8 a6 00 46 00
0x00007ffc011b906a:   4c 8b f8 48 8b 0f 4c 8b 91 40 06 00 00 48 89 44
0x00007ffc011b907a:   24 20 44 8b cb 44 8b 85 80 00 00 00 48 8b 55 78
0x00007ffc011b908a:   48 8b cf 41 ff d2 48 8b 0f 48 8b 91 20 07 00 00
0x00007ffc011b909a:   48 8b cf ff d2 84 c0 74 17 49 8b cf e8 ed fc 45
0x00007ffc011b90aa:   00 49 8b ce e8 e5 fc 45 00 32 c0 e9 c1 02 00 00
0x00007ffc011b90ba:   4c 89 75 e0 48 8b 45 40 48 89 45 e8 4c 89 7d d0
0x00007ffc011b90ca:   48 89 5d d8 c7 45 c0 00 00 00 00 66 c7 45 c4 00
0x00007ffc011b90da:   00 33 f6 48 89 75 c8 49 8b 04 24 48 8d 4d d0 4c
0x00007ffc011b90ea:   8b 45 50 48 8d 55 f0 4d 85 ed 74 19 48 89 4c 24
0x00007ffc011b90fa:   28 48 8d 4d e0 48 89 4c 24 20 4d 8b cd 49 8b cc
0x00007ffc011b910a:   ff 50 60 eb 0f 48 89 4c 24 20 4c 8d 4d e0 49 8b
0x00007ffc011b911a:   cc ff 50 50 48 8b d0 32 db 48 8d 45 c0 48 3b c2
0x00007ffc011b912a:   74 5a 0f b6 42 02 88 45 c2 0f b6 42 03 88 45 c3
0x00007ffc011b913a:   0f b6 42 04 88 45 c4 0f b6 1a 0f b6 4a 01 0f b6
0x00007ffc011b914a:   42 05 c6 02 00 c6 42 01 00 c6 42 02 00 c6 42 03
0x00007ffc011b915a:   00 c6 42 04 00 c6 42 05 00 88 45 c5 48 83 c2 08
0x00007ffc011b916a:   48 8d 45 c8 48 3b c2 88 4d c1 88 5d c0 74 0d 48
0x00007ffc011b917a:   8b 02 48 89 32 48 8b f0 48 89 45 c8 48 8b 4d f8
0x00007ffc011b918a:   48 85 c9 74 05 e8 04 fc 45 00 49 8b cf e8 fc fb
0x00007ffc011b919a:   45 00 49 8b ce e8 f4 fb 45 00 84 db 75 07 b3 01
0x00007ffc011b91aa:   e9 bc 01 00 00 48 8b 07 4c 8b 40 30 48 8d 15 23
0x00007ffc011b91ba:   2a 4c 00 48 8b cf 41 ff d0 48 8b d8 48 85 c0 75
0x00007ffc011b91ca:   37 48 8d 15 2e 2a 4c 00 48 8b 0d bf 10 4c 00 e8
0x00007ffc011b91da:   52 58 fd ff 48 8d 15 db 5a fd ff 48 8b c8 ff 15
0x00007ffc011b91ea:   52 14 4c 00 48 8b 07 48 8b 90 20 07 00 00 48 8b
0x00007ffc011b91fa:   cf ff d2 e9 67 01 00 00 48 8b 07 4c 8b 90 08 01 


Stack slot to memory mapping:

stack at sp + 0 slots: 0x00000000000000c6 is an unknown value
stack at sp + 1 slots: 0x0000000000000006 is an unknown value
stack at sp + 2 slots: 0x0000000000000006 is an unknown value
stack at sp + 3 slots: 0x0000021617a1dea0 is a thread
stack at sp + 4 slots: 0x00000059e5ffe3a0 is pointing into the stack for thread: 0x0000021617a1dea0
stack at sp + 5 slots: 0x00000059e5ffe390 is pointing into the stack for thread: 0x0000021617a1dea0
stack at sp + 6 slots: 0x0 is null
stack at sp + 7 slots: 0x0 is null


---------------  P R O C E S S  ---------------

Threads class SMR info:
_java_thread_list=0x0000021617e9e700, length=32, elements={
0x00000215b8ba00e0, 0x00000215b8ba0e50, 0x00000215b8ba3920, 0x00000215b8ba5360,
0x00000215b8ba59f0, 0x00000215b8ba2570, 0x00000215b8bad700, 0x00000215d0625cd0,
0x00000215b8ba3fb0, 0x00000215d0624860, 0x00000215d06263a0, 0x00000215d0624f30,
0x00000215d072be60, 0x00000215d072c4e0, 0x00000215d0743c10, 0x00000215b8ba4640,
0x00000215d0622d20, 0x00000215b8ba4cd0, 0x00000215d0625600, 0x00000215d06233f0,
0x00000215d0623ac0, 0x0000021616cb0e80, 0x0000021616cae5a0, 0x0000021616caa850,
0x00000215b8ba2c00, 0x00000215b8ba3290, 0x0000021617a1ff70, 0x0000021617a1f8e0,
0x0000021617a1dea0, 0x0000021617a20c90, 0x0000021617a1e530, 0x0000021617a24110
}

Java Threads: ( => current thread )
  0x00000215b8ba00e0 JavaThread "Reference Handler"          daemon [_thread_blocked, id=26436, stack(0x00000059e2a00000,0x00000059e2b00000) (1024K)]
  0x00000215b8ba0e50 JavaThread "Finalizer"                  daemon [_thread_blocked, id=29028, stack(0x00000059e2b00000,0x00000059e2c00000) (1024K)]
  0x00000215b8ba3920 JavaThread "Signal Dispatcher"          daemon [_thread_blocked, id=26348, stack(0x00000059e2c00000,0x00000059e2d00000) (1024K)]
  0x00000215b8ba5360 JavaThread "Attach Listener"            daemon [_thread_blocked, id=29664, stack(0x00000059e2d00000,0x00000059e2e00000) (1024K)]
  0x00000215b8ba59f0 JavaThread "Service Thread"             daemon [_thread_blocked, id=10680, stack(0x00000059e2e00000,0x00000059e2f00000) (1024K)]
  0x00000215b8ba2570 JavaThread "Monitor Deflation Thread"   daemon [_thread_blocked, id=5272, stack(0x00000059e2f00000,0x00000059e3000000) (1024K)]
  0x00000215b8bad700 JavaThread "C1 CompilerThread0"         daemon [_thread_blocked, id=17480, stack(0x00000059e3000000,0x00000059e3100000) (1024K)]
  0x00000215d0625cd0 JavaThread "C1 CompilerThread1"         daemon [_thread_blocked, id=30988, stack(0x00000059e3100000,0x00000059e3200000) (1024K)]
  0x00000215b8ba3fb0 JavaThread "Common-Cleaner"             daemon [_thread_blocked, id=26992, stack(0x00000059e3200000,0x00000059e3300000) (1024K)]
  0x00000215d0624860 JavaThread "C1 CompilerThread2"         daemon [_thread_blocked, id=29504, stack(0x00000059e3300000,0x00000059e3400000) (1024K)]
  0x00000215d06263a0 JavaThread "C1 CompilerThread3"         daemon [_thread_blocked, id=10092, stack(0x00000059e3400000,0x00000059e3500000) (1024K)]
  0x00000215d0624f30 JavaThread "C1 CompilerThread4"         daemon [_thread_blocked, id=26656, stack(0x00000059e3500000,0x00000059e3600000) (1024K)]
  0x00000215d072be60 JavaThread "JDWP Transport Listener: dt_socket" daemon [_thread_blocked, id=2988, stack(0x00000059e3600000,0x00000059e3700000) (1024K)]
  0x00000215d072c4e0 JavaThread "JDWP Event Helper Thread"   daemon [_thread_blocked, id=31340, stack(0x00000059e3700000,0x00000059e3800000) (1024K)]
  0x00000215d0743c10 JavaThread "JDWP Command Reader"        daemon [_thread_in_native, id=29652, stack(0x00000059e3800000,0x00000059e3900000) (1024K)]
  0x00000215b8ba4640 JavaThread "Notification Thread"        daemon [_thread_blocked, id=29356, stack(0x00000059e3900000,0x00000059e3a00000) (1024K)]
  0x00000215d0622d20 JavaThread "C1 CompilerThread5"         daemon [_thread_blocked, id=23856, stack(0x00000059e3a00000,0x00000059e3b00000) (1024K)]
  0x00000215b8ba4cd0 JavaThread "RMI TCP Accept-0"           daemon [_thread_in_native, id=31272, stack(0x00000059e3b00000,0x00000059e3c00000) (1024K)]
  0x00000215d0625600 JavaThread "C1 CompilerThread6"         daemon [_thread_blocked, id=30168, stack(0x00000059e5700000,0x00000059e5800000) (1024K)]
  0x00000215d06233f0 JavaThread "C1 CompilerThread7"         daemon [_thread_blocked, id=9244, stack(0x00000059e5800000,0x00000059e5900000) (1024K)]
  0x00000215d0623ac0 JavaThread "C1 CompilerThread8"         daemon [_thread_blocked, id=656, stack(0x00000059e5900000,0x00000059e5a00000) (1024K)]
  0x0000021616cb0e80 JavaThread "C1 CompilerThread9"         daemon [_thread_blocked, id=29932, stack(0x00000059e5a00000,0x00000059e5b00000) (1024K)]
  0x0000021616cae5a0 JavaThread "C1 CompilerThread10"        daemon [_thread_blocked, id=19308, stack(0x00000059e5b00000,0x00000059e5c00000) (1024K)]
  0x0000021616caa850 JavaThread "C1 CompilerThread11"        daemon [_thread_blocked, id=24220, stack(0x00000059e5c00000,0x00000059e5d00000) (1024K)]
  0x00000215b8ba2c00 JavaThread "RMI TCP Connection(1)-192.168.1.51" daemon [_thread_in_native, id=25660, stack(0x00000059e5d00000,0x00000059e5e00000) (1024K)]
  0x00000215b8ba3290 JavaThread "RMI Scheduler(0)"           daemon [_thread_blocked, id=28976, stack(0x00000059e5e00000,0x00000059e5f00000) (1024K)]
  0x0000021617a1ff70 JavaThread "Cleaner-0"                  daemon [_thread_blocked, id=28260, stack(0x00000059e6600000,0x00000059e6700000) (1024K)]
  0x0000021617a1f8e0 JavaThread "DestroyJavaVM"                     [_thread_blocked, id=19712, stack(0x00000059e2200000,0x00000059e2300000) (1024K)]
=>0x0000021617a1dea0 JavaThread "nioEventLoopGroup-6-1"             [_thread_in_native, id=28248, stack(0x00000059e5f00000,0x00000059e6000000) (1024K)]
  0x0000021617a20c90 JavaThread "nioEventLoopGroup-7-1"             [_thread_in_native, id=16792, stack(0x00000059e6000000,0x00000059e6100000) (1024K)]
  0x0000021617a1e530 JavaThread "pool-7-thread-1"                   [_thread_blocked, id=12668, stack(0x00000059e6100000,0x00000059e6200000) (1024K)]
  0x0000021617a24110 JavaThread "nioEventLoopGroup-3-1"             [_thread_in_native, id=29068, stack(0x00000059e6400000,0x00000059e6500000) (1024K)]
Total: 32

Other Threads:
  0x00000215b8b82f70 VMThread "VM Thread"                           [id=28168, stack(0x00000059e2900000,0x00000059e2a00000) (1024K)]
  0x00000215d058c9f0 WatcherThread "VM Periodic Task Thread"        [id=30932, stack(0x00000059e2800000,0x00000059e2900000) (1024K)]
  0x00000215ac4d84f0 WorkerThread "GC Thread#0"                     [id=29908, stack(0x00000059e2300000,0x00000059e2400000) (1024K)]
  0x00000216169e2310 WorkerThread "GC Thread#1"                     [id=24156, stack(0x00000059e3c00000,0x00000059e3d00000) (1024K)]
  0x0000021616a30e30 WorkerThread "GC Thread#2"                     [id=29724, stack(0x00000059e3d00000,0x00000059e3e00000) (1024K)]
  0x0000021616a311d0 WorkerThread "GC Thread#3"                     [id=30704, stack(0x00000059e3e00000,0x00000059e3f00000) (1024K)]
  0x0000021616a39d90 WorkerThread "GC Thread#4"                     [id=28952, stack(0x00000059e3f00000,0x00000059e4000000) (1024K)]
  0x0000021616a3a130 WorkerThread "GC Thread#5"                     [id=27048, stack(0x00000059e4000000,0x00000059e4100000) (1024K)]
  0x0000021616a3a4d0 WorkerThread "GC Thread#6"                     [id=27268, stack(0x00000059e4100000,0x00000059e4200000) (1024K)]
  0x0000021616a3a870 WorkerThread "GC Thread#7"                     [id=12348, stack(0x00000059e4200000,0x00000059e4300000) (1024K)]
  0x0000021616a3ac10 WorkerThread "GC Thread#8"                     [id=23392, stack(0x00000059e4300000,0x00000059e4400000) (1024K)]
  0x0000021616a3bae0 WorkerThread "GC Thread#9"                     [id=30044, stack(0x00000059e4400000,0x00000059e4500000) (1024K)]
  0x0000021616a3be80 WorkerThread "GC Thread#10"                    [id=25784, stack(0x00000059e4500000,0x00000059e4600000) (1024K)]
  0x0000021616a3b000 WorkerThread "GC Thread#11"                    [id=4300, stack(0x00000059e4600000,0x00000059e4700000) (1024K)]
  0x0000021616a3c220 WorkerThread "GC Thread#12"                    [id=30376, stack(0x00000059e4700000,0x00000059e4800000) (1024K)]
  0x0000021616a3c960 WorkerThread "GC Thread#13"                    [id=16872, stack(0x00000059e4800000,0x00000059e4900000) (1024K)]
  0x0000021616a3b3a0 WorkerThread "GC Thread#14"                    [id=31164, stack(0x00000059e4900000,0x00000059e4a00000) (1024K)]
  0x0000021616a3c5c0 WorkerThread "GC Thread#15"                    [id=12092, stack(0x00000059e4a00000,0x00000059e4b00000) (1024K)]
  0x0000021616a3b740 WorkerThread "GC Thread#16"                    [id=30548, stack(0x00000059e4b00000,0x00000059e4c00000) (1024K)]
  0x0000021616a47100 WorkerThread "GC Thread#17"                    [id=30472, stack(0x00000059e4c00000,0x00000059e4d00000) (1024K)]
  0x0000021616a46620 WorkerThread "GC Thread#18"                    [id=27564, stack(0x00000059e4d00000,0x00000059e4e00000) (1024K)]
  0x0000021616a469c0 WorkerThread "GC Thread#19"                    [id=25472, stack(0x00000059e4e00000,0x00000059e4f00000) (1024K)]
  0x0000021616a457a0 WorkerThread "GC Thread#20"                    [id=26048, stack(0x00000059e4f00000,0x00000059e5000000) (1024K)]
  0x0000021616a47be0 WorkerThread "GC Thread#21"                    [id=31204, stack(0x00000059e5000000,0x00000059e5100000) (1024K)]
  0x0000021616a47f80 WorkerThread "GC Thread#22"                    [id=5988, stack(0x00000059e5100000,0x00000059e5200000) (1024K)]
  0x00000215ac4e92e0 ConcurrentGCThread "G1 Main Marker"            [id=19408, stack(0x00000059e2400000,0x00000059e2500000) (1024K)]
  0x00000215ac4e9cf0 WorkerThread "G1 Conc#0"                       [id=30736, stack(0x00000059e2500000,0x00000059e2600000) (1024K)]
  0x0000021616a48a60 WorkerThread "G1 Conc#1"                       [id=20788, stack(0x00000059e5200000,0x00000059e5300000) (1024K)]
  0x0000021616a474a0 WorkerThread "G1 Conc#2"                       [id=29168, stack(0x00000059e5300000,0x00000059e5400000) (1024K)]
  0x0000021616a47840 WorkerThread "G1 Conc#3"                       [id=30132, stack(0x00000059e5400000,0x00000059e5500000) (1024K)]
  0x0000021616a46d60 WorkerThread "G1 Conc#4"                       [id=16644, stack(0x00000059e5500000,0x00000059e5600000) (1024K)]
  0x0000021616a48320 WorkerThread "G1 Conc#5"                       [id=29924, stack(0x00000059e5600000,0x00000059e5700000) (1024K)]
  0x00000215ac51e150 ConcurrentGCThread "G1 Refine#0"               [id=30008, stack(0x00000059e2600000,0x00000059e2700000) (1024K)]
  0x00000215ac51ea70 ConcurrentGCThread "G1 Service"                [id=30660, stack(0x00000059e2700000,0x00000059e2800000) (1024K)]
Total: 34

Threads with active compile tasks:
Total: 0

VM state: not at safepoint (normal execution)

VM Mutex/Monitor currently owned by a thread: None

Heap address: 0x0000000403000000, size: 16336 MB, Compressed Oops mode: Zero based, Oop shift amount: 3

CDS archive(s) mapped at: [0x00000215d1000000-0x00000215d1c90000-0x00000215d1c90000), size 13172736, SharedBaseAddress: 0x00000215d1000000, ArchiveRelocationMode: 1.
Compressed class space mapped at: 0x00000215d2000000-0x0000021612000000, reserved size: 1073741824
Narrow klass base: 0x00000215d1000000, Narrow klass shift: 0, Narrow klass range: 0x100000000

GC Precious Log:
 CardTable entry size: 512
 Card Set container configuration: InlinePtr #cards 4 size 8 Array Of Cards #cards 64 size 144 Howl #buckets 8 coarsen threshold 14745 Howl Bitmap #cards 2048 size 272 coarsen threshold 1843 Card regions per heap region 1 cards per card region 16384
 CPUs: 32 total, 32 available
 Memory: 65343M
 Large Page Support: Disabled
 NUMA Support: Disabled
 Compressed Oops: Enabled (Zero based)
 Heap Region Size: 8M
 Heap Min Capacity: 8M
 Heap Initial Capacity: 1G
 Heap Max Capacity: 16336M
 Pre-touch: Disabled
 Parallel Workers: 23
 Concurrent Workers: 6
 Concurrent Refinement Workers: 23
 Periodic GC: Disabled

Heap:
 garbage-first heap   total 81920K, used 34263K [0x0000000403000000, 0x0000000800000000)
  region size 8192K, 3 young (24576K), 1 survivors (8192K)
 Metaspace       used 44132K, committed 44992K, reserved 1114112K
  class space    used 5892K, committed 6272K, reserved 1048576K

Heap Regions: E=young(eden), S=young(survivor), O=old, HS=humongous(starts), HC=humongous(continues), CS=collection set, F=free, TAMS=top-at-mark-start, PB=parsable bottom
|   0|0x0000000403000000, 0x0000000403720cc8, 0x0000000403800000| 89%| O|  |TAMS 0x0000000403000000| PB 0x0000000403000000| Untracked 
|   1|0x0000000403800000, 0x0000000404000000, 0x0000000404000000|100%| O|  |TAMS 0x0000000403800000| PB 0x0000000403800000| Untracked 
|   2|0x0000000404000000, 0x0000000404255040, 0x0000000404800000| 29%| O|  |TAMS 0x0000000404000000| PB 0x0000000404000000| Untracked 
|   3|0x0000000404800000, 0x0000000405000000, 0x0000000405000000|100%| S|CS|TAMS 0x0000000404800000| PB 0x0000000404800000| Complete 
|   4|0x0000000405000000, 0x0000000405000000, 0x0000000405800000|  0%| F|  |TAMS 0x0000000405000000| PB 0x0000000405000000| Untracked 
|   5|0x0000000405800000, 0x0000000405800000, 0x0000000406000000|  0%| F|  |TAMS 0x0000000405800000| PB 0x0000000405800000| Untracked 
|   6|0x0000000406000000, 0x0000000406000000, 0x0000000406800000|  0%| F|  |TAMS 0x0000000406000000| PB 0x0000000406000000| Untracked 
|   7|0x0000000406800000, 0x0000000406800000, 0x0000000407000000|  0%| F|  |TAMS 0x0000000406800000| PB 0x0000000406800000| Untracked 
| 125|0x0000000441800000, 0x0000000441cfef98, 0x0000000442000000| 62%| E|  |TAMS 0x0000000441800000| PB 0x0000000441800000| Complete 
| 127|0x0000000442800000, 0x0000000443000000, 0x0000000443000000|100%| E|CS|TAMS 0x0000000442800000| PB 0x0000000442800000| Complete 

Card table byte_map: [0x00000215baba0000,0x00000215bcb90000] _byte_map_base: 0x00000215b8b88000

Marking Bits: (CMBitMap*) 0x00000215ac4d8a00
 Bits: [0x00000215bcb90000, 0x00000215ccad0000)

Polling page: 0x00000215aa3f0000

Metaspace:

Usage:
  Non-class:     37.34 MB used.
      Class:      5.75 MB used.
       Both:     43.10 MB used.

Virtual space:
  Non-class space:       64.00 MB reserved,      37.81 MB ( 59%) committed,  1 nodes.
      Class space:        1.00 GB reserved,       6.12 MB ( <1%) committed,  1 nodes.
             Both:        1.06 GB reserved,      43.94 MB (  4%) committed. 

Chunk freelists:
   Non-Class:  9.75 MB
       Class:  9.73 MB
        Both:  19.48 MB

MaxMetaspaceSize: unlimited
CompressedClassSpaceSize: 1.00 GB
Initial GC threshold: 21.00 MB
Current GC threshold: 59.00 MB
CDS: on
 - commit_granule_bytes: 65536.
 - commit_granule_words: 8192.
 - virtual_space_node_default_size: 8388608.
 - enlarge_chunks_in_place: 1.
 - use_allocation_guard: 0.


Internal statistics:

num_allocs_failed_limit: 6.
num_arena_births: 1256.
num_arena_deaths: 0.
num_vsnodes_births: 2.
num_vsnodes_deaths: 0.
num_space_committed: 703.
num_space_uncommitted: 0.
num_chunks_returned_to_freelist: 6.
num_chunks_taken_from_freelist: 2837.
num_chunk_merges: 6.
num_chunk_splits: 1927.
num_chunks_enlarged: 1257.
num_inconsistent_stats: 0.

CodeCache: size=49152Kb used=16659Kb max_used=16659Kb free=32492Kb
 bounds [0x00000215b48b0000, 0x00000215b5900000, 0x00000215b78b0000]
 total_blobs=6146 nmethods=5383 adapters=676
 compilation: enabled
              stopped_count=0, restarted_count=0
 full_count=0

Compilation events (20 events):
Event: 2.558 Thread 0x00000215d0625cd0 nmethod 5409 0x00000215b58eb210 code [0x00000215b58eb3a0, 0x00000215b58eb468]
Event: 2.558 Thread 0x00000215d0623ac0 nmethod 5410 0x00000215b58eb510 code [0x00000215b58eb6a0, 0x00000215b58eb7f8]
Event: 2.558 Thread 0x00000215b8bad700 5411       1       ch.qos.logback.core.UnsynchronizedAppenderBase::isStarted (5 bytes)
Event: 2.558 Thread 0x00000215b8bad700 nmethod 5411 0x00000215b58eb890 code [0x00000215b58eba20, 0x00000215b58ebaf0]
Event: 2.558 Thread 0x0000021616caa850 nmethod 5408 0x00000215b58ebb90 code [0x00000215b58ebf20, 0x00000215b58ecc30]
Event: 2.559 Thread 0x00000215d0624f30 5412       1       java.time.Instant::getEpochSecond (5 bytes)
Event: 2.559 Thread 0x00000215d0624f30 nmethod 5412 0x00000215b58ed690 code [0x00000215b58ed820, 0x00000215b58ed8e8]
Event: 2.559 Thread 0x00000215d0625600 5413       1       org.springframework.beans.PropertyDescriptorUtils$BasicPropertyDescriptor::setWriteMethod (6 bytes)
Event: 2.559 Thread 0x00000215b8bad700 5414       1       org.springframework.util.StringUtils::changeFirstCharacterCase (60 bytes)
Event: 2.559 Thread 0x00000215d0625600 nmethod 5413 0x00000215b58ed990 code [0x00000215b58edb20, 0x00000215b58edc40]
Event: 2.560 Thread 0x0000021616cb0e80 5415       1       org.springframework.beans.PropertyDescriptorUtils$BasicPropertyDescriptor::getReadMethod (5 bytes)
Event: 2.560 Thread 0x00000215b8bad700 nmethod 5414 0x00000215b58edc90 code [0x00000215b58edec0, 0x00000215b58ee550]
Event: 2.560 Thread 0x0000021616cb0e80 nmethod 5415 0x00000215b58eea10 code [0x00000215b58eeba0, 0x00000215b58eec70]
Event: 2.560 Thread 0x00000215d0624f30 5416       1       com.esotericsoftware.kryo.util.ObjectMap::put (21 bytes)
Event: 2.560 Thread 0x0000021616cb0e80 5417       1       com.esotericsoftware.kryo.util.ObjectMap::put_internal (485 bytes)
Event: 2.560 Thread 0x00000215d0625600 5419       1       java.lang.reflect.Field::setAccessible (21 bytes)
Event: 2.560 Thread 0x0000021616cae5a0 5418       1       java.lang.reflect.Field::checkCanSetAccessible (10 bytes)
Event: 2.560 Thread 0x00000215d0624f30 nmethod 5416 0x00000215b58eed10 code [0x00000215b58eeec0, 0x00000215b58ef070]
Event: 2.560 Thread 0x0000021616cae5a0 nmethod 5418 0x00000215b58ef190 code [0x00000215b58ef340, 0x00000215b58ef448]
Event: 2.560 Thread 0x00000215d0625600 nmethod 5419 0x00000215b58ef510 code [0x00000215b58ef6c0, 0x00000215b58ef818]

GC Heap History (14 events):
Event: 0.505 GC heap before
{Heap before GC invocations=0 (full 0):
 garbage-first heap   total 1048576K, used 49152K [0x0000000403000000, 0x0000000800000000)
  region size 8192K, 6 young (49152K), 0 survivors (0K)
 Metaspace       used 9543K, committed 9792K, reserved 1114112K
  class space    used 1214K, committed 1344K, reserved 1048576K
}
Event: 0.511 GC heap after
{Heap after GC invocations=1 (full 0):
 garbage-first heap   total 1048576K, used 7740K [0x0000000403000000, 0x0000000800000000)
  region size 8192K, 1 young (8192K), 1 survivors (8192K)
 Metaspace       used 9543K, committed 9792K, reserved 1114112K
  class space    used 1214K, committed 1344K, reserved 1048576K
}
Event: 0.578 GC heap before
{Heap before GC invocations=1 (full 0):
 garbage-first heap   total 1048576K, used 15932K [0x0000000403000000, 0x0000000800000000)
  region size 8192K, 3 young (24576K), 1 survivors (8192K)
 Metaspace       used 10801K, committed 11072K, reserved 1114112K
  class space    used 1422K, committed 1536K, reserved 1048576K
}
Event: 0.582 GC heap after
{Heap after GC invocations=2 (full 0):
 garbage-first heap   total 1048576K, used 8021K [0x0000000403000000, 0x0000000800000000)
  region size 8192K, 1 young (8192K), 1 survivors (8192K)
 Metaspace       used 10801K, committed 11072K, reserved 1114112K
  class space    used 1422K, committed 1536K, reserved 1048576K
}
Event: 0.882 GC heap before
{Heap before GC invocations=3 (full 0):
 garbage-first heap   total 81920K, used 57173K [0x0000000403000000, 0x0000000800000000)
  region size 8192K, 8 young (65536K), 1 survivors (8192K)
 Metaspace       used 21105K, committed 21504K, reserved 1114112K
  class space    used 2848K, committed 3008K, reserved 1048576K
}
Event: 0.884 GC heap after
{Heap after GC invocations=4 (full 0):
 garbage-first heap   total 81920K, used 11430K [0x0000000403000000, 0x0000000800000000)
  region size 8192K, 1 young (8192K), 1 survivors (8192K)
 Metaspace       used 21105K, committed 21504K, reserved 1114112K
  class space    used 2848K, committed 3008K, reserved 1048576K
}
Event: 1.127 GC heap before
{Heap before GC invocations=5 (full 0):
 garbage-first heap   total 81920K, used 52390K [0x0000000403000000, 0x0000000800000000)
  region size 8192K, 6 young (49152K), 1 survivors (8192K)
 Metaspace       used 23857K, committed 24320K, reserved 1114112K
  class space    used 3226K, committed 3456K, reserved 1048576K
}
Event: 1.129 GC heap after
{Heap after GC invocations=6 (full 0):
 garbage-first heap   total 81920K, used 14304K [0x0000000403000000, 0x0000000800000000)
  region size 8192K, 1 young (8192K), 1 survivors (8192K)
 Metaspace       used 23857K, committed 24320K, reserved 1114112K
  class space    used 3226K, committed 3456K, reserved 1048576K
}
Event: 1.460 GC heap before
{Heap before GC invocations=6 (full 0):
 garbage-first heap   total 81920K, used 55264K [0x0000000403000000, 0x0000000800000000)
  region size 8192K, 6 young (49152K), 1 survivors (8192K)
 Metaspace       used 30427K, committed 30976K, reserved 1114112K
  class space    used 4138K, committed 4416K, reserved 1048576K
}
Event: 1.464 GC heap after
{Heap after GC invocations=7 (full 0):
 garbage-first heap   total 81920K, used 17417K [0x0000000403000000, 0x0000000800000000)
  region size 8192K, 1 young (8192K), 1 survivors (8192K)
 Metaspace       used 30427K, committed 30976K, reserved 1114112K
  class space    used 4138K, committed 4416K, reserved 1048576K
}
Event: 1.783 GC heap before
{Heap before GC invocations=7 (full 0):
 garbage-first heap   total 81920K, used 50185K [0x0000000403000000, 0x0000000800000000)
  region size 8192K, 6 young (49152K), 1 survivors (8192K)
 Metaspace       used 35519K, committed 36096K, reserved 1114112K
  class space    used 4697K, committed 4992K, reserved 1048576K
}
Event: 1.787 GC heap after
{Heap after GC invocations=8 (full 0):
 garbage-first heap   total 81920K, used 21313K [0x0000000403000000, 0x0000000800000000)
  region size 8192K, 1 young (8192K), 1 survivors (8192K)
 Metaspace       used 35519K, committed 36096K, reserved 1114112K
  class space    used 4697K, committed 4992K, reserved 1048576K
}
Event: 2.378 GC heap before
{Heap before GC invocations=9 (full 0):
 garbage-first heap   total 81920K, used 62273K [0x0000000403000000, 0x0000000800000000)
  region size 8192K, 6 young (49152K), 1 survivors (8192K)
 Metaspace       used 41719K, committed 42496K, reserved 1114112K
  class space    used 5581K, committed 5952K, reserved 1048576K
}
Event: 2.383 GC heap after
{Heap after GC invocations=10 (full 0):
 garbage-first heap   total 81920K, used 26071K [0x0000000403000000, 0x0000000800000000)
  region size 8192K, 1 young (8192K), 1 survivors (8192K)
 Metaspace       used 41719K, committed 42496K, reserved 1114112K
  class space    used 5581K, committed 5952K, reserved 1048576K
}

Dll operation events (15 events):
Event: 0.007 Loaded shared library D:\SoftwareSpace\JAVA\java21\jdk21\bin\java.dll
Event: 0.008 Loaded shared library D:\SoftwareSpace\JAVA\java21\jdk21\bin\zip.dll
Event: 0.081 Loaded shared library D:\SoftwareSpace\JAVA\java21\jdk21\bin\instrument.dll
Event: 0.092 Loaded shared library D:\SoftwareSpace\JAVA\java21\jdk21\bin\jimage.dll
Event: 0.096 Loaded shared library D:\SoftwareSpace\JAVA\java21\jdk21\bin\net.dll
Event: 0.096 Loaded shared library D:\SoftwareSpace\JAVA\java21\jdk21\bin\nio.dll
Event: 0.100 Loaded shared library D:\SoftwareSpace\JAVA\java21\jdk21\bin\zip.dll
Event: 0.138 Loaded shared library D:\SoftwareSpace\JAVA\java21\jdk21\bin\management.dll
Event: 0.144 Loaded shared library D:\SoftwareSpace\JAVA\java21\jdk21\bin\management_ext.dll
Event: 0.278 Loaded shared library D:\SoftwareSpace\JAVA\java21\jdk21\bin\extnet.dll
Event: 0.904 Loaded shared library D:\SoftwareSpace\JAVA\java21\jdk21\bin\sunmscapi.dll
Event: 1.683 Loaded shared library D:\SoftwareSpace\JAVA\java21\jdk21\bin\verify.dll
Event: 1.705 Loaded shared library F:\anaconda\anaconda3\Library\bin\snappy.dll
Event: 1.708 Loaded shared library F:\anaconda\anaconda3\Library\bin\bzip2.dll
Event: 1.779 Loaded shared library C:\Users\hcg\AppData\Local\Temp\librocksdbjni4933280674472733865.dll

Deoptimization events (20 events):
Event: 2.561 Thread 0x0000021617a1dea0 DEOPT PACKING pc=0x00000215b4dd3b6c sp=0x00000059e5ffde90
Event: 2.561 Thread 0x0000021617a1dea0 DEOPT UNPACKING pc=0x00000215b4904e42 sp=0x00000059e5ffd3c0 mode 1
Event: 2.561 Thread 0x0000021617a1dea0 DEOPT PACKING pc=0x00000215b56a21ec sp=0x00000059e5ffdfa0
Event: 2.561 Thread 0x0000021617a1dea0 DEOPT UNPACKING pc=0x00000215b4904e42 sp=0x00000059e5ffd4f8 mode 1
Event: 2.561 Thread 0x0000021617a1dea0 DEOPT PACKING pc=0x00000215b4dd3b6c sp=0x00000059e5ffde90
Event: 2.561 Thread 0x0000021617a1dea0 DEOPT UNPACKING pc=0x00000215b4904e42 sp=0x00000059e5ffd3c0 mode 1
Event: 2.561 Thread 0x0000021617a1dea0 DEOPT PACKING pc=0x00000215b56a21ec sp=0x00000059e5ffdfa0
Event: 2.561 Thread 0x0000021617a1dea0 DEOPT UNPACKING pc=0x00000215b4904e42 sp=0x00000059e5ffd4f8 mode 1
Event: 2.561 Thread 0x0000021617a1dea0 DEOPT PACKING pc=0x00000215b4dd3b6c sp=0x00000059e5ffde90
Event: 2.561 Thread 0x0000021617a1dea0 DEOPT UNPACKING pc=0x00000215b4904e42 sp=0x00000059e5ffd3c0 mode 1
Event: 2.561 Thread 0x0000021617a1dea0 DEOPT PACKING pc=0x00000215b56a21ec sp=0x00000059e5ffdfa0
Event: 2.561 Thread 0x0000021617a1dea0 DEOPT UNPACKING pc=0x00000215b4904e42 sp=0x00000059e5ffd4f8 mode 1
Event: 2.561 Thread 0x0000021617a1dea0 DEOPT PACKING pc=0x00000215b4dd3b6c sp=0x00000059e5ffde90
Event: 2.561 Thread 0x0000021617a1dea0 DEOPT UNPACKING pc=0x00000215b4904e42 sp=0x00000059e5ffd3c0 mode 1
Event: 2.561 Thread 0x0000021617a1dea0 DEOPT PACKING pc=0x00000215b56a21ec sp=0x00000059e5ffdfa0
Event: 2.561 Thread 0x0000021617a1dea0 DEOPT UNPACKING pc=0x00000215b4904e42 sp=0x00000059e5ffd4f8 mode 1
Event: 2.561 Thread 0x0000021617a1dea0 DEOPT PACKING pc=0x00000215b4dd3b6c sp=0x00000059e5ffde90
Event: 2.561 Thread 0x0000021617a1dea0 DEOPT UNPACKING pc=0x00000215b4904e42 sp=0x00000059e5ffd3c0 mode 1
Event: 2.561 Thread 0x0000021617a1dea0 DEOPT PACKING pc=0x00000215b56a21ec sp=0x00000059e5ffdfa0
Event: 2.561 Thread 0x0000021617a1dea0 DEOPT UNPACKING pc=0x00000215b4904e42 sp=0x00000059e5ffd4f8 mode 1

Classes loaded (20 events):
Event: 2.554 Loading class io/netty/util/UncheckedBooleanSupplier$1
Event: 2.554 Loading class io/netty/util/UncheckedBooleanSupplier$1 done
Event: 2.554 Loading class io/netty/util/UncheckedBooleanSupplier$2
Event: 2.554 Loading class io/netty/util/UncheckedBooleanSupplier$2 done
Event: 2.555 Loading class com/pop/popcoinsystem/network/protocol/message/PongKademliaMessageConstructorAccess
Event: 2.555 Loading class com/pop/popcoinsystem/network/protocol/message/PongKademliaMessageConstructorAccess done
Event: 2.555 Loading class com/pop/popcoinsystem/network/protocol/message/PongKademliaMessageConstructorAccess
Event: 2.555 Loading class com/pop/popcoinsystem/network/protocol/message/PongKademliaMessageConstructorAccess done
Event: 2.556 Loading class com/pop/popcoinsystem/network/common/NodeInfoConstructorAccess
Event: 2.556 Loading class com/pop/popcoinsystem/network/common/NodeInfoConstructorAccess done
Event: 2.556 Loading class com/pop/popcoinsystem/network/common/NodeInfoConstructorAccess
Event: 2.556 Loading class com/pop/popcoinsystem/network/common/NodeInfoConstructorAccess done
Event: 2.558 Loading class com/google/common/cache/LocalCache$StrongAccessWriteEntry
Event: 2.558 Loading class com/google/common/cache/LocalCache$StrongAccessWriteEntry done
Event: 2.558 Loading class com/google/common/cache/LocalCache$StrongEntry
Event: 2.558 Loading class com/google/common/cache/LocalCache$StrongEntry done
Event: 2.559 Loading class com/google/common/cache/LocalCache$NullEntry
Event: 2.559 Loading class com/google/common/cache/LocalCache$NullEntry done
Event: 2.559 Loading class com/google/common/cache/LocalCache$StrongValueReference
Event: 2.559 Loading class com/google/common/cache/LocalCache$StrongValueReference done

Classes unloaded (0 events):
No events

Classes redefined (0 events):
No events

Internal exceptions (20 events):
Event: 1.974 Thread 0x0000021617a226d0 Exception <a 'java/lang/IncompatibleClassChangeError'{0x0000000442d2ddb0}: Found class java.lang.Object, but interface was expected> (0x0000000442d2ddb0) 
thrown [s\open\src\hotspot\share\interpreter\linkResolver.cpp, line 840]
Event: 2.112 Thread 0x0000021617a226d0 Exception <a 'java/lang/NoSuchMethodError'{0x0000000406bcdeb0}: 'long java.lang.invoke.DirectMethodHandle$Holder.invokeSpecial(java.lang.Object, java.lang.Object, long, java.lang.Object, int, int, java.lang.Object, java.lang.Object)'> (0x0000000406bcdeb0) 
thrown [s\open\src\hotspot\share\interpreter\linkResolver.cpp, line 773]
Event: 2.114 Thread 0x0000021617a226d0 Exception <a 'java/lang/NoSuchMethodError'{0x0000000406be7748}: 'long java.lang.invoke.DirectMethodHandle$Holder.invokeSpecial(java.lang.Object, java.lang.Object, long, java.lang.Object, java.lang.Object, int, int, int)'> (0x0000000406be7748) 
thrown [s\open\src\hotspot\share\interpreter\linkResolver.cpp, line 773]
Event: 2.115 Thread 0x0000021617a226d0 Exception <a 'java/lang/NoSuchMethodError'{0x0000000406c03c88}: 'long java.lang.invoke.DirectMethodHandle$Holder.invokeSpecial(java.lang.Object, java.lang.Object, long, int, int)'> (0x0000000406c03c88) 
thrown [s\open\src\hotspot\share\interpreter\linkResolver.cpp, line 773]
Event: 2.115 Thread 0x00000215aa1220c0 Exception <a 'java/lang/NoSuchMethodError'{0x0000000406b65fe0}: 'java.lang.Object java.lang.invoke.DirectMethodHandle$Holder.invokeStatic(java.lang.Object, java.lang.Object, java.lang.Object, java.lang.Object, java.lang.Object, java.lang.Object, java.lang.Object, java.lang.Object, java.lang.Object, java.lang.Object, java.lang.Object, java.lang.Object, java.lang.Object)'> (0x0000000406b65fe0) 
thrown [s\open\src\hotspot\share\interpreter\linkResolver.cpp, line 773]
Event: 2.116 Thread 0x00000215aa1220c0 Exception <a 'java/lang/NoSuchMethodError'{0x0000000406c33b68}: 'java.lang.Object java.lang.invoke.DirectMethodHandle$Holder.invokeStatic(java.lang.Object, java.lang.Object, java.lang.Object, java.lang.Object, java.lang.Object, java.lang.Object, java.lang.Object, java.lang.Object, java.lang.Object, java.lang.Object, java.lang.Object, java.lang.Object, java.lang.Object, java.lang.Object)'> (0x0000000406c33b68) 
thrown [s\open\src\hotspot\share\interpreter\linkResolver.cpp, line 773]
Event: 2.117 Thread 0x0000021617a226d0 Exception <a 'java/lang/NoSuchMethodError'{0x0000000406ccff48}: 'long java.lang.invoke.DirectMethodHandle$Holder.invokeSpecial(java.lang.Object, java.lang.Object, long, int, java.lang.Object)'> (0x0000000406ccff48) 
thrown [s\open\src\hotspot\share\interpreter\linkResolver.cpp, line 773]
Event: 2.117 Thread 0x00000215aa1220c0 Exception <a 'java/lang/NoSuchMethodError'{0x0000000406c695c8}: 'java.lang.Object java.lang.invoke.DirectMethodHandle$Holder.invokeStatic(java.lang.Object, java.lang.Object, java.lang.Object, java.lang.Object, java.lang.Object, java.lang.Object, java.lang.Object, java.lang.Object, java.lang.Object, java.lang.Object, java.lang.Object, java.lang.Object, java.lang.Object, java.lang.Object, java.lang.Object)'> (0x0000000406c695c8) 
thrown [s\open\src\hotspot\share\interpreter\linkResolver.cpp, line 773]
Event: 2.118 Thread 0x00000215aa1220c0 Exception <a 'java/lang/NoSuchMethodError'{0x0000000406c97c30}: 'java.lang.Object java.lang.invoke.DirectMethodHandle$Holder.invokeStatic(java.lang.Object, java.lang.Object, java.lang.Object, java.lang.Object, java.lang.Object, java.lang.Object, java.lang.Object, java.lang.Object, java.lang.Object, java.lang.Object, java.lang.Object, java.lang.Object, java.lang.Object, java.lang.Object, java.lang.Object, java.lang.Object)'> (0x0000000406c97c30) 
thrown [s\open\src\hotspot\share\interpreter\linkResolver.cpp
Event: 2.118 Thread 0x0000021617a226d0 Exception <a 'java/lang/NoSuchMethodError'{0x0000000406ce7870}: 'long java.lang.invoke.DirectMethodHandle$Holder.invokeSpecial(java.lang.Object, java.lang.Object, long, int, int, java.lang.Object, java.lang.Object)'> (0x0000000406ce7870) 
thrown [s\open\src\hotspot\share\interpreter\linkResolver.cpp, line 773]
Event: 2.119 Thread 0x00000215aa1220c0 Exception <a 'java/lang/NoSuchMethodError'{0x0000000406cb1e30}: 'java.lang.Object java.lang.invoke.DirectMethodHandle$Holder.invokeSpecial(java.lang.Object, java.lang.Object, long, java.lang.Object, java.lang.Object, int, int, int, int, java.lang.Object, long, long, int, int, java.lang.Object, int, int, java.lang.Object, java.lang.Object, java.lang.Object, int, int, int, int, int, java.lang.Object, int, int, int)'> (0x0000000406cb1e30) 
thrown [s\open\src\hotspot\share\interpreter\linkResolver.cpp, line 77
Event: 2.119 Thread 0x0000021617a226d0 Exception <a 'java/lang/NoSuchMethodError'{0x0000000406cf35f8}: 'java.lang.Object java.lang.invoke.DirectMethodHandle$Holder.invokeSpecial(java.lang.Object, java.lang.Object, long, java.lang.Object, java.lang.Object, int, int, int, int, java.lang.Object, long, long, int, int, java.lang.Object, int, int, java.lang.Object, java.lang.Object, java.lang.Object, int, int, int, int, int, java.lang.Object, int, int, int)'> (0x0000000406cf35f8) 
thrown [s\open\src\hotspot\share\interpreter\linkResolver.cpp, line 77
Event: 2.119 Thread 0x00000215aa1220c0 Exception <a 'java/lang/NoSuchMethodError'{0x0000000406cb6d28}: 'java.lang.Object java.lang.invoke.DelegatingMethodHandle$Holder.reinvoke_L(java.lang.Object, long, java.lang.Object, java.lang.Object, int, int, int, int, java.lang.Object, long, long, int, int, java.lang.Object, int, int, java.lang.Object, java.lang.Object, java.lang.Object, int, int, int, int, int, java.lang.Object, int, int, int)'> (0x0000000406cb6d28) 
thrown [s\open\src\hotspot\share\interpreter\linkResolver.cpp, line 773]
Event: 2.119 Thread 0x0000021617a226d0 Exception <a 'java/lang/NoSuchMethodError'{0x0000000406cf7dc8}: 'java.lang.Object java.lang.invoke.DelegatingMethodHandle$Holder.reinvoke_L(java.lang.Object, long, java.lang.Object, java.lang.Object, int, int, int, int, java.lang.Object, long, long, int, int, java.lang.Object, int, int, java.lang.Object, java.lang.Object, java.lang.Object, int, int, int, int, int, java.lang.Object, int, int, int)'> (0x0000000406cf7dc8) 
thrown [s\open\src\hotspot\share\interpreter\linkResolver.cpp, line 773]
Event: 2.120 Thread 0x0000021617a226d0 Exception <a 'java/lang/NoSuchMethodError'{0x0000000406dd1730}: 'java.lang.Object java.lang.invoke.Invokers$Holder.linkToTargetMethod(java.lang.Object, java.lang.Object, int, int, int, int, double, long, long, int, int, double, int, int, java.lang.Object, java.lang.Object, java.lang.Object, int, int, int, int, int, java.lang.Object, int, int, int, java.lang.Object)'> (0x0000000406dd1730) 
thrown [s\open\src\hotspot\share\interpreter\linkResolver.cpp, line 773]
Event: 2.346 Thread 0x00000215aa1220c0 Exception <a 'java/lang/NoSuchMethodError'{0x0000000405c4d410}: 'java.lang.Object java.lang.invoke.DelegatingMethodHandle$Holder.reinvoke_L(java.lang.Object, java.lang.Object, int, java.lang.Object, java.lang.Object, int, int, java.lang.Object, int, java.lang.Object, long, long, int, int, java.lang.Object, int, int, java.lang.Object, java.lang.Object, java.lang.Object)'> (0x0000000405c4d410) 
thrown [s\open\src\hotspot\share\interpreter\linkResolver.cpp, line 773]
Event: 2.364 Thread 0x0000021617a1dea0 Exception <a 'java/lang/InterruptedException'{0x0000000405e334b0}: sleep interrupted> (0x0000000405e334b0) 
thrown [s\open\src\hotspot\share\prims\jvm.cpp, line 3074]
Event: 2.373 Thread 0x00000215aa1220c0 Exception <a 'java/lang/NoClassDefFoundError'{0x0000000405ed6370}: jakarta/validation/ValidationException> (0x0000000405ed6370) 
thrown [s\open\src\hotspot\share\classfile\systemDictionary.cpp, line 301]
Event: 2.374 Thread 0x00000215aa1220c0 Exception <a 'java/lang/NoClassDefFoundError'{0x0000000405edd8d8}: liquibase/exception/ChangeLogParseException> (0x0000000405edd8d8) 
thrown [s\open\src\hotspot\share\classfile\systemDictionary.cpp, line 301]
Event: 2.375 Thread 0x00000215aa1220c0 Exception <a 'java/lang/NoClassDefFoundError'{0x0000000405f0d5e0}: org/springframework/jdbc/CannotGetJdbcConnectionException> (0x0000000405f0d5e0) 
thrown [s\open\src\hotspot\share\classfile\systemDictionary.cpp, line 301]

ZGC Phase Switch (0 events):
No events

VM Operations (20 events):
Event: 1.641 Executing VM operation: HandshakeAllThreads (Deoptimize)
Event: 1.641 Executing VM operation: HandshakeAllThreads (Deoptimize) done
Event: 1.652 Executing VM operation: HandshakeAllThreads (Deoptimize)
Event: 1.652 Executing VM operation: HandshakeAllThreads (Deoptimize) done
Event: 1.783 Executing VM operation: CollectForMetadataAllocation (Metadata GC Threshold)
Event: 1.788 Executing VM operation: CollectForMetadataAllocation (Metadata GC Threshold) done
Event: 1.793 Executing VM operation: G1PauseRemark
Event: 1.795 Executing VM operation: G1PauseRemark done
Event: 1.798 Executing VM operation: G1PauseCleanup
Event: 1.798 Executing VM operation: G1PauseCleanup done
Event: 2.332 Executing VM operation: HandshakeAllThreads (Deoptimize)
Event: 2.332 Executing VM operation: HandshakeAllThreads (Deoptimize) done
Event: 2.378 Executing VM operation: G1CollectForAllocation (G1 Evacuation Pause)
Event: 2.383 Executing VM operation: G1CollectForAllocation (G1 Evacuation Pause) done
Event: 2.410 Executing VM operation: HandshakeAllThreads (Deoptimize)
Event: 2.410 Executing VM operation: HandshakeAllThreads (Deoptimize) done
Event: 2.424 Executing VM operation: HandshakeAllThreads (Deoptimize)
Event: 2.424 Executing VM operation: HandshakeAllThreads (Deoptimize) done
Event: 2.525 Executing VM operation: HandshakeAllThreads (Deoptimize)
Event: 2.525 Executing VM operation: HandshakeAllThreads (Deoptimize) done

Events (20 events):
Event: 1.795 Thread 0x00000215b8b82f70 flushing nmethod 0x00000215b4d37210
Event: 1.795 Thread 0x00000215b8b82f70 flushing nmethod 0x00000215b4d14890
Event: 1.795 Thread 0x00000215b8b82f70 flushing nmethod 0x00000215b4ce3010
Event: 1.795 Thread 0x00000215b8b82f70 flushing nmethod 0x00000215b4c84490
Event: 1.795 Thread 0x00000215b8b82f70 flushing nmethod 0x00000215b4c85210
Event: 1.795 Thread 0x00000215b8b82f70 flushing nmethod 0x00000215b4c58c90
Event: 1.935 Thread 0x0000021617a226d0 Thread added: 0x0000021617a226d0
Event: 2.039 Thread 0x0000021617a1ff70 Thread added: 0x0000021617a1ff70
Event: 2.110 Thread 0x0000021617a1e530 Thread added: 0x0000021617a1e530
Event: 2.115 Thread 0x0000021617a1e530 Thread exited: 0x0000021617a1e530
Event: 2.364 Thread 0x0000021617a24e30 Thread exited: 0x0000021617a24e30
Event: 2.364 Thread 0x0000021617a1dea0 Thread exited: 0x0000021617a1dea0
Event: 2.364 Thread 0x0000021617a20600 Thread exited: 0x0000021617a20600
Event: 2.388 Thread 0x00000215aa1220c0 Thread exited: 0x00000215aa1220c0
Event: 2.388 Thread 0x0000021617a1f8e0 Thread added: 0x0000021617a1f8e0
Event: 2.418 Thread 0x0000021617a1dea0 Thread added: 0x0000021617a1dea0
Event: 2.504 Thread 0x0000021617a20c90 Thread added: 0x0000021617a20c90
Event: 2.506 Thread 0x0000021617a1e530 Thread added: 0x0000021617a1e530
Event: 2.508 Thread 0x0000021617a24110 Thread added: 0x0000021617a24110
Event: 2.524 Thread 0x0000021617a226d0 Thread exited: 0x0000021617a226d0


Dynamic libraries:
0x00007ff71e3b0000 - 0x00007ff71e3c0000 	D:\SoftwareSpace\JAVA\java21\jdk21\bin\java.exe
0x00007ffcb6a10000 - 0x00007ffcb6c24000 	C:\WINDOWS\SYSTEM32\ntdll.dll
0x00007ffcb5ca0000 - 0x00007ffcb5d64000 	C:\WINDOWS\System32\KERNEL32.DLL
0x00007ffcb43f0000 - 0x00007ffcb4794000 	C:\WINDOWS\System32\KERNELBASE.dll
0x00007ffcb40c0000 - 0x00007ffcb41d1000 	C:\WINDOWS\System32\ucrtbase.dll
0x00007ffc461a0000 - 0x00007ffc461b9000 	D:\SoftwareSpace\JAVA\java21\jdk21\bin\jli.dll
0x00007ffc461c0000 - 0x00007ffc461db000 	D:\SoftwareSpace\JAVA\java21\jdk21\bin\VCRUNTIME140.dll
0x00007ffcb4880000 - 0x00007ffcb4930000 	C:\WINDOWS\System32\ADVAPI32.dll
0x00007ffcb4f00000 - 0x00007ffcb4fa7000 	C:\WINDOWS\System32\msvcrt.dll
0x00007ffcb65a0000 - 0x00007ffcb6646000 	C:\WINDOWS\System32\sechost.dll
0x00007ffcb5980000 - 0x00007ffcb5a97000 	C:\WINDOWS\System32\RPCRT4.dll
0x00007ffcb6820000 - 0x00007ffcb69ce000 	C:\WINDOWS\System32\USER32.dll
0x00007ffcb3eb0000 - 0x00007ffcb3ed6000 	C:\WINDOWS\System32\win32u.dll
0x00007ffcb5770000 - 0x00007ffcb5799000 	C:\WINDOWS\System32\GDI32.dll
0x00007ffc9db50000 - 0x00007ffc9dde3000 	C:\WINDOWS\WinSxS\amd64_microsoft.windows.common-controls_6595b64144ccf1df_6.0.22621.2215_none_270d72677387dfc3\COMCTL32.dll
0x00007ffcb3ee0000 - 0x00007ffcb3ff8000 	C:\WINDOWS\System32\gdi32full.dll
0x00007ffcb41e0000 - 0x00007ffcb427a000 	C:\WINDOWS\System32\msvcp_win.dll
0x00007ffca7280000 - 0x00007ffca728a000 	C:\WINDOWS\SYSTEM32\VERSION.dll
0x00007ffcb57a0000 - 0x00007ffcb57d1000 	C:\WINDOWS\System32\IMM32.DLL
0x00007ffc65d90000 - 0x00007ffc65d9c000 	D:\SoftwareSpace\JAVA\java21\jdk21\bin\vcruntime140_1.dll
0x00007ffc45ff0000 - 0x00007ffc4607e000 	D:\SoftwareSpace\JAVA\java21\jdk21\bin\msvcp140.dll
0x00007ffc452d0000 - 0x00007ffc45fe5000 	D:\SoftwareSpace\JAVA\java21\jdk21\bin\server\jvm.dll
0x00007ffcb5c20000 - 0x00007ffcb5c91000 	C:\WINDOWS\System32\WS2_32.dll
0x00007ffcb2c30000 - 0x00007ffcb2c7d000 	C:\WINDOWS\SYSTEM32\POWRPROF.dll
0x00007ffcacb50000 - 0x00007ffcacb84000 	C:\WINDOWS\SYSTEM32\WINMM.dll
0x00007ffcb2c10000 - 0x00007ffcb2c23000 	C:\WINDOWS\SYSTEM32\UMPDC.dll
0x00007ffcb2e70000 - 0x00007ffcb2e88000 	C:\WINDOWS\SYSTEM32\kernel.appcore.dll
0x00007ffc5f610000 - 0x00007ffc5f61a000 	D:\SoftwareSpace\JAVA\java21\jdk21\bin\jimage.dll
0x00007ffcb1640000 - 0x00007ffcb186e000 	C:\WINDOWS\SYSTEM32\DBGHELP.DLL
0x00007ffcb4b70000 - 0x00007ffcb4efa000 	C:\WINDOWS\System32\combase.dll
0x00007ffcb47a0000 - 0x00007ffcb4877000 	C:\WINDOWS\System32\OLEAUT32.dll
0x00007ffc92b10000 - 0x00007ffc92b42000 	C:\WINDOWS\SYSTEM32\dbgcore.DLL
0x00007ffcb3dc0000 - 0x00007ffcb3e3a000 	C:\WINDOWS\System32\bcryptPrimitives.dll
0x00007ffc9ca50000 - 0x00007ffc9ca8c000 	D:\SoftwareSpace\JAVA\java21\jdk21\bin\jdwp.dll
0x00007ffcad0d0000 - 0x00007ffcad0df000 	D:\SoftwareSpace\JAVA\java21\jdk21\bin\instrument.dll
0x00007ffc450c0000 - 0x00007ffc450df000 	D:\SoftwareSpace\JAVA\java21\jdk21\bin\java.dll
0x00007ffc44f70000 - 0x00007ffc44f88000 	D:\SoftwareSpace\JAVA\java21\jdk21\bin\zip.dll
0x00007ffcb5d70000 - 0x00007ffcb6593000 	C:\WINDOWS\System32\SHELL32.dll
0x00007ffcb1d10000 - 0x00007ffcb25fa000 	C:\WINDOWS\SYSTEM32\windows.storage.dll
0x00007ffcb1bd0000 - 0x00007ffcb1d0e000 	C:\WINDOWS\SYSTEM32\wintypes.dll
0x00007ffcb49d0000 - 0x00007ffcb4ac3000 	C:\WINDOWS\System32\SHCORE.dll
0x00007ffcb4ad0000 - 0x00007ffcb4b2e000 	C:\WINDOWS\System32\shlwapi.dll
0x00007ffcb3cf0000 - 0x00007ffcb3d16000 	C:\WINDOWS\SYSTEM32\profapi.dll
0x00007ffca9220000 - 0x00007ffca922c000 	D:\SoftwareSpace\JAVA\java21\jdk21\bin\dt_socket.dll
0x00007ffcb28d0000 - 0x00007ffcb28fd000 	C:\WINDOWS\SYSTEM32\IPHLPAPI.DLL
0x00007ffcb3330000 - 0x00007ffcb3399000 	C:\WINDOWS\system32\mswsock.dll
0x00007ffc5c5e0000 - 0x00007ffc5c5f0000 	D:\SoftwareSpace\JAVA\java21\jdk21\bin\net.dll
0x00007ffcad8a0000 - 0x00007ffcad9d7000 	C:\WINDOWS\SYSTEM32\WINHTTP.dll
0x00007ffc44f90000 - 0x00007ffc44fa6000 	D:\SoftwareSpace\JAVA\java21\jdk21\bin\nio.dll
0x00007ffcb2900000 - 0x00007ffcb29f2000 	C:\WINDOWS\SYSTEM32\DNSAPI.dll
0x00007ffcb5480000 - 0x00007ffcb5489000 	C:\WINDOWS\System32\NSI.dll
0x00007ffca7080000 - 0x00007ffca708a000 	C:\Windows\System32\rasadhlp.dll
0x00007ffcab930000 - 0x00007ffcab9b4000 	C:\WINDOWS\System32\fwpuclnt.dll
0x00007ffca91e0000 - 0x00007ffca91ea000 	D:\SoftwareSpace\JAVA\java21\jdk21\bin\management.dll
0x00007ffca91d0000 - 0x00007ffca91db000 	D:\SoftwareSpace\JAVA\java21\jdk21\bin\management_ext.dll
0x00007ffcb4b60000 - 0x00007ffcb4b68000 	C:\WINDOWS\System32\PSAPI.DLL
0x00007ffcb3580000 - 0x00007ffcb359b000 	C:\WINDOWS\SYSTEM32\CRYPTSP.dll
0x00007ffcb2e30000 - 0x00007ffcb2e65000 	C:\WINDOWS\system32\rsaenh.dll
0x00007ffcb33e0000 - 0x00007ffcb340c000 	C:\WINDOWS\SYSTEM32\USERENV.dll
0x00007ffcb3790000 - 0x00007ffcb37b8000 	C:\WINDOWS\SYSTEM32\bcrypt.dll
0x00007ffcb3540000 - 0x00007ffcb354c000 	C:\WINDOWS\SYSTEM32\CRYPTBASE.dll
0x00007ffc88df0000 - 0x00007ffc88e07000 	C:\WINDOWS\system32\napinsp.dll
0x00007ffc88dd0000 - 0x00007ffc88deb000 	C:\WINDOWS\system32\pnrpnsp.dll
0x00007ffc87c40000 - 0x00007ffc87c51000 	C:\WINDOWS\System32\winrnr.dll
0x00007ffc87c20000 - 0x00007ffc87c35000 	C:\WINDOWS\system32\wshbth.dll
0x00007ffc878e0000 - 0x00007ffc87901000 	C:\WINDOWS\system32\nlansp_c.dll
0x00007ffc7d540000 - 0x00007ffc7d547000 	D:\SoftwareSpace\JAVA\java21\jdk21\bin\extnet.dll
0x00007ffca8f30000 - 0x00007ffca8f3e000 	D:\SoftwareSpace\JAVA\java21\jdk21\bin\sunmscapi.dll
0x00007ffcb4280000 - 0x00007ffcb43e6000 	C:\WINDOWS\System32\CRYPT32.dll
0x00007ffcb3760000 - 0x00007ffcb378e000 	C:\WINDOWS\SYSTEM32\ncrypt.dll
0x00007ffcb3720000 - 0x00007ffcb3757000 	C:\WINDOWS\SYSTEM32\NTASN1.dll
0x00007ffc5a1d0000 - 0x00007ffc5a1e0000 	D:\SoftwareSpace\JAVA\java21\jdk21\bin\verify.dll
0x00007ffc9c750000 - 0x00007ffc9c768000 	F:\anaconda\anaconda3\Library\bin\snappy.dll
0x00007ffc9c6d0000 - 0x00007ffc9c702000 	F:\anaconda\anaconda3\Library\bin\bzip2.dll
0x00007ffc010c0000 - 0x00007ffc017e0000 	C:\Users\hcg\AppData\Local\Temp\librocksdbjni4933280674472733865.dll
0x00007ffc87560000 - 0x00007ffc87568000 	C:\WINDOWS\system32\wshunix.dll

dbghelp: loaded successfully - version: 4.0.5 - missing functions: none
symbol engine: initialized successfully - sym options: 0x614 - pdb path: .;D:\SoftwareSpace\JAVA\java21\jdk21\bin;C:\WINDOWS\SYSTEM32;C:\WINDOWS\WinSxS\amd64_microsoft.windows.common-controls_6595b64144ccf1df_6.0.22621.2215_none_270d72677387dfc3;D:\SoftwareSpace\JAVA\java21\jdk21\bin\server;F:\anaconda\anaconda3\Library\bin;C:\Users\hcg\AppData\Local\Temp

VM Arguments:
jvm_args: -agentlib:jdwp=transport=dt_socket,address=127.0.0.1:4429,suspend=y,server=n -XX:TieredStopAtLevel=1 -Dspring.output.ansi.enabled=always -Dcom.sun.management.jmxremote -Dspring.jmx.enabled=true -Dspring.liveBeansView.mbeanDomain -Dspring.application.admin.enabled=true -Dmanagement.endpoints.jmx.exposure.include=* -javaagent:C:\Users\hcg\AppData\Local\JetBrains\IntelliJIdea2023.3\captureAgent\debugger-agent.jar=file:/C:/Users/hcg/AppData/Local/Temp/capture.props -Dfile.encoding=UTF-8 -Dsun.stdout.encoding=UTF-8 -Dsun.stderr.encoding=UTF-8 
java_command: com.pop.popcoinsystem.PopCoinSystemApplication
java_class_path (initial): F:\workSpace\p2p\PopCoin\pop-coin-system\target\classes;E:\DependencyLibrary\ApacheMaven\apache-maven-3.8.6\localRepository\org\springframework\boot\spring-boot-starter-aop\3.5.0\spring-boot-starter-aop-3.5.0.jar;E:\DependencyLibrary\ApacheMaven\apache-maven-3.8.6\localRepository\org\springframework\boot\spring-boot-starter\3.5.0\spring-boot-starter-3.5.0.jar;E:\DependencyLibrary\ApacheMaven\apache-maven-3.8.6\localRepository\org\springframework\boot\spring-boot\3.5.0\spring-boot-3.5.0.jar;E:\DependencyLibrary\ApacheMaven\apache-maven-3.8.6\localRepository\org\springframework\boot\spring-boot-autoconfigure\3.5.0\spring-boot-autoconfigure-3.5.0.jar;E:\DependencyLibrary\ApacheMaven\apache-maven-3.8.6\localRepository\org\springframework\boot\spring-boot-starter-logging\3.5.0\spring-boot-starter-logging-3.5.0.jar;E:\DependencyLibrary\ApacheMaven\apache-maven-3.8.6\localRepository\ch\qos\logback\logback-classic\1.5.18\logback-classic-1.5.18.jar;E:\DependencyLibrary\ApacheMaven\apache-maven-3.8.6\localRepository\ch\qos\logback\logback-core\1.5.18\logback-core-1.5.18.jar;E:\DependencyLibrary\ApacheMaven\apache-maven-3.8.6\localRepository\org\apache\logging\log4j\log4j-to-slf4j\2.24.3\log4j-to-slf4j-2.24.3.jar;E:\DependencyLibrary\ApacheMaven\apache-maven-3.8.6\localRepository\org\apache\logging\log4j\log4j-api\2.24.3\log4j-api-2.24.3.jar;E:\DependencyLibrary\ApacheMaven\apache-maven-3.8.6\localRepository\org\slf4j\jul-to-slf4j\2.0.17\jul-to-slf4j-2.0.17.jar;E:\DependencyLibrary\ApacheMaven\apache-maven-3.8.6\localRepository\jakarta\annotation\jakarta.annotation-api\2.1.1\jakarta.annotation-api-2.1.1.jar;E:\DependencyLibrary\ApacheMaven\apache-maven-3.8.6\localRepository\org\springframework\spring-core\6.2.7\spring-core-6.2.7.jar;E:\DependencyLibrary\ApacheMaven\apache-maven-3.8.6\localRepository\org\springframework\spring-jcl\6.2.7\spring-jcl-6.2.7.jar;E:\DependencyLibrary\ApacheMaven\apache-maven-3.8.6\localRepository\org\springframework\spring-aop\6.2.7\spring-aop-6.2.7.jar;E:\DependencyLibrary\ApacheMaven\apache-maven-3.8.6\localRepository\org\springframework\spring-beans\6.2.7\spring-beans-6.2.7.jar;E:\DependencyLibrary\ApacheMaven\apache-maven-3.8.6\localRepository\org\aspectj\aspectjweaver\1.9.24\aspectjweaver-1.9.24.jar;E:\DependencyLibrary\ApacheMaven\apache-maven-3.8.6\localRepository\org\springframework\boot\spring-boot-starter-web\3.5.0\spring-boot-starter-web-3.5.0.jar;E:\DependencyLibrary\ApacheMaven\apache-maven-3.8.6\localRepository\org\springframework\boot\spring-boot-starter-json\3.5.0\spring-boot-starter-json-3.5.0.jar;E:\DependencyLibrary\ApacheMaven\apache-maven-3.8.6\localRepository\com\fasterxml\jackson\core\jackson-databind\2.19.0\jackson-databind-2.19.0.jar;E:\DependencyLibrary\ApacheMaven\apache-maven-3.8.6\localRepository\com\fasterxml\jackson\core\jackson-annotations\2.19.0\jackson-annotations-2.19.0.jar;E:\DependencyLibrary\ApacheMaven\apache-maven-3.8.6\localRepository\com\fasterxml\jackson\core\jackson-core\2.19.0\jackson-core-2.19.0.jar;E:\DependencyLibrary\ApacheMaven\apache-maven-3.8.6\localRepository\com\fasterxml\jackson\datatype\jackson-datatype-jdk8\2.19.0\jackson-datatype-jdk8-2.19.0.jar;E:\DependencyLibrary\ApacheMaven\apache-maven-3.8.6\localRepository\com\fasterxml\jackson\datatype\jackson-datatype-jsr310\2.19.0\jackson-datatype-jsr310-2.19.0.jar;E:\DependencyLibrary\ApacheMaven\apache-maven-3.8.6\localRepository\com\fasterxml\jackson\module\jackson-module-parameter-names\2.19.0\jackson-module-parameter-names-2.19.0.jar;E:\DependencyLibrary\ApacheMaven\apache-maven-3.8.6\localRepository\org\springframework\boot\spring-boot-starter-tomcat\3.5.0\spring-boot-starter-tomcat-3.5.0.jar;E:\DependencyLibrary\ApacheMaven\apache-maven-3.8.6\localRepository\org\apache\tomcat\embed\tomcat-embed-core\10.1.41\tomcat-embed-core-10.1.41.jar;E:\DependencyLibrary\ApacheMaven\apache-maven-3.8.6\localRepository\org\apache\tomcat\embed\tomcat-embed-el\10.1.41\tomcat-embed-el-10.1.41.jar;E:\DependencyLibrary\ApacheMaven\apache-maven-3.8.6\localRepository\org\apache\tomcat\embed\tomcat-embed-websocket\10.1.41\tomcat-embed-websocket-10.1.41.jar;E:\DependencyLibrary\ApacheMaven\apache-maven-3.8.6\localRepository\org\springframework\spring-web\6.2.7\spring-web-6.2.7.jar;E:\DependencyLibrary\ApacheMaven\apache-maven-3.8.6\localRepository\io\micrometer\micrometer-observation\1.15.0\micrometer-observation-1.15.0.jar;E:\DependencyLibrary\ApacheMaven\apache-maven-3.8.6\localRepository\io\micrometer\micrometer-commons\1.15.0\micrometer-commons-1.15.0.jar;E:\DependencyLibrary\ApacheMaven\apache-maven-3.8.6\localRepository\org\springframework\spring-webmvc\6.2.7\spring-webmvc-6.2.7.jar;E:\DependencyLibrary\ApacheMaven\apache-maven-3.8.6\localRepository\org\springframework\spring-context\6.2.7\spring-context-6.2.7.jar;E:\DependencyLibrary\ApacheMaven\apache-maven-3.8.6\localRepository\org\springframework\spring-expression\6.2.7\spring-expression-6.2.7.jar;E:\DependencyLibrary\ApacheMaven\apache-maven-3.8.6\localRepository\org\bouncycastle\bcprov-jdk15on\1.59\bcprov-jdk15on-1.59.jar;E:\DependencyLibrary\ApacheMaven\apache-maven-3.8.6\localRepository\org\yaml\snakeyaml\2.2\snakeyaml-2.2.jar;E:\DependencyLibrary\ApacheMaven\apache-maven-3.8.6\localRepository\org\jetbrains\annotations\24.0.1\annotations-24.0.1.jar;E:\DependencyLibrary\ApacheMaven\apache-maven-3.8.6\localRepository\org\rocksdb\rocksdbjni\7.10.2\rocksdbjni-7.10.2.jar;E:\DependencyLibrary\ApacheMaven\apache-maven-3.8.6\localRepository\org\apache\commons\commons-lang3\3.7\commons-lang3-3.7.jar;E:\DependencyLibrary\ApacheMaven\apache-maven-3.8.6\localRepository\commons-codec\commons-codec\1.15\commons-codec-1.15.jar;E:\DependencyLibrary\ApacheMaven\apache-maven-3.8.6\localRepository\io\netty\netty-all\4.1.66.Final\netty-all-4.1.66.Final.jar;E:\DependencyLibrary\ApacheMaven\apache-maven-3.8.6\localRepository\io\netty\netty-handler\4.1.66.Final\netty-handler-4.1.66.Final.jar;E:\DependencyLibrary\ApacheMaven\apache-maven-3.8.6\localRepository\io\netty\netty-common\4.1.121.Final\netty-common-4.1.121.Final.jar;E:\DependencyLibrary\ApacheMaven\apache-maven-3.8.6\localRepository\io\netty\netty-resolver\4.1.121.Final\netty-resolver-4.1.121.Final.jar;E:\DependencyLibrary\ApacheMaven\apache-maven-3.8.6\localRepository\io\netty\netty-buffer\4.1.121.Final\netty-buffer-4.1.121.Final.jar;E:\DependencyLibrary\ApacheMaven\apache-maven-3.8.6\localRepository\io\netty\netty-codec\4.1.121.Final\netty-codec-4.1.121.Final.jar;E:\DependencyLibrary\ApacheMaven\apache-maven-3.8.6\localRepository\com\google\code\gson\gson\2.8.8\gson-2.8.8.jar;E:\DependencyLibrary\ApacheMaven\apache-maven-3.8.6\localRepository\com\esotericsoftware\kryo\4.0.1\kryo-4.0.1.jar;E:\DependencyLibrary\ApacheMaven\apache-maven-3.8.6\localRepository\com\esotericsoftware\reflectasm\1.11.3\reflectasm-1.11.3.jar;E:\DependencyLibrary\ApacheMaven\apache-maven-3.8.6\localRepository\org\ow2\asm\asm\5.0.4\asm-5.0.4.jar;E:\DependencyLibrary\ApacheMaven\apache-maven-3.8.6\localRepository\com\esotericsoftware\minlog\1.3.0\minlog-1.3.0.jar;E:\DependencyLibrary\ApacheMaven\apache-maven-3.8.6\localRepository\org\objenesis\objenesis\2.5.1\objenesis-2.5.1.jar;E:\DependencyLibrary\ApacheMaven\apache-maven-3.8.6\localRepository\com\google\guava\guava\32.0.0-jre\guava-32.0.0-jre.jar;E:\DependencyLibrary\ApacheMaven\apache-maven-3.8.6\localRepository\com\google\guava\failureaccess\1.0.1\failureaccess-1.0.1.jar;E:\DependencyLibrary\ApacheMaven\apache-maven-3.8.6\localRepository\com\google\guava\listenablefuture\9999.0-empty-to-avoid-conflict-with-guava\listenablefuture-9999.0-empty-to-avoid-conflict-with-guava.jar;E:\DependencyLibrary\ApacheMaven\apache-maven-3.8.6\localRepository\com\google\code\findbugs\jsr305\3.0.2\jsr305-3.0.2.jar;E:\DependencyLibrary\ApacheMaven\apache-maven-3.8.6\localRepository\org\checkerframework\checker-qual\3.33.0\checker-qual-3.33.0.jar;E:\DependencyLibrary\ApacheMaven\apache-maven-3.8.6\localRepository\com\google\errorprone\error_prone_annotations\2.18.0\error_prone_annotations-2.18.0.jar;E:\DependencyLibrary\ApacheMaven\apache-maven-3.8.6\localRepository\com\google\j2objc\j2objc-annotations\2.8\j2objc-annotations-2.8.jar;E:\DependencyLibrary\ApacheMaven\apache-maven-3.8.6\localRepository\org\projectlombok\lombok\1.18.38\lombok-1.18.38.jar;E:\DependencyLibrary\ApacheMaven\apache-maven-3.8.6\localRepository\org\jmdns\jmdns\3.6.0\jmdns-3.6.0.jar;E:\DependencyLibrary\ApacheMaven\apache-maven-3.8.6\localRepository\org\slf4j\slf4j-api\2.0.17\slf4j-api-2.0.17.jar;E:\DependencyLibrary\ApacheMaven\apache-maven-3.8.6\localRepository\io\netty\netty-transport\4.1.121.Final\netty-transport-4.1.121.Final.jar;E:\DependencyLibrary\ApacheMaven\apache-maven-3.8.6\localRepository\com\lmax\disruptor\3.4.4\disruptor-3.4.4.jar;D:\SoftwareSpace\IDEA2023\idea2023\IntelliJ IDEA 2023.3.8\lib\idea_rt.jar
Launcher Type: SUN_STANDARD

[Global flags]
     intx CICompilerCount                          = 15                                        {product} {ergonomic}
     uint ConcGCThreads                            = 6                                         {product} {ergonomic}
     uint G1ConcRefinementThreads                  = 23                                        {product} {ergonomic}
   size_t G1HeapRegionSize                         = 8388608                                   {product} {ergonomic}
    uintx GCDrainStackTargetSize                   = 64                                        {product} {ergonomic}
   size_t InitialHeapSize                          = 1073741824                                {product} {ergonomic}
     bool ManagementServer                         = true                                      {product} {command line}
   size_t MarkStackSize                            = 4194304                                   {product} {ergonomic}
   size_t MaxHeapSize                              = 17129537536                               {product} {ergonomic}
   size_t MaxNewSize                               = 10276044800                               {product} {ergonomic}
   size_t MinHeapDeltaBytes                        = 8388608                                   {product} {ergonomic}
   size_t MinHeapSize                              = 8388608                                   {product} {ergonomic}
    uintx NonNMethodCodeHeapSize                   = 4096                                   {pd product} {ergonomic}
    uintx NonProfiledCodeHeapSize                  = 0                                      {pd product} {ergonomic}
     bool ProfileInterpreter                       = false                                  {pd product} {command line}
    uintx ProfiledCodeHeapSize                     = 0                                      {pd product} {ergonomic}
   size_t SoftMaxHeapSize                          = 17129537536                            {manageable} {ergonomic}
     intx TieredStopAtLevel                        = 1                                         {product} {command line}
     bool UseCompressedOops                        = true                           {product lp64_product} {ergonomic}
     bool UseG1GC                                  = true                                      {product} {ergonomic}
     bool UseLargePagesIndividualAllocation        = false                                  {pd product} {ergonomic}

Logging:
Log output configuration:
 #0: stdout all=warning uptime,level,tags foldmultilines=false
 #1: stderr all=off uptime,level,tags foldmultilines=false

Environment Variables:
JAVA_HOME=D:\SoftwareSpace\JAVA\java17\jdk17
PATH=F:\softwareSpace\VMware\bin\;D:\SoftwareSpace\JAVA\java17\jdk17\bin;D:\SoftwareSpace\JAVA\java17\jdk17\jre\bin;F:\anaconda\anaconda3;F:\anaconda\anaconda3\Library\mingw-w64\bin;F:\anaconda\anaconda3\Library\usr\bin;F:\anaconda\anaconda3\Library\bin;F:\anaconda\anaconda3\Scripts;C:\Windows\system32;C:\Windows;C:\Windows\System32\Wbem;C:\Windows\System32\WindowsPowerShell\v1.0\;C:\Windows\System32\OpenSSH\;C:\Program Files (x86)\NVIDIA Corporation\PhysX\Common;C:\Program Files\NVIDIA Corporation\NVIDIA NvDLISR;C:\WINDOWS\system32;C:\WINDOWS;C:\WINDOWS\System32\Wbem;C:\WINDOWS\System32\WindowsPowerShell\v1.0\;C:\WINDOWS\System32\OpenSSH\;C:\Program Files\dotnet\;D:\SoftwareSpace\git\Git\cmd;D:\SoftwareSpace\MySQL\mysql-8.0.34-winx64\bin;D:\SoftwareSpace\nvmspace\nvm;D:\SoftwareSpace\nodejs;D:\SoftwareSpace\Erlang\erl9.3\bin;D:\SoftwareSpace\pythonSpace\python3.10;D:\SoftwareSpace\pythonSpace\python3.10\Scripts;D:\SoftwareSpace\go\bin;F:\productionEnvironment\elasticSearch\elasticsearch-8.13.4\bin;D:\SoftwareSpace\wechat\web\dll;D:\SoftwareSpace\postgresql-space\bin\;E:\DependencyLibrary\ApacheMaven\apache-maven-3.8.6\bin;F:\productionEnvironment\hadoop\hadoop-2.7.1\bin;C:\Program Files\Docker\Docker\resources\bin;F:\DependencyLibrary\flutter_windows\flutter_windows_3.32.5\bin;D:\Windows Kits\10\Windows Performance Toolkit\;F:\DependencyLibrary\AndroidSdk\platform-tools;C:\Users\hcg\AppData\Local\Pub\Cache\bin;D:\SoftwareSpace\pythonSpace\python3.10\Scripts\;D:\SoftwareSpace\pythonSpace\python3.10\;C:\Users\hcg\AppData\Local\Microsoft\WindowsApps;D:\SoftwareSpace1\Bandizip\;D:\SoftwareSpace\nvmspace\nvm;D:\SoftwareSpace\nodejs;D:\SoftwareSpace\WebStorm2022\WebStorm 2023.2.4\WebStorm 2023.3.8\bin;;D:\SoftwareSpace\pycharmSpace\pycharm2023.2.5\PyCharm 2023.2.5\bin;;D:\SoftwareSpace\IDEA2023\idea2023\IntelliJ IDEA 2023.3.8\bin;;F:\softwareSpace\Cursor\cursor\resources\app\bin;D:\SoftwareSpace\VSCode\Microsoft VS Code\bin
USERNAME=hcg
OS=Windows_NT
PROCESSOR_IDENTIFIER=Intel64 Family 6 Model 183 Stepping 1, GenuineIntel
TMP=C:\Users\hcg\AppData\Local\Temp
TEMP=C:\Users\hcg\AppData\Local\Temp




Periodic native trim disabled

---------------  S Y S T E M  ---------------

OS:
 Windows 11 , 64 bit Build 22621 (10.0.22621.2215)
OS uptime: 0 days 14:33 hours
Hyper-V role detected

CPU: total 32 (initial active 32) (16 cores per cpu, 2 threads per core) family 6 model 183 stepping 1 microcode 0x10f, cx8, cmov, fxsr, ht, mmx, 3dnowpref, sse, sse2, sse3, ssse3, sse4.1, sse4.2, popcnt, lzcnt, tsc, tscinvbit, avx, avx2, aes, erms, clmul, bmi1, bmi2, adx, sha, fma, vzeroupper, clflush, clflushopt, clwb, hv, serialize, rdtscp, rdpid, fsrm, f16c, cet_ibt, cet_ss
Processor Information for all 32 processors :
  Max Mhz: 2200, Current Mhz: 2200, Mhz Limit: 2200

Memory: 4k page, system-wide physical 65343M (43592M free)
TotalPageFile size 69439M (AvailPageFile size 41663M)
current process WorkingSet (physical memory assigned to process): 241M, peak: 241M
current process commit charge ("private bytes"): 316M, peak: 1181M

vm_info: Java HotSpot(TM) 64-Bit Server VM (21.0.1+12-LTS-29) for windows-amd64 JRE (21.0.1+12-LTS-29), built on 2023-10-05T13:27:09Z by "mach5one" with MS VC++ 17.1 (VS2022)

END.
