#
# A fatal error has been detected by the Java Runtime Environment:
#
#  EXCEPTION_ACCESS_VIOLATION (0xc0000005) at pc=0x00007ffc3ed3781e, pid=28844, tid=38204
#
# JRE version: Java(TM) SE Runtime Environment (17.0.5+9) (build 17.0.5+9-LTS-191)
# Java VM: Java HotSpot(TM) 64-Bit Server VM (17.0.5+9-LTS-191, mixed mode, emulated-client, sharing, tiered, compressed oops, compressed class ptrs, g1 gc, windows-amd64)
# Problematic frame:
# C  [librocksdbjni7605908617485096342.dll+0xf781e]
#
# No core dump will be written. Minidumps are not enabled by default on client versions of Windows
#
# If you would like to submit a bug report, please visit:
#   https://bugreport.java.com/bugreport/crash.jsp
# The crash happened outside the Java Virtual Machine in native code.
# See problematic frame for where to report the bug.
#

---------------  S U M M A R Y ------------

Command Line: -agentlib:jdwp=transport=dt_socket,address=127.0.0.1:10427,suspend=y,server=n -XX:TieredStopAtLevel=1 -Dspring.output.ansi.enabled=always -Dcom.sun.management.jmxremote -Dspring.jmx.enabled=true -Dspring.liveBeansView.mbeanDomain -Dspring.application.admin.enabled=true -Dmanagement.endpoints.jmx.exposure.include=* -javaagent:C:\Users\hcg\AppData\Local\JetBrains\IntelliJIdea2023.3\captureAgent\debugger-agent.jar=file:/C:/Users/hcg/AppData/Local/Temp/capture.props -Dfile.encoding=UTF-8 com.pop.popcoinsystem.PopCoinSystemApplication

Host: 13th Gen Intel(R) Core(TM) i9-13900HX, 32 cores, 63G,  Windows 11 , 64 bit Build 22621 (10.0.22621.2215)
Time: Mon Aug  4 14:09:01 2025  Windows 11 , 64 bit Build 22621 (10.0.22621.2215) elapsed time: 31.235131 seconds (0d 0h 0m 31s)

---------------  T H R E A D  ---------------

Current thread (0x0000024ff7e44d50):  JavaThread "Thread-3" [_thread_in_native, id=38204, stack(0x0000007dabd00000,0x0000007dabe00000)]

Stack: [0x0000007dabd00000,0x0000007dabe00000],  sp=0x0000007dabdfe960,  free space=1018k
Native frames: (J=compiled Java code, j=interpreted, Vv=VM code, C=native code)
C  [librocksdbjni7605908617485096342.dll+0xf781e]

Java frames: (J=compiled Java code, j=interpreted, Vv=VM code)
J 5859  org.rocksdb.RocksDB.get(J[BIIJ)[B (0 bytes) @ 0x0000024fc53c4406 [0x0000024fc53c43a0+0x0000000000000066]
J 5858 c1 org.rocksdb.RocksDB.get(Lorg/rocksdb/ColumnFamilyHandle;[B)[B (17 bytes) @ 0x0000024fc53b8584 [0x0000024fc53b8520+0x0000000000000064]
j  com.pop.popcoinsystem.storage.StorageService.getMainLatestHeight()J+13
j  com.pop.popcoinsystem.service.blockChain.BlockChainServiceImpl.getMainLatestHeight()J+4
j  jdk.internal.reflect.GeneratedMethodAccessor16.invoke(Ljava/lang/Object;[Ljava/lang/Object;)Ljava/lang/Object;+36
J 3480 c1 jdk.internal.reflect.DelegatingMethodAccessorImpl.invoke(Ljava/lang/Object;[Ljava/lang/Object;)Ljava/lang/Object; java.base@17.0.5 (10 bytes) @ 0x0000024fc5bac984 [0x0000024fc5bac920+0x0000000000000064]
J 6559 c1 org.springframework.aop.support.AopUtils.invokeJoinpointUsingReflection(Ljava/lang/Object;Ljava/lang/reflect/Method;[Ljava/lang/Object;)Ljava/lang/Object; (86 bytes) @ 0x0000024fc594edec [0x0000024fc594eca0+0x000000000000014c]
J 6556 c1 org.springframework.aop.framework.CglibAopProxy$DynamicAdvisedInterceptor.intercept(Ljava/lang/Object;Ljava/lang/reflect/Method;[Ljava/lang/Object;Lorg/springframework/cglib/proxy/MethodProxy;)Ljava/lang/Object; (215 bytes) @ 0x0000024fc59530a4 [0x0000024fc5952f00+0x00000000000001a4]
j  com.pop.popcoinsystem.service.blockChain.BlockChainServiceImpl$$SpringCGLIB$$0.getMainLatestHeight()J+31
j  com.pop.popcoinsystem.service.mining.MiningServiceImpl.adjustDifficulty()V+4
j  com.pop.popcoinsystem.service.mining.MiningServiceImpl.lambda$startMining$0()V+395
j  com.pop.popcoinsystem.service.mining.MiningServiceImpl$$Lambda$1167+0x00000008012b4d10.run()V+4
j  java.lang.Thread.run()V+11 java.base@17.0.5
v  ~StubRoutines::call_stub

siginfo: EXCEPTION_ACCESS_VIOLATION (0xc0000005), reading address 0x0000000000000100


Register to memory mapping:

RIP=0x00007ffc3ed3781e librocksdbjni7605908617485096342.dll
RAX=0x0000024ff7929f10 points into unknown readable memory: 0x00007ffc3f225ee0 | e0 5e 22 3f fc 7f 00 00
RBX=0x0 is NULL
RCX=0x0000024ff5c59400 points into unknown readable memory: 0x0000000000000000 | 00 00 00 00 00 00 00 00
RDX=0x0000007dabdfe9a8 is pointing into the stack for thread: 0x0000024ff7e44d50
RSP=0x0000007dabdfe960 is pointing into the stack for thread: 0x0000024ff7e44d50
RBP=0x0000007dabdfea41 is pointing into the stack for thread: 0x0000024ff7e44d50
RSI=0x0000024ff7e44ff8 points into unknown readable memory: 0x00007ffc31f36650 | 50 66 f3 31 fc 7f 00 00
RDI=0x0000007dabdfec38 is pointing into the stack for thread: 0x0000024ff7e44d50
R8 =0x0000007dabdfeb00 is pointing into the stack for thread: 0x0000024ff7e44d50
R9 =0x0000024ff7929f10 points into unknown readable memory: 0x00007ffc3f225ee0 | e0 5e 22 3f fc 7f 00 00
R10=0x00007ffc7d640000 VCRUNTIME140.dll
R11=0xfffbf9ffffdffeff is an unknown value
R12=