#
# A fatal error has been detected by the Java Runtime Environment:
#
#  EXCEPTION_ACCESS_VIOLATION (0xc0000005) at pc=0x00007ffc62d8781e, pid=41916, tid=43160
#
# JRE version: Java(TM) SE Runtime Environment (17.0.5+9) (build 17.0.5+9-LTS-191)
# Java VM: Java HotSpot(TM) 64-Bit Server VM (17.0.5+9-LTS-191, mixed mode, emulated-client, sharing, tiered, compressed oops, compressed class ptrs, g1 gc, windows-amd64)
# Problematic frame:
# C  [librocksdbjni9047905386910213371.dll+0xf781e]
#
# No core dump will be written. Minidumps are not enabled by default on client versions of Windows
#
# If you would like to submit a bug report, please visit:
#   https://bugreport.java.com/bugreport/crash.jsp
# The crash happened outside the Java Virtual Machine in native code.
# See problematic frame for where to report the bug.
#

---------------  S U M M A R Y ------------

Command Line: -agentlib:jdwp=transport=dt_socket,address=127.0.0.1:11975,suspend=y,server=n -XX:TieredStopAtLevel=1 -Dspring.output.ansi.enabled=always -Dcom.sun.management.jmxremote -Dspring.jmx.enabled=true -Dspring.liveBeansView.mbeanDomain -Dspring.application.admin.enabled=true -Dmanagement.endpoints.jmx.exposure.include=* -javaagent:C:\Users\hcg\AppData\Local\JetBrains\IntelliJIdea2023.3\captureAgent\debugger-agent.jar=file:/C:/Users/hcg/AppData/Local/Temp/capture.props -Dfile.encoding=UTF-8 com.pop.popcoinsystem.PopCoinSystemApplication

Host: 13th Gen Intel(R) Core(TM) i9-13900HX, 32 cores, 63G,  Windows 11 , 64 bit Build 22621 (10.0.22621.2215)
Time: Tue Aug  5 19:55:10 2025  Windows 11 , 64 bit Build 22621 (10.0.22621.2215) elapsed time: 12.522441 seconds (0d 0h 0m 12s)

---------------  T H R E A D  ---------------

Current thread (0x00000209ff365950):  JavaThread "nioEventLoopGroup-4-1" [_thread_in_native, id=43160, stack(0x0000007eb9300000,0x0000007eb9400000)]

Stack: [0x0000007eb9300000,0x0000007eb9400000],  sp=0x0000007eb93fd6f0,  free space=1013k
Native frames: (J=compiled Java code, j=interpreted, Vv=VM code, C=native code)
C  [librocksdbjni9047905386910213371.dll+0xf781e]

Java frames: (J=compiled Java code, j=interpreted, Vv=VM code)
j  org.rocksdb.RocksDB.get(J[BIIJ)[B+0
j  org.rocksdb.RocksDB.get(Lorg/rocksdb/ColumnFamilyHandle;[B)[B+13
j  com.pop.popcoinsystem.storage.StorageService.getBlockByHash([B)Lcom/pop/popcoinsystem/data/block/Block;+17
j  com.pop.popcoinsystem.service.blockChain.BlockChainServiceImpl.getBlockByHash([B)Lcom/pop/popcoinsystem/data/block/Block;+5
j  com.pop.popcoinsystem.service.blockChain.BlockChainServiceImpl.verifyBlock(Lcom/pop/popcoinsystem/data/block/Block;Z)Z+60
v  ~StubRoutines::call_stub
J 5128  jdk.internal.reflect.NativeMethodAccessorImpl.invoke0(Ljava/lang/reflect/Method;Ljava/lang/Object;[Ljava/lang/Object;)Ljava/lang/Object; java.base@17.0.5 (0 bytes) @ 0x00000209edaaeaa7 [0x00000209edaaea20+0x0000000000000087]
J 5127 c1 jdk.internal.reflect.NativeMethodAccessorImpl.invoke(Ljava/lang/Object;[Ljava/lang/Object;)Ljava/lang/Object; java.base@17.0.5 (137 bytes) @ 0x00000209edaaf2b4 [0x00000209edaaef80+0x0000000000000334]
J 3438 c1 jdk.internal.reflect.DelegatingMethodAccessorImpl.invoke(Ljava/lang/Object;[Ljava/lang/Object;)Ljava/lang/Object; java.base@17.0.5 (10 bytes) @ 0x00000209ed7ad804 [0x00000209ed7ad7a0+0x0000000000000064]
J 3439 c1 java.lang.reflect.Method.invoke(Ljava/lang/Object;[Ljava/lang/Object;)Ljava/lang/Object; java.base@17.0.5 (65 bytes) @ 0x00000209ed7adc0c [0x00000209ed7adae0+0x000000000000012c]
j  org.springframework.aop.support.AopUtils.invokeJoinpointUsingReflection(Ljava/lang/Object;Ljava/lang/reflect/Method;[Ljava/lang/Object;)Ljava/lang/Object;+34
j  org.springframework.aop.framework.CglibAopProxy$DynamicAdvisedInterceptor.intercept(Ljava/lang/Object;Ljava/lang/reflect/Method;[Ljava/lang/Object;Lorg/springframework/cglib/proxy/MethodProxy;)Ljava/lang/Object;+96
j  com.pop.popcoinsystem.service.blockChain.BlockChainServiceImpl$$SpringCGLIB$$0.verifyBlock(Lcom/pop/popcoinsystem/data/block/Block;Z)Z+48
j  com.pop.popcoinsystem.network.protocol.messageHandler.BlockMessageHandler.doHandle(Lcom/pop/popcoinsystem/network/service/KademliaNodeServer;Lcom/pop/popcoinsystem/network/protocol/message/BlockMessage;)Lcom/pop/popcoinsystem/network/protocol/message/BlockMessage;+90
j  com.pop.popcoinsystem.network.protocol.messageHandler.BlockMessageHandler.handleMesage(Lcom/pop/popcoinsystem/network/service/KademliaNodeServer;Lcom/pop/popcoinsystem/network/protocol/message/KademliaMessage;)Lcom/pop/popcoinsystem/network/protocol/message/KademliaMessage;+6
j  com.pop.popcoinsystem.network.service.KademliaUdpHandler.channelRead0(Lio/netty/channel/ChannelHandlerContext;Lcom/pop/popcoinsystem/network/protocol/message/KademliaMessage;)V+157
j  com.pop.popcoinsystem.network.service.KademliaUdpHandler.channelRead0(Lio/netty/channel/ChannelHandlerContext;Ljava/lang/Object;)V+6
j  io.netty.channel.SimpleChannelInboundHandler.channelRead(Lio/netty/channel/ChannelHandlerContext;Ljava/lang/Object;)V+17
j  io.netty.channel.AbstractChannelHandlerContext.invokeChannelRead(Ljava/lang/Object;)V+16
j  io.netty.channel.AbstractChannelHandlerContext.invokeChannelRead(Lio/netty/channel/AbstractChannelHandlerContext;Ljava/lang/Object;)V+31
j  io.netty.channel.AbstractChannelHandlerContext.fireChannelRead(Ljava/lang/Object;)Lio/netty/channel/ChannelHandlerContext;+7
j  io.netty.handler.codec.MessageToMessageDecoder.channelRead(Lio/netty/channel/ChannelHandlerContext;Ljava/lang/Object;)V+75
j  io.netty.channel.AbstractChannelHandlerContext.invokeChannelRead(Ljava/lang/Object;)V+16
j  io.netty.channel.AbstractChannelHandlerContext.invokeChannelRead(Lio/netty/channel/AbstractChannelHandlerContext;Ljava/lang/Object;)V+31
j  io.netty.channel.AbstractChannelHandlerContext.fireChannelRead(Ljava/lang/Object;)Lio/netty/channel/ChannelHandlerContext;+7
j  io.netty.handler.codec.ByteToMessageDecoder.channelRead(Lio/netty/channel/ChannelHandlerContext;Ljava/lang/Object;)V+321
j  io.netty.channel.AbstractChannelHandlerContext.invokeChannelRead(Ljava/lang/Object;)V+16
j  io.netty.channel.AbstractChannelHandlerContext.invokeChannelRead(Lio/netty/channel/AbstractChannelHandlerContext;Ljava/lang/Object;)V+31
j  io.netty.channel.AbstractChannelHandlerContext.fireChannelRead(Ljava/lang/Object;)Lio/netty/channel/ChannelHandlerContext;+7
j  io.netty.channel.DefaultChannelPipeline$HeadContext.channelRead(Lio/netty/channel/ChannelHandlerContext;Ljava/lang/Object;)V+2
j  io.netty.channel.AbstractChannelHandlerContext.invokeChannelRead(Ljava/lang/Object;)V+16
j  io.netty.channel.AbstractChannelHandlerContext.invokeChannelRead(Lio/netty/channel/AbstractChannelHandlerContext;Ljava/lang/Object;)V+31
j  io.netty.channel.DefaultChannelPipeline.fireChannelRead(Ljava/lang/Object;)Lio/netty/channel/ChannelPipeline;+5
j  io.netty.channel.nio.AbstractNioMessageChannel$NioMessageUnsafe.read()V+170
j  io.netty.channel.nio.NioEventLoop.processSelectedKey(Ljava/nio/channels/SelectionKey;Lio/netty/channel/nio/AbstractNioChannel;)V+113
j  io.netty.channel.nio.NioEventLoop.processSelectedKeysOptimized()V+51
j  io.netty.channel.nio.NioEventLoop.processSelectedKeys()V+8
j  io.netty.channel.nio.NioEventLoop.run()V+263
j  io.netty.util.concurrent.SingleThreadEventExecutor$4.run()V+44
j  io.netty.util.internal.ThreadExecutorMap$2.run()V+11
j  io.netty.util.concurrent.FastThreadLocalRunnable.run()V+4
j  java.lang.Thread.run()V+11 java.base@17.0.5
v  ~StubRoutines::call_stub

siginfo: EXCEPTION_ACCESS_VIOLATION (0xc0000005), reading address 0x0000000000000100


Register to memory mapping:

RIP=0x00007ffc62d8781e librocksdbjni9047905386910213371.dll
RAX=0x00000209feccea30 points into unknown readable memory: 0x00007ffc63275ee0 | e0 5e 27 63 fc 7f 00 00
RBX=0x0 is NULL
RCX=0x00000209fd2a9840 points into unknown readable memory: 0x0000000000000000 | 00 00 00 00 00 00 00 00
RDX=0x0000007eb93fd738 is pointing into the stack for thread: 0x00000209ff365950
RSP=0x0000007eb93fd6f0 is pointing into the stack for thread: 0x00000209ff365950
RBP=0x0000007eb93fd7d1 is pointing into the stack for thread: 0x00000209ff365950
RSI=0x00000209ff365bf8 points into unknown readable memory: 0x00007ffc31f36650 | 50 66 f3 31 fc 7f 00 00
RDI=0x0000007eb93fda68 is pointing into the stack for thread: 0x00000209ff365950
R8 =0x0000007eb93fd890 is pointing into the stack for thread: 0x00000209ff365950
R9 =0x00000209feccea30 points into unknown readable memory: 0x00007ffc63275ee0 | e0 5e 27 63 fc 7f 00 00
R10=0x00007ffc7d640000 VCRUNTIME140.dll
R11=0x0088310000000000 is an unknown value
R12=0x00000209ff24a3e0 points into unknown readable memory: 0x9a50a133e0300000 | 00 00 30 e0 33 a1 50 9a
R13=0x00000209fd2a9840 points into unknown readable memory: 0x0000000000000000 | 00 00 00 00 00 00 00 00
R14=0x0 is NULL
R15=0x0 is NULL


Registers:
RAX=0x00000209feccea30, RBX=0x0000000000000000, RCX=0x00000209fd2a9840, RDX=0x0000007eb93fd738
RSP=0x0000007eb93fd6f0, RBP=0x0000007eb93fd7d1, RSI=0x00000209ff365bf8, RDI=0x0000007eb93fda68
R8 =0x0000007eb93fd890, R9 =0x00000209feccea30, R10=0x00007ffc7d640000, R11=0x0088310000000000
R12=0x00000209ff24a3e0, R13=0x00000209fd2a9840, R14=0x0000000000000000, R15=0x0000000000000000
RIP=0x00007ffc62d8781e, EFLAGS=0x0000000000010206

Top of Stack: (sp=0x0000007eb93fd6f0)
0x0000007eb93fd6f0:   0000000000000020 00000209ff365bf8
0x0000007eb93fd700:   00000209ff365bf8 000000008b4a245b
0x0000007eb93fd710:   0000007eb93fd748 0000007eb93fd760
0x0000007eb93fd720:   0000000000000000 0000000000000000
0x0000007eb93fd730:   0000007eb93fd890 00000209feccea30
0x0000007eb93fd740:   00000209a1d38000 00000209ff24a3e0
0x0000007eb93fd750:   0000000000000020 00000209a1d362f8
0x0000007eb93fd760:   00007ffc6329a2ec 0000000000000000
0x0000007eb93fd770:   0000000000000000 00007ffc319e6eb2
0x0000007eb93fd780:   00000209a1d378b0 0000000000000000
0x0000007eb93fd790:   0000000000000000 0000000000000000
0x0000007eb93fd7a0:   0000000000000000 000000000000000f
0x0000007eb93fd7b0:   0000007eb93fd790 0000007eb93fd700
0x0000007eb93fd7c0:   0000a2456e700e01 00000209ecd49dd2
0x0000007eb93fd7d0:   000000000000003f 00000209ff365950
0x0000007eb93fd7e0:   0000000000000020 00000209fe996850 

Instructions: (pc=0x00007ffc62d8781e)
0x00007ffc62d8771e:   5c 00 48 33 c4 48 89 45 ef 4c 89 4c 24 48 4c 89
0x00007ffc62d8772e:   44 24 40 4c 8b ea 48 8b f1 48 8b 7d 6f 48 63 5d
0x00007ffc62d8773e:   7f 48 8b cb e8 c9 19 46 00 4c 8b e0 48 8b 0e 4c
0x00007ffc62d8774e:   8b 91 40 06 00 00 48 89 44 24 20 44 8b cb 44 8b
0x00007ffc62d8775e:   45 77 48 8b d7 48 8b ce 41 ff d2 48 8b 0e 48 8b
0x00007ffc62d8776e:   91 20 07 00 00 48 8b ce ff d2 84 c0 74 0f 49 8b
0x00007ffc62d8777e:   cc e8 14 16 46 00 33 c0 e9 df 03 00 00 4c 89 64
0x00007ffc62d8778e:   24 58 48 89 5c 24 60 48 8d 05 50 2b 51 00 48 89
0x00007ffc62d8779e:   45 8f 45 33 f6 4c 89 75 97 48 8d 4d 9f e8 50 95
0x00007ffc62d877ae:   10 00 4c 89 75 bf 66 0f 6f 05 94 6e 4c 00 66 0f
0x00007ffc62d877be:   7f 45 cf 44 88 75 bf 44 88 75 e7 48 8d 45 bf 48
0x00007ffc62d877ce:   89 45 df 44 89 74 24 30 66 44 89 74 24 34 45 8b
0x00007ffc62d877de:   fe 4c 89 74 24 38 49 8b 5d 00 48 8b 44 24 48 48
0x00007ffc62d877ee:   85 c0 75 09 49 8b cd ff 93 d0 03 00 00 48 8d 4d
0x00007ffc62d877fe:   8f 48 89 4c 24 28 48 8d 4c 24 58 48 89 4c 24 20
0x00007ffc62d8780e:   4c 8b c8 4c 8b 44 24 40 48 8d 54 24 48 49 8b cd
0x00007ffc62d8781e:   ff 93 00 01 00 00 48 8b d0 32 db 48 8d 44 24 30
0x00007ffc62d8782e:   48 3b c2 74 5f 0f b6 42 02 88 44 24 32 0f b6 42
0x00007ffc62d8783e:   03 88 44 24 33 0f b6 42 04 88 44 24 34 0f b6 1a
0x00007ffc62d8784e:   0f b6 4a 01 0f b6 42 05 c6 02 00 c6 42 01 00 c6
0x00007ffc62d8785e:   42 02 00 c6 42 03 00 c6 42 04 00 c6 42 05 00 88
0x00007ffc62d8786e:   44 24 35 48 83 c2 08 48 8d 44 24 38 48 3b c2 88
0x00007ffc62d8787e:   4c 24 31 88 5c 24 30 74 0b 4c 8b 3a 4c 89 32 4c
0x00007ffc62d8788e:   89 7c 24 38 48 8b 4c 24 50 48 85 c9 74 05 e8 f7
0x00007ffc62d8789e:   14 46 00 49 8b cc e8 ef 14 46 00 80 fb 01 74 7d
0x00007ffc62d878ae:   48 8b ce 84 db 0f 85 cb 00 00 00 4c 8b 45 97 48
0x00007ffc62d878be:   8b 55 8f e8 2a ac fd ff 48 8b f0 48 8b 45 9f 48
0x00007ffc62d878ce:   85 c0 74 44 48 8b 55 af 48 8b 4d a7 ff d0 48 8b
0x00007ffc62d878de:   7d b7 48 85 ff 74 31 66 66 66 0f 1f 84 00 00 00
0x00007ffc62d878ee:   00 00 48 8b 07 48 8b 57 10 48 8b 4f 08 ff d0 48
0x00007ffc62d878fe:   8b 5f 18 ba 20 00 00 00 48 8b cf e8 16 13 46 00
0x00007ffc62d8790e:   48 8b fb 48 85 db 75 da 4c 89 75 9f 4c 89 75 b7 


Stack slot to memory mapping:
stack at sp + 0 slots: 0x0000000000000020 is an unknown value
stack at sp + 1 slots: 0x00000209ff365bf8 points into unknown readable memory: 0x00007ffc31f36650 | 50 66 f3 31 fc 7f 00 00
stack at sp + 2 slots: 0x00000209ff365bf8 points into unknown readable memory: 0x00007ffc31f36650 | 50 66 f3 31 fc 7f 00 00
stack at sp + 3 slots: 0x000000008b4a245b is an unknown value
stack at sp + 4 slots: 0x0000007eb93fd748 is pointing into the stack for thread: 0x00000209ff365950
stack at sp + 5 slots: 0x0000007eb93fd760 is pointing into the stack for thread: 0x00000209ff365950
stack at sp + 6 slots: 0x0 is NULL
stack at sp + 7 slots: 0x0 is NULL


---------------  P R O C E S S  ---------------

Threads class SMR info:
_java_thread_list=0x00000209fc4949f0, length=33, elements={
0x00000209fab91360, 0x00000209fab91f10, 0x00000209fabaaa90, 0x00000209fabad960,
0x00000209fabaeb30, 0x00000209fabb18f0, 0x00000209fabb2350, 0x00000209fabb3350,
0x00000209fac1f500, 0x00000209fad57c80, 0x00000209fad6ecd0, 0x00000209fbdc2020,
0x00000209fce1b280, 0x00000209fce017e0, 0x00000209fced8f30, 0x00000209fced9400,
0x00000209fced98d0, 0x00000209fcb83530, 0x00000209fcb83ed0, 0x00000209fcb84870,
0x00000209ff362460, 0x00000209ff365950, 0x00000209ff365e20, 0x00000209ff368970,
0x00000209ff361f90, 0x00000209ff3684a0, 0x00000209ff368e40, 0x00000209ff363c70,
0x00000209ff3637a0, 0x00000209ff3615f0, 0x00000209ff367b00, 0x00000209ff366c90,
0x00000209ff361ac0
}

Java Threads: ( => current thread )
  0x00000209fab91360 JavaThread "Reference Handler" daemon [_thread_blocked, id=43728, stack(0x0000007eb4900000,0x0000007eb4a00000)]
  0x00000209fab91f10 JavaThread "Finalizer" daemon [_thread_blocked, id=44092, stack(0x0000007eb4a00000,0x0000007eb4b00000)]
  0x00000209fabaaa90 JavaThread "Signal Dispatcher" daemon [_thread_blocked, id=36564, stack(0x0000007eb4b00000,0x0000007eb4c00000)]
  0x00000209fabad960 JavaThread "Attach Listener" daemon [_thread_blocked, id=42208, stack(0x0000007eb4c00000,0x0000007eb4d00000)]
  0x00000209fabaeb30 JavaThread "Service Thread" daemon [_thread_blocked, id=40452, stack(0x0000007eb4d00000,0x0000007eb4e00000)]
  0x00000209fabb18f0 JavaThread "Monitor Deflation Thread" daemon [_thread_blocked, id=16560, stack(0x0000007eb4e00000,0x0000007eb4f00000)]
  0x00000209fabb2350 JavaThread "C1 CompilerThread0" daemon [_thread_blocked, id=2956, stack(0x0000007eb4f00000,0x0000007eb5000000)]
  0x00000209fabb3350 JavaThread "Sweeper thread" daemon [_thread_blocked, id=25304, stack(0x0000007eb5000000,0x0000007eb5100000)]
  0x00000209fac1f500 JavaThread "Common-Cleaner" daemon [_thread_blocked, id=3480, stack(0x0000007eb5100000,0x0000007eb5200000)]
  0x00000209fad57c80 JavaThread "JDWP Event Helper Thread" daemon [_thread_blocked, id=44272, stack(0x0000007eb5a00000,0x0000007eb5b00000)]
  0x00000209fad6ecd0 JavaThread "Notification Thread" daemon [_thread_blocked, id=28564, stack(0x0000007eb5c00000,0x0000007eb5d00000)]
  0x00000209fbdc2020 JavaThread "RMI TCP Accept-0" daemon [_thread_in_native, id=32316, stack(0x0000007eb5d00000,0x0000007eb5e00000)]
  0x00000209fce1b280 JavaThread "RMI TCP Connection(1)-192.168.1.51" daemon [_thread_in_native, id=38344, stack(0x0000007eb7a00000,0x0000007eb7b00000)]
  0x00000209fce017e0 JavaThread "RMI Scheduler(0)" daemon [_thread_blocked, id=22876, stack(0x0000007eb7b00000,0x0000007eb7c00000)]
  0x00000209fced8f30 JavaThread "Catalina-utility-1" [_thread_blocked, id=44764, stack(0x0000007eb7c00000,0x0000007eb7d00000)]
  0x00000209fced9400 JavaThread "Catalina-utility-2" [_thread_blocked, id=45832, stack(0x0000007eb7d00000,0x0000007eb7e00000)]
  0x00000209fced98d0 JavaThread "container-0" [_thread_blocked, id=25180, stack(0x0000007eb7e00000,0x0000007eb7f00000)]
  0x00000209fcb83530 JavaThread "Cleaner-0" daemon [_thread_blocked, id=41804, stack(0x0000007eb8200000,0x0000007eb8300000)]
  0x00000209fcb83ed0 JavaThread "block-sync-scheduler" daemon [_thread_blocked, id=44696, stack(0x0000007eb8300000,0x0000007eb8400000)]
  0x00000209fcb84870 JavaThread "nioEventLoopGroup-3-1" [_thread_in_native, id=29692, stack(0x0000007eb8400000,0x0000007eb8500000)]
  0x00000209ff362460 JavaThread "HttpClient-1-SelectorManager" daemon [_thread_in_native, id=41700, stack(0x0000007eb9200000,0x0000007eb9300000)]
=>0x00000209ff365950 JavaThread "nioEventLoopGroup-4-1" [_thread_in_native, id=43160, stack(0x0000007eb9300000,0x0000007eb9400000)]
  0x00000209ff365e20 JavaThread "nioEventLoopGroup-5-1" [_thread_in_native, id=12000, stack(0x0000007eb9400000,0x0000007eb9500000)]
  0x00000209ff368970 JavaThread "nioEventLoopGroup-2-1" [_thread_in_native, id=42268, stack(0x0000007eb9600000,0x0000007eb9700000)]
  0x00000209ff361f90 JavaThread "nioEventLoopGroup-2-2" [_thread_in_native, id=28244, stack(0x0000007eb9700000,0x0000007eb9800000)]
  0x00000209ff3684a0 JavaThread "nioEventLoopGroup-2-3" [_thread_in_native, id=45700, stack(0x0000007eb9800000,0x0000007eb9900000)]
  0x00000209ff368e40 JavaThread "DestroyJavaVM" [_thread_blocked, id=24212, stack(0x0000007eb4200000,0x0000007eb4300000)]
  0x00000209ff363c70 JavaThread "nioEventLoopGroup-6-1" [_thread_in_native, id=34332, stack(0x0000007eb5800000,0x0000007eb5900000)]
  0x00000209ff3637a0 JavaThread "nioEventLoopGroup-2-4" [_thread_in_native, id=44148, stack(0x0000007eb9900000,0x0000007eb9a00000)]
  0x00000209ff3615f0 JavaThread "nioEventLoopGroup-2-5" [_thread_in_native, id=32116, stack(0x0000007eb9a00000,0x0000007eb9b00000)]
  0x00000209ff367b00 JavaThread "nioEventLoopGroup-2-6" [_thread_in_native, id=45852, stack(0x0000007eb9b00000,0x0000007eb9c00000)]
  0x00000209ff366c90 JavaThread "SIGINT handler" daemon [_thread_blocked, id=5432, stack(0x0000007eb5300000,0x0000007eb5400000)]
  0x00000209ff361ac0 JavaThread "SpringApplicationShutdownHook" [_thread_blocked, id=39484, stack(0x0000007eb5500000,0x0000007eb5600000)]

Other Threads:
  0x00000209fab8d4d0 VMThread "VM Thread" [stack: 0x0000007eb4800000,0x0000007eb4900000] [id=30052]
  0x00000209f7014870 WatcherThread [stack: 0x0000007eb5e00000,0x0000007eb5f00000] [id=38872]
  0x00000209e5594fc0 GCTaskThread "GC Thread#0" [stack: 0x0000007eb4300000,0x0000007eb4400000] [id=10780]
  0x00000209fc448440 GCTaskThread "GC Thread#1" [stack: 0x0000007eb5f00000,0x0000007eb6000000] [id=39960]
  0x00000209fc4486f0 GCTaskThread "GC Thread#2" [stack: 0x0000007eb6000000,0x0000007eb6100000] [id=45672]
  0x00000209fc4491b0 GCTaskThread "GC Thread#3" [stack: 0x0000007eb6100000,0x0000007eb6200000] [id=40076]
  0x00000209fc449460 GCTaskThread "GC Thread#4" [stack: 0x0000007eb6200000,0x0000007eb6300000] [id=30680]
  0x00000209fc449710 GCTaskThread "GC Thread#5" [stack: 0x0000007eb6300000,0x0000007eb6400000] [id=27180]
  0x00000209fc4499c0 GCTaskThread "GC Thread#6" [stack: 0x0000007eb6400000,0x0000007eb6500000] [id=33380]
  0x00000209fc44a480 GCTaskThread "GC Thread#7" [stack: 0x0000007eb6500000,0x0000007eb6600000] [id=29984]
  0x00000209fc44e740 GCTaskThread "GC Thread#8" [stack: 0x0000007eb6600000,0x0000007eb6700000] [id=42972]
  0x00000209fc44e9f0 GCTaskThread "GC Thread#9" [stack: 0x0000007eb6700000,0x0000007eb6800000] [id=28236]
  0x00000209fc44f4b0 GCTaskThread "GC Thread#10" [stack: 0x0000007eb6800000,0x0000007eb6900000] [id=42192]
  0x00000209fc454bb0 GCTaskThread "GC Thread#11" [stack: 0x0000007eb6900000,0x0000007eb6a00000] [id=37504]
  0x00000209fc455970 GCTaskThread "GC Thread#12" [stack: 0x0000007eb6a00000,0x0000007eb6b00000] [id=10596]
  0x00000209fc456ef0 GCTaskThread "GC Thread#13" [stack: 0x0000007eb6b00000,0x0000007eb6c00000] [id=41920]
  0x00000209fc456990 GCTaskThread "GC Thread#14" [stack: 0x0000007eb6c00000,0x0000007eb6d00000] [id=31164]
  0x00000209fc455c20 GCTaskThread "GC Thread#15" [stack: 0x0000007eb6d00000,0x0000007eb6e00000] [id=30132]
  0x00000209fc4556c0 GCTaskThread "GC Thread#16" [stack: 0x0000007eb6e00000,0x0000007eb6f00000] [id=8288]
  0x00000209fc4571a0 GCTaskThread "GC Thread#17" [stack: 0x0000007eb6f00000,0x0000007eb7000000] [id=42708]
  0x00000209fc455ed0 GCTaskThread "GC Thread#18" [stack: 0x0000007eb7000000,0x0000007eb7100000] [id=39004]
  0x00000209fc456180 GCTaskThread "GC Thread#19" [stack: 0x0000007eb7100000,0x0000007eb7200000] [id=38828]
  0x00000209fc456c40 GCTaskThread "GC Thread#20" [stack: 0x0000007eb7200000,0x0000007eb7300000] [id=31356]
  0x00000209fc456430 GCTaskThread "GC Thread#21" [stack: 0x0000007eb7300000,0x0000007eb7400000] [id=42400]
  0x00000209fc4566e0 GCTaskThread "GC Thread#22" [stack: 0x0000007eb7400000,0x0000007eb7500000] [id=37676]
  0x00000209e54feb80 ConcurrentGCThread "G1 Main Marker" [stack: 0x0000007eb4400000,0x0000007eb4500000] [id=30332]
  0x00000209f6fb9410 ConcurrentGCThread "G1 Conc#0" [stack: 0x0000007eb4500000,0x0000007eb4600000] [id=26172]
  0x00000209fc60b5f0 ConcurrentGCThread "G1 Conc#1" [stack: 0x0000007eb7500000,0x0000007eb7600000] [id=35956]
  0x00000209fc60a880 ConcurrentGCThread "G1 Conc#2" [stack: 0x0000007eb7600000,0x0000007eb7700000] [id=43300]
  0x00000209fc60a070 ConcurrentGCThread "G1 Conc#3" [stack: 0x0000007eb7700000,0x0000007eb7800000] [id=17532]
  0x00000209fc60ab30 ConcurrentGCThread "G1 Conc#4" [stack: 0x0000007eb7800000,0x0000007eb7900000] [id=26548]
  0x00000209fc60b8a0 ConcurrentGCThread "G1 Conc#5" [stack: 0x0000007eb7900000,0x0000007eb7a00000] [id=31144]
  0x00000209f716d020 ConcurrentGCThread "G1 Refine#0" [stack: 0x0000007eb4600000,0x0000007eb4700000] [id=25368]
  0x00000209f716e8f0 ConcurrentGCThread "G1 Service" [stack: 0x0000007eb4700000,0x0000007eb4800000] [id=44252]

Threads with active compile tasks:

VM state: not at safepoint (normal execution)

VM Mutex/Monitor currently owned by a thread: None

Heap address: 0x0000000403000000, size: 16336 MB, Compressed Oops mode: Zero based, Oop shift amount: 3

CDS archive(s) mapped at: [0x0000000800000000-0x0000000800bd0000-0x0000000800bd0000), size 12386304, SharedBaseAddress: 0x0000000800000000, ArchiveRelocationMode: 0.
Compressed class space mapped at: 0x0000000800c00000-0x0000000840c00000, reserved size: 1073741824
Narrow klass base: 0x0000000800000000, Narrow klass shift: 0, Narrow klass range: 0x100000000

GC Precious Log:
 CPUs: 32 total, 32 available
 Memory: 65343M
 Large Page Support: Disabled
 NUMA Support: Disabled
 Compressed Oops: Enabled (Zero based)
 Heap Region Size: 8M
 Heap Min Capacity: 8M
 Heap Initial Capacity: 1G
 Heap Max Capacity: 16336M
 Pre-touch: Disabled
 Parallel Workers: 23
 Concurrent Workers: 6
 Concurrent Refinement Workers: 23
 Periodic GC: Disabled

Heap:
 garbage-first heap   total 81920K, used 38469K [0x0000000403000000, 0x0000000800000000)
  region size 8192K, 3 young (24576K), 1 survivors (8192K)
 Metaspace       used 48807K, committed 49408K, reserved 1097728K
  class space    used 6564K, committed 6848K, reserved 1048576K

Heap Regions: E=young(eden), S=young(survivor), O=old, HS=humongous(starts), HC=humongous(continues), CS=collection set, F=free, OA=open archive, CA=closed archive, TAMS=top-at-mark-start (previous, next)
|   0|0x0000000403000000, 0x0000000403701400, 0x0000000403800000| 87%| O|  |TAMS 0x0000000403701400, 0x0000000403000000| Untracked 
|   1|0x0000000403800000, 0x0000000404000000, 0x0000000404000000|100%| O|  |TAMS 0x0000000403cf2e00, 0x0000000403800000| Untracked 
|   2|0x0000000404000000, 0x0000000404800000, 0x0000000404800000|100%| O|  |TAMS 0x0000000404000000, 0x0000000404000000| Untracked 
|   3|0x0000000404800000, 0x00000004049c6000, 0x0000000405000000| 22%| O|  |TAMS 0x0000000404800000, 0x0000000404800000| Untracked 
|   4|0x0000000405000000, 0x0000000405000000, 0x0000000405800000|  0%| F|  |TAMS 0x0000000405000000, 0x0000000405000000| Untracked 
|   5|0x0000000405800000, 0x0000000405800000, 0x0000000406000000|  0%| F|  |TAMS 0x0000000405800000, 0x0000000405800000| Untracked 
|   6|0x0000000406000000, 0x0000000406000000, 0x0000000406800000|  0%| F|  |TAMS 0x0000000406000000, 0x0000000406000000| Untracked 
|   7|0x0000000406800000, 0x0000000406cca250, 0x0000000407000000| 59%| S|CS|TAMS 0x0000000406800000, 0x0000000406800000| Complete 
| 121|0x000000043f800000, 0x000000043ffaf468, 0x0000000440000000| 96%| E|  |TAMS 0x000000043f800000, 0x000000043f800000| Complete 
| 127|0x0000000442800000, 0x0000000443000000, 0x0000000443000000|100%| E|CS|TAMS 0x0000000442800000, 0x0000000442800000| Complete 

Card table byte_map: [0x00000209f2e40000,0x00000209f4e30000] _byte_map_base: 0x00000209f0e28000

Marking Bits (Prev, Next): (CMBitMap*) 0x00000209e55954e0, (CMBitMap*) 0x00000209e5595520
 Prev Bits: [0x0000020980000000, 0x000002098ff40000)
 Next Bits: [0x000002098ff40000, 0x000002099fe80000)

Polling page: 0x00000209e34c0000

Metaspace:

Usage:
  Non-class:     41.25 MB used.
      Class:      6.41 MB used.
       Both:     47.66 MB used.

Virtual space:
  Non-class space:       48.00 MB reserved,      41.56 MB ( 87%) committed,  6 nodes.
      Class space:        1.00 GB reserved,       6.69 MB ( <1%) committed,  1 nodes.
             Both:        1.05 GB reserved,      48.25 MB (  5%) committed. 

Chunk freelists:
   Non-Class:  2.22 MB
       Class:  1.31 MB
        Both:  3.53 MB

MaxMetaspaceSize: unlimited
CompressedClassSpaceSize: 1.00 GB
Initial GC threshold: 21.00 MB
Current GC threshold: 59.06 MB
CDS: on
MetaspaceReclaimPolicy: balanced
 - commit_granule_bytes: 65536.
 - commit_granule_words: 8192.
 - virtual_space_node_default_size: 1048576.
 - enlarge_chunks_in_place: 1.
 - new_chunks_are_fully_committed: 0.
 - uncommit_free_chunks: 1.
 - use_allocation_guard: 0.
 - handle_deallocations: 1.


Internal statistics:

num_allocs_failed_limit: 6.
num_arena_births: 936.
num_arena_deaths: 0.
num_vsnodes_births: 7.
num_vsnodes_deaths: 0.
num_space_committed: 772.
num_space_uncommitted: 0.
num_chunks_returned_to_freelist: 6.
num_chunks_taken_from_freelist: 2622.
num_chunk_merges: 6.
num_chunk_splits: 1849.
num_chunks_enlarged: 1372.
num_purges: 0.
num_inconsistent_stats: 0.

CodeCache: size=49152Kb used=11017Kb max_used=14786Kb free=38134Kb
 bounds [0x00000209ecd40000, 0x00000209edbc0000, 0x00000209efd40000]
 total_blobs=6460 nmethods=5782 adapters=603
 compilation: enabled
              stopped_count=0, restarted_count=0
 full_count=0

Compilation events (20 events):
Event: 8.845 Thread 0x00000209fabb2350 nmethod 5770 0x00000209ed226a90 code [0x00000209ed226ea0, 0x00000209ed228078]
Event: 9.148 Thread 0x00000209fabb2350 5773       1       com.esotericsoftware.kryo.Registration::getInstantiator (5 bytes)
Event: 9.148 Thread 0x00000209fabb2350 nmethod 5773 0x00000209ed226790 code [0x00000209ed226920, 0x00000209ed2269f8]
Event: 9.371 Thread 0x00000209fabb2350 5774       1       io.netty.channel.DefaultChannelHandlerContext::handler (5 bytes)
Event: 9.371 Thread 0x00000209fabb2350 nmethod 5774 0x00000209ed226490 code [0x00000209ed226620, 0x00000209ed2266f8]
Event: 9.785 Thread 0x00000209faca6320 5775       1       com.esotericsoftware.kryo.util.DefaultGenerics::nextGenericTypes (69 bytes)
Event: 9.786 Thread 0x00000209faca6320 nmethod 5775 0x00000209ed225f10 code [0x00000209ed2260c0, 0x00000209ed2262e8]
Event: 10.802 Thread 0x00000209faca6320 5776       1       org.bouncycastle.util.Pack::intToBigEndian (39 bytes)
Event: 10.802 Thread 0x00000209faca6320 nmethod 5776 0x00000209ed225b90 code [0x00000209ed225d20, 0x00000209ed225e38]
Event: 11.030 Thread 0x00000209faca6320 5777       1       java.util.Arrays::sort (47 bytes)
Event: 11.030 Thread 0x00000209faca6320 nmethod 5777 0x00000209ed225690 code [0x00000209ed225860, 0x00000209ed225a58]
Event: 11.257 Thread 0x00000209faca6320 5778       1       java.net.NetworkInterface$1::hasMoreElements (18 bytes)
Event: 11.257 Thread 0x00000209faca6320 nmethod 5778 0x00000209ed225390 code [0x00000209ed225520, 0x00000209ed225618]
Event: 11.322 Thread 0x00000209faca6320 5779       1       org.apache.tomcat.util.net.AbstractEndpoint::isPaused (5 bytes)
Event: 11.322 Thread 0x00000209faca6320 nmethod 5779 0x00000209ed225090 code [0x00000209ed225220, 0x00000209ed2252f8]
Event: 11.322 Thread 0x00000209fabb2350 5780       1       java.time.Instant::getNano (5 bytes)
Event: 11.322 Thread 0x00000209fabb2350 nmethod 5780 0x00000209ed224d90 code [0x00000209ed224f20, 0x00000209ed224ff8]
Event: 12.515 Thread 0x00000209fabb2350 5781   !   1       com.esotericsoftware.kryo.Kryo::readClass (67 bytes)
Event: 12.515 Thread 0x00000209fabb2350 nmethod 5781 0x00000209ed224710 code [0x00000209ed2248e0, 0x00000209ed224b98]
Event: 12.515 Thread 0x00000209fabb2350 5782       1       com.esotericsoftware.kryo.util.DefaultClassResolver::readClass (262 bytes)

GC Heap History (18 events):
Event: 0.509 GC heap before
{Heap before GC invocations=0 (full 0):
 garbage-first heap   total 1048576K, used 49152K [0x0000000403000000, 0x0000000800000000)
  region size 8192K, 6 young (49152K), 0 survivors (0K)
 Metaspace       used 9317K, committed 9600K, reserved 1064960K
  class space    used 1235K, committed 1344K, reserved 1048576K
}
Event: 0.514 GC heap after
{Heap after GC invocations=1 (full 0):
 garbage-first heap   total 1048576K, used 7559K [0x0000000403000000, 0x0000000800000000)
  region size 8192K, 1 young (8192K), 1 survivors (8192K)
 Metaspace       used 9317K, committed 9600K, reserved 1064960K
  class space    used 1235K, committed 1344K, reserved 1048576K
}
Event: 0.780 GC heap before
{Heap before GC invocations=1 (full 0):
 garbage-first heap   total 1048576K, used 48519K [0x0000000403000000, 0x0000000800000000)
  region size 8192K, 6 young (49152K), 1 survivors (8192K)
 Metaspace       used 17213K, committed 17536K, reserved 1064960K
  class space    used 2336K, committed 2496K, reserved 1048576K
}
Event: 0.784 GC heap after
{Heap after GC invocations=2 (full 0):
 garbage-first heap   total 1048576K, used 10434K [0x0000000403000000, 0x0000000800000000)
  region size 8192K, 1 young (8192K), 1 survivors (8192K)
 Metaspace       used 17213K, committed 17536K, reserved 1064960K
  class space    used 2336K, committed 2496K, reserved 1048576K
}
Event: 0.938 GC heap before
{Heap before GC invocations=2 (full 0):
 garbage-first heap   total 1048576K, used 43202K [0x0000000403000000, 0x0000000800000000)
  region size 8192K, 6 young (49152K), 1 survivors (8192K)
 Metaspace       used 21220K, committed 21504K, reserved 1073152K
  class space    used 2919K, committed 3072K, reserved 1048576K
}
Event: 0.940 GC heap after
{Heap after GC invocations=3 (full 0):
 garbage-first heap   total 1048576K, used 12702K [0x0000000403000000, 0x0000000800000000)
  region size 8192K, 1 young (8192K), 1 survivors (8192K)
 Metaspace       used 21220K, committed 21504K, reserved 1073152K
  class space    used 2919K, committed 3072K, reserved 1048576K
}
Event: 1.185 GC heap before
{Heap before GC invocations=4 (full 0):
 garbage-first heap   total 81920K, used 53662K [0x0000000403000000, 0x0000000800000000)
  region size 8192K, 7 young (57344K), 1 survivors (8192K)
 Metaspace       used 25272K, committed 25600K, reserved 1073152K
  class space    used 3485K, committed 3648K, reserved 1048576K
}
Event: 1.187 GC heap after
{Heap after GC invocations=5 (full 0):
 garbage-first heap   total 81920K, used 15069K [0x0000000403000000, 0x0000000800000000)
  region size 8192K, 1 young (8192K), 1 survivors (8192K)
 Metaspace       used 25272K, committed 25600K, reserved 1073152K
  class space    used 3485K, committed 3648K, reserved 1048576K
}
Event: 1.497 GC heap before
{Heap before GC invocations=5 (full 0):
 garbage-first heap   total 81920K, used 56029K [0x0000000403000000, 0x0000000800000000)
  region size 8192K, 6 young (49152K), 1 survivors (8192K)
 Metaspace       used 31676K, committed 32128K, reserved 1081344K
  class space    used 4321K, committed 4544K, reserved 1048576K
}
Event: 1.502 GC heap after
{Heap after GC invocations=6 (full 0):
 garbage-first heap   total 81920K, used 17687K [0x0000000403000000, 0x0000000800000000)
  region size 8192K, 1 young (8192K), 1 survivors (8192K)
 Metaspace       used 31676K, committed 32128K, reserved 1081344K
  class space    used 4321K, committed 4544K, reserved 1048576K
}
Event: 1.822 GC heap before
{Heap before GC invocations=6 (full 0):
 garbage-first heap   total 81920K, used 42263K [0x0000000403000000, 0x0000000800000000)
  region size 8192K, 5 young (40960K), 1 survivors (8192K)
 Metaspace       used 35690K, committed 36160K, reserved 1081344K
  class space    used 4759K, committed 4992K, reserved 1048576K
}
Event: 1.825 GC heap after
{Heap after GC invocations=7 (full 0):
 garbage-first heap   total 81920K, used 20749K [0x0000000403000000, 0x0000000800000000)
  region size 8192K, 1 young (8192K), 1 survivors (8192K)
 Metaspace       used 35690K, committed 36160K, reserved 1081344K
  class space    used 4759K, committed 4992K, reserved 1048576K
}
Event: 2.163 GC heap before
{Heap before GC invocations=8 (full 0):
 garbage-first heap   total 81920K, used 53517K [0x0000000403000000, 0x0000000800000000)
  region size 8192K, 5 young (40960K), 1 survivors (8192K)
 Metaspace       used 40841K, committed 41408K, reserved 1089536K
  class space    used 5482K, committed 5760K, reserved 1048576K
}
Event: 2.166 GC heap after
{Heap after GC invocations=9 (full 0):
 garbage-first heap   total 81920K, used 25819K [0x0000000403000000, 0x0000000800000000)
  region size 8192K, 1 young (8192K), 1 survivors (8192K)
 Metaspace       used 40841K, committed 41408K, reserved 1089536K
  class space    used 5482K, committed 5760K, reserved 1048576K
}
Event: 2.288 GC heap before
{Heap before GC invocations=9 (full 0):
 garbage-first heap   total 81920K, used 50395K [0x0000000403000000, 0x0000000800000000)
  region size 8192K, 4 young (32768K), 1 survivors (8192K)
 Metaspace       used 43976K, committed 44480K, reserved 1089536K
  class space    used 5892K, committed 6144K, reserved 1048576K
}
Event: 2.291 GC heap after
{Heap after GC invocations=10 (full 0):
 garbage-first heap   total 81920K, used 28943K [0x0000000403000000, 0x0000000800000000)
  region size 8192K, 1 young (8192K), 1 survivors (8192K)
 Metaspace       used 43976K, committed 44480K, reserved 1089536K
  class space    used 5892K, committed 6144K, reserved 1048576K
}
Event: 2.408 GC heap before
{Heap before GC invocations=10 (full 0):
 garbage-first heap   total 81920K, used 45327K [0x0000000403000000, 0x0000000800000000)
  region size 8192K, 3 young (24576K), 1 survivors (8192K)
 Metaspace       used 46624K, committed 47168K, reserved 1089536K
  class space    used 6253K, committed 6528K, reserved 1048576K
}
Event: 2.411 GC heap after
{Heap after GC invocations=11 (full 0):
 garbage-first heap   total 81920K, used 30277K [0x0000000403000000, 0x0000000800000000)
  region size 8192K, 1 young (8192K), 1 survivors (8192K)
 Metaspace       used 46624K, committed 47168K, reserved 1089536K
  class space    used 6253K, committed 6528K, reserved 1048576K
}

Deoptimization events (20 events):
Event: 3.376 Thread 0x00000209ff365950 DEOPT PACKING pc=0x00000209ed725eec sp=0x0000007eb93fe3a0
Event: 3.376 Thread 0x00000209ff365950 DEOPT UNPACKING pc=0x00000209ecd92b43 sp=0x0000007eb93fd8d0 mode 1
Event: 3.376 Thread 0x00000209ff365950 DEOPT PACKING pc=0x00000209ed879b1c sp=0x0000007eb93fe4b0
Event: 3.376 Thread 0x00000209ff365950 DEOPT UNPACKING pc=0x00000209ecd92b43 sp=0x0000007eb93fda08 mode 1
Event: 3.377 Thread 0x00000209ff365950 DEOPT PACKING pc=0x00000209ed7ac06f sp=0x0000007eb93fe420
Event: 3.377 Thread 0x00000209ff365950 DEOPT UNPACKING pc=0x00000209ecd92b43 sp=0x0000007eb93fd8d8 mode 1
Event: 3.377 Thread 0x00000209ff365950 DEOPT PACKING pc=0x00000209ed7adbb4 sp=0x0000007eb93fe4a0
Event: 3.377 Thread 0x00000209ff365950 DEOPT UNPACKING pc=0x00000209ecd92b43 sp=0x0000007eb93fd990 mode 1
Event: 3.377 Thread 0x00000209ff365950 DEOPT PACKING pc=0x00000209ed7ac06f sp=0x0000007eb93fe240
Event: 3.377 Thread 0x00000209ff365950 DEOPT UNPACKING pc=0x00000209ecd92b43 sp=0x0000007eb93fd6f8 mode 1
Event: 3.377 Thread 0x00000209ff365950 DEOPT PACKING pc=0x00000209ed7adbb4 sp=0x0000007eb93fe2c0
Event: 3.377 Thread 0x00000209ff365950 DEOPT UNPACKING pc=0x00000209ecd92b43 sp=0x0000007eb93fd7b0 mode 1
Event: 3.377 Thread 0x00000209ff365950 DEOPT PACKING pc=0x00000209ed7ac06f sp=0x0000007eb93fd910
Event: 3.377 Thread 0x00000209ff365950 DEOPT UNPACKING pc=0x00000209ecd92b43 sp=0x0000007eb93fcdc8 mode 1
Event: 3.377 Thread 0x00000209ff365950 DEOPT PACKING pc=0x00000209ed7adbb4 sp=0x0000007eb93fd990
Event: 3.377 Thread 0x00000209ff365950 DEOPT UNPACKING pc=0x00000209ecd92b43 sp=0x0000007eb93fce80 mode 1
Event: 3.501 Thread 0x00000209ff367b00 DEOPT PACKING pc=0x00000209ed66949c sp=0x0000007eb9bfe6f0
Event: 3.501 Thread 0x00000209ff367b00 DEOPT UNPACKING pc=0x00000209ecd92b43 sp=0x0000007eb9bfdb48 mode 1
Event: 3.501 Thread 0x00000209fcb83ed0 DEOPT PACKING pc=0x00000209ed3c31cc sp=0x0000007eb83feb70
Event: 3.501 Thread 0x00000209fcb83ed0 DEOPT UNPACKING pc=0x00000209ecd92b43 sp=0x0000007eb83fe0f8 mode 1

Classes unloaded (0 events):
No events

Classes redefined (0 events):
No events

Internal exceptions (20 events):
Event: 1.986 Thread 0x00000209e54e1a50 Exception <a 'java/lang/NoSuchMethodError'{0x00000004068dbc18}: 'java.lang.Object java.lang.invoke.DelegatingMethodHandle$Holder.reinvoke_L(java.lang.Object, long, java.lang.Object, java.lang.Object, int, int, int, int, java.lang.Object, long, long, int, int, java.lang.Object, int, int, java.lang.Object, java.lang.Object, java.lang.Object, int, int, int, int, int, java.lang.Object, int, int, int)'> (0x00000004068dbc18) 
thrown [s\open\src\hotspot\share\interpreter\linkResolver.cpp, line 759]
Event: 2.150 Thread 0x00000209fce1b280 Exception <a 'java/lang/reflect/InvocationTargetException'{0x00000004065dd080}> (0x00000004065dd080) 
thrown [s\open\src\hotspot\share\runtime\reflection.cpp, line 1121]
Event: 2.188 Thread 0x00000209e54e1a50 Exception <a 'java/lang/NoSuchMethodError'{0x0000000442b54580}: 'void java.lang.invoke.DirectMethodHandle$Holder.invokeVirtual(java.lang.Object, java.lang.Object, java.lang.Object, java.lang.Object)'> (0x0000000442b54580) 
thrown [s\open\src\hotspot\share\interpreter\linkResolver.cpp, line 759]
Event: 2.239 Thread 0x00000209e54e1a50 Exception <a 'sun/nio/fs/WindowsException'{0x000000043fc30b40}> (0x000000043fc30b40) 
thrown [s\open\src\hotspot\share\prims\jni.cpp, line 516]
Event: 2.254 Thread 0x00000209fcb83ed0 Exception <a 'java/lang/NoSuchMethodError'{0x0000000406923d00}: 'java.lang.Object java.lang.invoke.DirectMethodHandle$Holder.newInvokeSpecial(java.lang.Object, java.lang.Object, long, java.lang.Object)'> (0x0000000406923d00) 
thrown [s\open\src\hotspot\share\interpreter\linkResolver.cpp, line 759]
Event: 2.266 Thread 0x00000209e54e1a50 Exception <a 'java/lang/IncompatibleClassChangeError'{0x0000000406cbabc8}: Found class java.lang.Object, but interface was expected> (0x0000000406cbabc8) 
thrown [s\open\src\hotspot\share\interpreter\linkResolver.cpp, line 826]
Event: 2.304 Thread 0x00000209e54e1a50 Exception <a 'java/lang/NoSuchMethodError'{0x00000004429d6080}: 'int java.lang.invoke.DirectMethodHandle$Holder.invokeStaticInit(java.lang.Object, java.lang.Object, java.lang.Object, java.lang.Object)'> (0x00000004429d6080) 
thrown [s\open\src\hotspot\share\interpreter\linkResolver.cpp, line 759]
Event: 2.367 Thread 0x00000209e54e1a50 Exception <a 'java/lang/NoSuchMethodError'{0x000000043fb9d528}: 'java.lang.Object java.lang.invoke.DirectMethodHandle$Holder.newInvokeSpecial(java.lang.Object, java.lang.Object, int, java.lang.Object, java.lang.Object)'> (0x000000043fb9d528) 
thrown [s\open\src\hotspot\share\interpreter\linkResolver.cpp, line 759]
Event: 2.384 Thread 0x00000209e54e1a50 Exception <a 'java/lang/IncompatibleClassChangeError'{0x000000043fdc5268}: Found class java.lang.Object, but interface was expected> (0x000000043fdc5268) 
thrown [s\open\src\hotspot\share\interpreter\linkResolver.cpp, line 826]
Event: 2.386 Thread 0x00000209e54e1a50 Exception <a 'java/lang/NoSuchMethodError'{0x000000043fdebf68}: 'java.lang.Object java.lang.invoke.DirectMethodHandle$Holder.invokeStaticInit(java.lang.Object, java.lang.Object, int)'> (0x000000043fdebf68) 
thrown [s\open\src\hotspot\share\interpreter\linkResolver.cpp, line 759]
Event: 2.387 Thread 0x00000209e54e1a50 Exception <a 'java/lang/NoSuchMethodError'{0x000000043fdf2338}: 'java.lang.Object java.lang.invoke.DirectMethodHandle$Holder.newInvokeSpecial(java.lang.Object, java.lang.Object, int)'> (0x000000043fdf2338) 
thrown [s\open\src\hotspot\share\interpreter\linkResolver.cpp, line 759]
Event: 2.392 Thread 0x00000209e54e1a50 Exception <a 'sun/nio/fs/WindowsException'{0x000000043fe9db88}> (0x000000043fe9db88) 
thrown [s\open\src\hotspot\share\prims\jni.cpp, line 516]
Event: 2.489 Thread 0x00000209e54e1a50 Exception <a 'java/lang/NoSuchMethodError'{0x0000000442e6c070}: 'java.lang.Object java.lang.invoke.DirectMethodHandle$Holder.invokeSpecial(java.lang.Object, java.lang.Object, long, java.lang.Object, java.lang.Object, java.lang.Object, java.lang.Object, java.lang.Object, java.lang.Object, java.lang.Object, int, java.lang.Object, java.lang.Object, long)'> (0x0000000442e6c070) 
thrown [s\open\src\hotspot\share\interpreter\linkResolver.cpp, line 759]
Event: 2.489 Thread 0x00000209e54e1a50 Exception <a 'java/lang/NoSuchMethodError'{0x0000000442e70680}: 'java.lang.Object java.lang.invoke.DelegatingMethodHandle$Holder.reinvoke_L(java.lang.Object, long, java.lang.Object, java.lang.Object, java.lang.Object, java.lang.Object, java.lang.Object, java.lang.Object, java.lang.Object, int, java.lang.Object, java.lang.Object, long)'> (0x0000000442e70680) 
thrown [s\open\src\hotspot\share\interpreter\linkResolver.cpp, line 759]
Event: 2.628 Thread 0x00000209ff368970 Exception <a 'java/net/BindException'{0x000000043fbcab18}: Address already in use: bind> (0x000000043fbcab18) 
thrown [s\open\src\hotspot\share\prims\jni.cpp, line 535]
Event: 2.730 Thread 0x00000209ff361f90 Exception <a 'java/net/BindException'{0x000000043fbf9d60}: Address already in use: bind> (0x000000043fbf9d60) 
thrown [s\open\src\hotspot\share\prims\jni.cpp, line 535]
Event: 2.932 Thread 0x00000209ff3684a0 Exception <a 'java/net/BindException'{0x000000043fc002b8}: Address already in use: bind> (0x000000043fc002b8) 
thrown [s\open\src\hotspot\share\prims\jni.cpp, line 535]
Event: 3.184 Thread 0x00000209ff3637a0 Exception <a 'java/net/BindException'{0x000000043fde43f8}: Address already in use: bind> (0x000000043fde43f8) 
thrown [s\open\src\hotspot\share\prims\jni.cpp, line 535]
Event: 3.288 Thread 0x00000209ff3615f0 Exception <a 'java/net/BindException'{0x000000043fdf7430}: Address already in use: bind> (0x000000043fdf7430) 
thrown [s\open\src\hotspot\share\prims\jni.cpp, line 535]
Event: 3.501 Thread 0x00000209ff367b00 Exception <a 'java/net/BindException'{0x000000043fe748d8}: Address already in use: bind> (0x000000043fe748d8) 
thrown [s\open\src\hotspot\share\prims\jni.cpp, line 535]

VM Operations (20 events):
Event: 2.393 Executing VM operation: HandshakeAllThreads
Event: 2.393 Executing VM operation: HandshakeAllThreads done
Event: 2.395 Executing VM operation: HandshakeAllThreads
Event: 2.395 Executing VM operation: HandshakeAllThreads done
Event: 2.408 Executing VM operation: G1CollectForAllocation
Event: 2.411 Executing VM operation: G1CollectForAllocation done
Event: 2.421 Executing VM operation: HandshakeAllThreads
Event: 2.421 Executing VM operation: HandshakeAllThreads done
Event: 2.483 Executing VM operation: HandshakeAllThreads
Event: 2.484 Executing VM operation: HandshakeAllThreads done
Event: 3.485 Executing VM operation: Cleanup
Event: 3.485 Executing VM operation: Cleanup done
Event: 11.008 Executing VM operation: ChangeBreakpoints
Event: 11.009 Executing VM operation: ChangeBreakpoints done
Event: 11.009 Executing VM operation: ChangeBreakpoints
Event: 11.009 Executing VM operation: ChangeBreakpoints done
Event: 11.009 Executing VM operation: ChangeBreakpoints
Event: 11.010 Executing VM operation: ChangeBreakpoints done
Event: 12.023 Executing VM operation: Cleanup
Event: 12.023 Executing VM operation: Cleanup done

Events (20 events):
Event: 11.323 Thread 0x00000209ff2ecc40 Thread exited: 0x00000209ff2ecc40
Event: 11.323 Thread 0x00000209ff2ebdd0 Thread exited: 0x00000209ff2ebdd0
Event: 11.323 Thread 0x00000209ff2ed110 Thread exited: 0x00000209ff2ed110
Event: 11.323 Thread 0x00000209ff2ed5e0 Thread exited: 0x00000209ff2ed5e0
Event: 11.323 Thread 0x00000209ff2eedf0 Thread exited: 0x00000209ff2eedf0
Event: 11.323 Thread 0x00000209ff2edab0 Thread exited: 0x00000209ff2edab0
Event: 11.323 loading class org/apache/catalina/Lifecycle$SingleUse
Event: 11.323 loading class org/apache/catalina/Lifecycle$SingleUse done
Event: 11.324 loading class org/springframework/jmx/export/MBeanExporter
Event: 11.324 loading class org/springframework/jmx/export/MBeanExporter done
Event: 11.324 loading class org/springframework/jmx/export/NotificationListenerBean
Event: 11.324 loading class org/springframework/jmx/export/NotificationListenerBean done
Event: 11.324 loading class org/springframework/jmx/export/NotificationListenerBean
Event: 11.324 loading class org/springframework/jmx/export/NotificationListenerBean done
Event: 11.324 Thread 0x00000209ff367630 Thread exited: 0x00000209ff367630
Event: 11.512 loading class org/apache/catalina/webresources/CachedResource
Event: 11.512 loading class org/apache/catalina/webresources/CachedResource done
Event: 11.512 loading class org/apache/tomcat/PeriodicEventListener
Event: 11.512 loading class org/apache/tomcat/PeriodicEventListener done
Event: 12.515 Thread 0x00000209faca6320 Thread exited: 0x00000209faca6320


Dynamic libraries:
0x00007ff72daf0000 - 0x00007ff72db00000 	D:\SoftwareSpace\JAVA\java17\jdk17\bin\java.exe
0x00007ffcb6a10000 - 0x00007ffcb6c24000 	C:\WINDOWS\SYSTEM32\ntdll.dll
0x00007ffcb5ca0000 - 0x00007ffcb5d64000 	C:\WINDOWS\System32\KERNEL32.DLL
0x00007ffcb43f0000 - 0x00007ffcb4794000 	C:\WINDOWS\System32\KERNELBASE.dll
0x00007ffcb40c0000 - 0x00007ffcb41d1000 	C:\WINDOWS\System32\ucrtbase.dll
0x00007ffc7d560000 - 0x00007ffc7d578000 	D:\SoftwareSpace\JAVA\java17\jdk17\bin\jli.dll
0x00007ffc7d640000 - 0x00007ffc7d65a000 	D:\SoftwareSpace\JAVA\java17\jdk17\bin\VCRUNTIME140.dll
0x00007ffcb4880000 - 0x00007ffcb4930000 	C:\WINDOWS\System32\ADVAPI32.dll
0x00007ffcb4f00000 - 0x00007ffcb4fa7000 	C:\WINDOWS\System32\msvcrt.dll
0x00007ffcb65a0000 - 0x00007ffcb6646000 	C:\WINDOWS\System32\sechost.dll
0x00007ffcb5980000 - 0x00007ffcb5a97000 	C:\WINDOWS\System32\RPCRT4.dll
0x00007ffcb6820000 - 0x00007ffcb69ce000 	C:\WINDOWS\System32\USER32.dll
0x00007ffcb3eb0000 - 0x00007ffcb3ed6000 	C:\WINDOWS\System32\win32u.dll
0x00007ffc9db50000 - 0x00007ffc9dde3000 	C:\WINDOWS\WinSxS\amd64_microsoft.windows.common-controls_6595b64144ccf1df_6.0.22621.2215_none_270d72677387dfc3\COMCTL32.dll
0x00007ffcb5770000 - 0x00007ffcb5799000 	C:\WINDOWS\System32\GDI32.dll
0x00007ffcb3ee0000 - 0x00007ffcb3ff8000 	C:\WINDOWS\System32\gdi32full.dll
0x00007ffcb41e0000 - 0x00007ffcb427a000 	C:\WINDOWS\System32\msvcp_win.dll
0x00007ffca7280000 - 0x00007ffca728a000 	C:\WINDOWS\SYSTEM32\VERSION.dll
0x00007ffcb57a0000 - 0x00007ffcb57d1000 	C:\WINDOWS\System32\IMM32.DLL
0x00007ffcad0b0000 - 0x00007ffcad0bc000 	D:\SoftwareSpace\JAVA\java17\jdk17\bin\vcruntime140_1.dll
0x00007ffc7d2a0000 - 0x00007ffc7d32d000 	D:\SoftwareSpace\JAVA\java17\jdk17\bin\msvcp140.dll
0x00007ffc314b0000 - 0x00007ffc32072000 	D:\SoftwareSpace\JAVA\java17\jdk17\bin\server\jvm.dll
0x00007ffcb4b60000 - 0x00007ffcb4b68000 	C:\WINDOWS\System32\PSAPI.DLL
0x00007ffc93c00000 - 0x00007ffc93c09000 	C:\WINDOWS\SYSTEM32\WSOCK32.dll
0x00007ffcacb50000 - 0x00007ffcacb84000 	C:\WINDOWS\SYSTEM32\WINMM.dll
0x00007ffcb5c20000 - 0x00007ffcb5c91000 	C:\WINDOWS\System32\WS2_32.dll
0x00007ffcb2e70000 - 0x00007ffcb2e88000 	C:\WINDOWS\SYSTEM32\kernel.appcore.dll
0x00007ffc7d550000 - 0x00007ffc7d55a000 	D:\SoftwareSpace\JAVA\java17\jdk17\bin\jimage.dll
0x00007ffcb1640000 - 0x00007ffcb186e000 	C:\WINDOWS\SYSTEM32\DBGHELP.DLL
0x00007ffcb4b70000 - 0x00007ffcb4efa000 	C:\WINDOWS\System32\combase.dll
0x00007ffcb47a0000 - 0x00007ffcb4877000 	C:\WINDOWS\System32\OLEAUT32.dll
0x00007ffc92b10000 - 0x00007ffc92b42000 	C:\WINDOWS\SYSTEM32\dbgcore.DLL
0x00007ffcb3dc0000 - 0x00007ffcb3e3a000 	C:\WINDOWS\System32\bcryptPrimitives.dll
0x00007ffc9c910000 - 0x00007ffc9c94b000 	D:\SoftwareSpace\JAVA\java17\jdk17\bin\jdwp.dll
0x00007ffcae520000 - 0x00007ffcae52e000 	D:\SoftwareSpace\JAVA\java17\jdk17\bin\instrument.dll
0x00007ffc7d270000 - 0x00007ffc7d295000 	D:\SoftwareSpace\JAVA\java17\jdk17\bin\java.dll
0x00007ffc7d130000 - 0x00007ffc7d148000 	D:\SoftwareSpace\JAVA\java17\jdk17\bin\zip.dll
0x00007ffc7d190000 - 0x00007ffc7d266000 	D:\SoftwareSpace\JAVA\java17\jdk17\bin\jsvml.dll
0x00007ffcb5d70000 - 0x00007ffcb6593000 	C:\WINDOWS\System32\SHELL32.dll
0x00007ffcb1d10000 - 0x00007ffcb25fa000 	C:\WINDOWS\SYSTEM32\windows.storage.dll
0x00007ffcb1bd0000 - 0x00007ffcb1d0e000 	C:\WINDOWS\SYSTEM32\wintypes.dll
0x00007ffcb49d0000 - 0x00007ffcb4ac3000 	C:\WINDOWS\System32\SHCORE.dll
0x00007ffcb4ad0000 - 0x00007ffcb4b2e000 	C:\WINDOWS\System32\shlwapi.dll
0x00007ffcb3cf0000 - 0x00007ffcb3d16000 	C:\WINDOWS\SYSTEM32\profapi.dll
0x00007ffcae110000 - 0x00007ffcae11c000 	D:\SoftwareSpace\JAVA\java17\jdk17\bin\dt_socket.dll
0x00007ffcb28d0000 - 0x00007ffcb28fd000 	C:\WINDOWS\SYSTEM32\IPHLPAPI.DLL
0x00007ffcb3330000 - 0x00007ffcb3399000 	C:\WINDOWS\system32\mswsock.dll
0x00007ffc7d170000 - 0x00007ffc7d189000 	D:\SoftwareSpace\JAVA\java17\jdk17\bin\net.dll
0x00007ffcad8a0000 - 0x00007ffcad9d7000 	C:\WINDOWS\SYSTEM32\WINHTTP.dll
0x00007ffc7d150000 - 0x00007ffc7d166000 	D:\SoftwareSpace\JAVA\java17\jdk17\bin\nio.dll
0x00007ffcb2900000 - 0x00007ffcb29f2000 	C:\WINDOWS\SYSTEM32\DNSAPI.dll
0x00007ffcb5480000 - 0x00007ffcb5489000 	C:\WINDOWS\System32\NSI.dll
0x00007ffca7080000 - 0x00007ffca708a000 	C:\Windows\System32\rasadhlp.dll
0x00007ffcab930000 - 0x00007ffcab9b4000 	C:\WINDOWS\System32\fwpuclnt.dll
0x00007ffcae510000 - 0x00007ffcae519000 	D:\SoftwareSpace\JAVA\java17\jdk17\bin\management.dll
0x00007ffcae500000 - 0x00007ffcae50b000 	D:\SoftwareSpace\JAVA\java17\jdk17\bin\management_ext.dll
0x00007ffcb3580000 - 0x00007ffcb359b000 	C:\WINDOWS\SYSTEM32\CRYPTSP.dll
0x00007ffcb2e30000 - 0x00007ffcb2e65000 	C:\WINDOWS\system32\rsaenh.dll
0x00007ffcb33e0000 - 0x00007ffcb340c000 	C:\WINDOWS\SYSTEM32\USERENV.dll
0x00007ffcb3790000 - 0x00007ffcb37b8000 	C:\WINDOWS\SYSTEM32\bcrypt.dll
0x00007ffcb3540000 - 0x00007ffcb354c000 	C:\WINDOWS\SYSTEM32\CRYPTBASE.dll
0x00007ffcad670000 - 0x00007ffcad689000 	C:\WINDOWS\SYSTEM32\dhcpcsvc6.DLL
0x00007ffcad650000 - 0x00007ffcad66f000 	C:\WINDOWS\SYSTEM32\dhcpcsvc.DLL
0x00007ffc88df0000 - 0x00007ffc88e07000 	C:\WINDOWS\system32\napinsp.dll
0x00007ffc88dd0000 - 0x00007ffc88deb000 	C:\WINDOWS\system32\pnrpnsp.dll
0x00007ffc87c40000 - 0x00007ffc87c51000 	C:\WINDOWS\System32\winrnr.dll
0x00007ffc87c20000 - 0x00007ffc87c35000 	C:\WINDOWS\system32\wshbth.dll
0x00007ffc878e0000 - 0x00007ffc87901000 	C:\WINDOWS\system32\nlansp_c.dll
0x00007ffcae100000 - 0x00007ffcae10e000 	D:\SoftwareSpace\JAVA\java17\jdk17\bin\sunmscapi.dll
0x00007ffcb4280000 - 0x00007ffcb43e6000 	C:\WINDOWS\System32\CRYPT32.dll
0x00007ffcb3760000 - 0x00007ffcb378e000 	C:\WINDOWS\SYSTEM32\ncrypt.dll
0x00007ffcb3720000 - 0x00007ffcb3757000 	C:\WINDOWS\SYSTEM32\NTASN1.dll
0x00007ffc5a1f0000 - 0x00007ffc5a200000 	D:\SoftwareSpace\JAVA\java17\jdk17\bin\verify.dll
0x00007ffcad1a0000 - 0x00007ffcad1b8000 	F:\anaconda\anaconda3\Library\bin\snappy.dll
0x00007ffc90b60000 - 0x00007ffc90b92000 	F:\anaconda\anaconda3\Library\bin\bzip2.dll
0x00007ffc62c90000 - 0x00007ffc633b0000 	C:\Users\hcg\AppData\Local\Temp\librocksdbjni9047905386910213371.dll
0x00007ffc87560000 - 0x00007ffc87568000 	C:\WINDOWS\system32\wshunix.dll

dbghelp: loaded successfully - version: 4.0.5 - missing functions: none
symbol engine: initialized successfully - sym options: 0x614 - pdb path: .;D:\SoftwareSpace\JAVA\java17\jdk17\bin;C:\WINDOWS\SYSTEM32;C:\WINDOWS\WinSxS\amd64_microsoft.windows.common-controls_6595b64144ccf1df_6.0.22621.2215_none_270d72677387dfc3;D:\SoftwareSpace\JAVA\java17\jdk17\bin\server;F:\anaconda\anaconda3\Library\bin;C:\Users\hcg\AppData\Local\Temp

VM Arguments:
jvm_args: -agentlib:jdwp=transport=dt_socket,address=127.0.0.1:11975,suspend=y,server=n -XX:TieredStopAtLevel=1 -Dspring.output.ansi.enabled=always -Dcom.sun.management.jmxremote -Dspring.jmx.enabled=true -Dspring.liveBeansView.mbeanDomain -Dspring.application.admin.enabled=true -Dmanagement.endpoints.jmx.exposure.include=* -javaagent:C:\Users\hcg\AppData\Local\JetBrains\IntelliJIdea2023.3\captureAgent\debugger-agent.jar=file:/C:/Users/hcg/AppData/Local/Temp/capture.props -Dfile.encoding=UTF-8 
java_command: com.pop.popcoinsystem.PopCoinSystemApplication
java_class_path (initial): F:\workSpace\p2p\PopCoin\pop-coin-system\target\classes;E:\DependencyLibrary\ApacheMaven\apache-maven-3.8.6\localRepository\org\springframework\boot\spring-boot-starter-aop\3.5.0\spring-boot-starter-aop-3.5.0.jar;E:\DependencyLibrary\ApacheMaven\apache-maven-3.8.6\localRepository\org\springframework\boot\spring-boot-starter\3.5.0\spring-boot-starter-3.5.0.jar;E:\DependencyLibrary\ApacheMaven\apache-maven-3.8.6\localRepository\org\springframework\boot\spring-boot\3.5.0\spring-boot-3.5.0.jar;E:\DependencyLibrary\ApacheMaven\apache-maven-3.8.6\localRepository\org\springframework\boot\spring-boot-autoconfigure\3.5.0\spring-boot-autoconfigure-3.5.0.jar;E:\DependencyLibrary\ApacheMaven\apache-maven-3.8.6\localRepository\org\springframework\boot\spring-boot-starter-logging\3.5.0\spring-boot-starter-logging-3.5.0.jar;E:\DependencyLibrary\ApacheMaven\apache-maven-3.8.6\localRepository\ch\qos\logback\logback-classic\1.5.18\logback-classic-1.5.18.jar;E:\DependencyLibrary\ApacheMaven\apache-maven-3.8.6\localRepository\ch\qos\logback\logback-core\1.5.18\logback-core-1.5.18.jar;E:\DependencyLibrary\ApacheMaven\apache-maven-3.8.6\localRepository\org\apache\logging\log4j\log4j-to-slf4j\2.24.3\log4j-to-slf4j-2.24.3.jar;E:\DependencyLibrary\ApacheMaven\apache-maven-3.8.6\localRepository\org\apache\logging\log4j\log4j-api\2.24.3\log4j-api-2.24.3.jar;E:\DependencyLibrary\ApacheMaven\apache-maven-3.8.6\localRepository\org\slf4j\jul-to-slf4j\2.0.17\jul-to-slf4j-2.0.17.jar;E:\DependencyLibrary\ApacheMaven\apache-maven-3.8.6\localRepository\jakarta\annotation\jakarta.annotation-api\2.1.1\jakarta.annotation-api-2.1.1.jar;E:\DependencyLibrary\ApacheMaven\apache-maven-3.8.6\localRepository\org\springframework\spring-core\6.2.7\spring-core-6.2.7.jar;E:\DependencyLibrary\ApacheMaven\apache-maven-3.8.6\localRepository\org\springframework\spring-jcl\6.2.7\spring-jcl-6.2.7.jar;E:\DependencyLibrary\ApacheMaven\apache-maven-3.8.6\localRepository\org\springframework\sprin
Launcher Type: SUN_STANDARD

[Global flags]
     intx CICompilerCount                          = 15                                        {product} {ergonomic}
     uint ConcGCThreads                            = 6                                         {product} {ergonomic}
     uint G1ConcRefinementThreads                  = 23                                        {product} {ergonomic}
   size_t G1HeapRegionSize                         = 8388608                                   {product} {ergonomic}
    uintx GCDrainStackTargetSize                   = 64                                        {product} {ergonomic}
   size_t InitialHeapSize                          = 1073741824                                {product} {ergonomic}
     bool ManagementServer                         = true                                      {product} {command line}
   size_t MarkStackSize                            = 4194304                                   {product} {ergonomic}
   size_t MaxHeapSize                              = 17129537536                               {product} {ergonomic}
   size_t MaxNewSize                               = 10276044800                               {product} {ergonomic}
   size_t MinHeapDeltaBytes                        = 8388608                                   {product} {ergonomic}
   size_t MinHeapSize                              = 8388608                                   {product} {ergonomic}
    uintx NonProfiledCodeHeapSize                  = 0                                      {pd product} {ergonomic}
     bool ProfileInterpreter                       = false                                  {pd product} {command line}
    uintx ProfiledCodeHeapSize                     = 0                                      {pd product} {ergonomic}
   size_t SoftMaxHeapSize                          = 17129537536                            {manageable} {ergonomic}
     intx TieredStopAtLevel                        = 1                                         {product} {command line}
     bool UseCompressedClassPointers               = true                           {product lp64_product} {ergonomic}
     bool UseCompressedOops                        = true                           {product lp64_product} {ergonomic}
     bool UseG1GC                                  = true                                      {product} {ergonomic}
     bool UseLargePagesIndividualAllocation        = false                                  {pd product} {ergonomic}

Logging:
Log output configuration:
 #0: stdout all=warning uptime,level,tags
 #1: stderr all=off uptime,level,tags

Environment Variables:
JAVA_HOME=D:\SoftwareSpace\JAVA\java17\jdk17
PATH=F:\softwareSpace\VMware\bin\;D:\SoftwareSpace\JAVA\java17\jdk17\bin;D:\SoftwareSpace\JAVA\java17\jdk17\jre\bin;F:\anaconda\anaconda3;F:\anaconda\anaconda3\Library\mingw-w64\bin;F:\anaconda\anaconda3\Library\usr\bin;F:\anaconda\anaconda3\Library\bin;F:\anaconda\anaconda3\Scripts;C:\Windows\system32;C:\Windows;C:\Windows\System32\Wbem;C:\Windows\System32\WindowsPowerShell\v1.0\;C:\Windows\System32\OpenSSH\;C:\Program Files (x86)\NVIDIA Corporation\PhysX\Common;C:\Program Files\NVIDIA Corporation\NVIDIA NvDLISR;C:\WINDOWS\system32;C:\WINDOWS;C:\WINDOWS\System32\Wbem;C:\WINDOWS\System32\WindowsPowerShell\v1.0\;C:\WINDOWS\System32\OpenSSH\;C:\Program Files\dotnet\;D:\SoftwareSpace\git\Git\cmd;D:\SoftwareSpace\MySQL\mysql-8.0.34-winx64\bin;D:\SoftwareSpace\nvmspace\nvm;D:\SoftwareSpace\nodejs;D:\SoftwareSpace\Erlang\erl9.3\bin;D:\SoftwareSpace\pythonSpace\python3.10;D:\SoftwareSpace\pythonSpace\python3.10\Scripts;D:\SoftwareSpace\go\bin;F:\productionEnvironment\elasticSearch\elasticsearch-8.13.4\bin;D:\SoftwareSpace\wechat\web\dll;D:\SoftwareSpace\postgresql-space\bin\;E:\DependencyLibrary\ApacheMaven\apache-maven-3.8.6\bin;F:\productionEnvironment\hadoop\hadoop-2.7.1\bin;C:\Program Files\Docker\Docker\resources\bin;F:\DependencyLibrary\flutter_windows\flutter_windows_3.32.5\bin;D:\Windows Kits\10\Windows Performance Toolkit\;F:\DependencyLibrary\AndroidSdk\platform-tools;C:\Users\hcg\AppData\Local\Pub\Cache\bin;D:\SoftwareSpace\pythonSpace\python3.10\Scripts\;D:\SoftwareSpace\pythonSpace\python3.10\;C:\Users\hcg\AppData\Local\Microsoft\WindowsApps;D:\SoftwareSpace1\Bandizip\;D:\SoftwareSpace\nvmspace\nvm;D:\SoftwareSpace\nodejs;D:\SoftwareSpace\WebStorm2022\WebStorm 2023.2.4\WebStorm 2023.3.8\bin;;D:\SoftwareSpace\pycharmSpace\pycharm2023.2.5\PyCharm 2023.2.5\bin;;D:\SoftwareSpace\IDEA2023\idea2023\IntelliJ IDEA 2023.3.8\bin;;F:\softwareSpace\Cursor\cursor\resources\app\bin;D:\SoftwareSpace\VSCode\Microsoft VS Code\bin
USERNAME=hcg
OS=Windows_NT
PROCESSOR_IDENTIFIER=Intel64 Family 6 Model 183 Stepping 1, GenuineIntel



---------------  S Y S T E M  ---------------

OS:
 Windows 11 , 64 bit Build 22621 (10.0.22621.2215)
OS uptime: 3 days 22:42 hours
Hyper-V role detected

CPU: total 32 (initial active 32) (16 cores per cpu, 2 threads per core) family 6 model 183 stepping 1 microcode 0x10f, cx8, cmov, fxsr, ht, mmx, 3dnowpref, sse, sse2, sse3, ssse3, sse4.1, sse4.2, popcnt, lzcnt, tsc, tscinvbit, avx, avx2, aes, erms, clmul, bmi1, bmi2, adx, sha, fma, vzeroupper, clflush, clflushopt, clwb, hv

Memory: 4k page, system-wide physical 65343M (33932M free)
TotalPageFile size 69439M (AvailPageFile size 26049M)
current process WorkingSet (physical memory assigned to process): 261M, peak: 264M
current process commit charge ("private bytes"): 332M, peak: 1216M

vm_info: Java HotSpot(TM) 64-Bit Server VM (17.0.5+9-LTS-191) for windows-amd64 JRE (17.0.5+9-LTS-191), built on Sep 13 2022 17:31:43 by "mach5one" with MS VC++ 16.8 / 16.9 (VS2019)

END.
