#
# A fatal error has been detected by the Java Runtime Environment:
#
#  EXCEPTION_ACCESS_VIOLATION (0xc0000005) at pc=0x00007ffc62d8781e, pid=35892, tid=27892
#
# JRE version: Java(TM) SE Runtime Environment (17.0.5+9) (build 17.0.5+9-LTS-191)
# Java VM: Java HotSpot(TM) 64-Bit Server VM (17.0.5+9-LTS-191, mixed mode, emulated-client, sharing, tiered, compressed oops, compressed class ptrs, g1 gc, windows-amd64)
# Problematic frame:
# C  [librocksdbjni4259793920475657821.dll+0xf781e]
#
# No core dump will be written. Minidumps are not enabled by default on client versions of Windows
#
# If you would like to submit a bug report, please visit:
#   https://bugreport.java.com/bugreport/crash.jsp
# The crash happened outside the Java Virtual Machine in native code.
# See problematic frame for where to report the bug.
#

---------------  S U M M A R Y ------------

Command Line: -agentlib:jdwp=transport=dt_socket,address=127.0.0.1:12690,suspend=y,server=n -XX:TieredStopAtLevel=1 -Dspring.output.ansi.enabled=always -Dcom.sun.management.jmxremote -Dspring.jmx.enabled=true -Dspring.liveBeansView.mbeanDomain -Dspring.application.admin.enabled=true -Dmanagement.endpoints.jmx.exposure.include=* -javaagent:C:\Users\hcg\AppData\Local\JetBrains\IntelliJIdea2023.3\captureAgent\debugger-agent.jar=file:/C:/Users/hcg/AppData/Local/Temp/capture.props -Dfile.encoding=UTF-8 com.pop.popcoinsystem.PopCoinSystemApplication

Host: 13th Gen Intel(R) Core(TM) i9-13900HX, 32 cores, 63G,  Windows 11 , 64 bit Build 22621 (10.0.22621.2215)
Time: Tue Aug  5 20:03:37 2025  Windows 11 , 64 bit Build 22621 (10.0.22621.2215) elapsed time: 57.677298 seconds (0d 0h 0m 57s)

---------------  T H R E A D  ---------------

Current thread (0x00000226c8fe1170):  JavaThread "Thread-3" [_thread_in_native, id=27892, stack(0x0000009cece00000,0x0000009cecf00000)]

Stack: [0x0000009cece00000,0x0000009cecf00000],  sp=0x0000009cecefe650,  free space=1017k
Native frames: (J=compiled Java code, j=interpreted, Vv=VM code, C=native code)
C  [librocksdbjni4259793920475657821.dll+0xf781e]

Java frames: (J=compiled Java code, j=interpreted, Vv=VM code)
J 6084  org.rocksdb.RocksDB.get(J[BIIJ)[B (0 bytes) @ 0x0000022697747986 [0x0000022697747920+0x0000000000000066]
J 6637 c1 com.pop.popcoinsystem.storage.StorageService.getMainLatestHeight()J (51 bytes) @ 0x0000022697086964 [0x00000226970868e0+0x0000000000000084]
J 6636 c1 com.pop.popcoinsystem.service.blockChain.BlockChainServiceImpl.getMainLatestHeight()J (8 bytes) @ 0x0000022697088264 [0x0000022697088220+0x0000000000000044]
J 6935 c1 jdk.internal.reflect.GeneratedMethodAccessor4.invoke(Ljava/lang/Object;[Ljava/lang/Object;)Ljava/lang/Object; (64 bytes) @ 0x000002269701c5cc [0x000002269701c520+0x00000000000000ac]
J 3474 c1 jdk.internal.reflect.DelegatingMethodAccessorImpl.invoke(Ljava/lang/Object;[Ljava/lang/Object;)Ljava/lang/Object; java.base@17.0.5 (10 bytes) @ 0x00000226972ac584 [0x00000226972ac520+0x0000000000000064]
J 6514 c1 org.springframework.aop.support.AopUtils.invokeJoinpointUsingReflection(Ljava/lang/Object;Ljava/lang/reflect/Method;[Ljava/lang/Object;)Ljava/lang/Object; (86 bytes) @ 0x0000022696fa266c [0x0000022696fa2520+0x000000000000014c]
J 6516 c1 org.springframework.aop.framework.CglibAopProxy$DynamicAdvisedInterceptor.intercept(Ljava/lang/Object;Ljava/lang/reflect/Method;[Ljava/lang/Object;Lorg/springframework/cglib/proxy/MethodProxy;)Ljava/lang/Object; (215 bytes) @ 0x0000022696fa1624 [0x0000022696fa1480+0x00000000000001a4]
J 6869 c1 com.pop.popcoinsystem.service.blockChain.BlockChainServiceImpl$$SpringCGLIB$$0.getMainLatestHeight()J (67 bytes) @ 0x0000022697031c34 [0x0000022697031b80+0x00000000000000b4]
j  com.pop.popcoinsystem.service.mining.MiningServiceImpl.adjustDifficulty()V+4
j  com.pop.popcoinsystem.service.mining.MiningServiceImpl.lambda$startMining$0()V+395
j  com.pop.popcoinsystem.service.mining.MiningServiceImpl$$Lambda$1162+0x0000000801282ea0.run()V+4
j  java.lang.Thread.run()V+11 java.base@17.0.5
v  ~StubRoutines::call_stub

siginfo: EXCEPTION_ACCESS_VIOLATION (0xc0000005), reading address 0x0000000100000101


Register to memory mapping:

RIP=0x00007ffc62d8781e librocksdbjni4259793920475657821.dll
RAX=0x00000226c88a7f90 points into unknown readable memory: 0x00007ffc63275ee0 | e0 5e 27 63 fc 7f 00 00
RBX=0x0000000100000001 is an unknown value
RCX=0x00000226c8825ec0 points into unknown readable memory: 0x0000000100000001 | 01 00 00 00 01 00 00 00
RDX=0x0000009cecefe698 is pointing into the stack for thread: 0x00000226c8fe1170
RSP=0x0000009cecefe650 is pointing into the stack for thread: 0x00000226c8fe1170
RBP=0x0000009cecefe731 is pointing into the stack for thread: 0x00000226c8fe1170
RSI=0x00000226c8fe1418 points into unknown readable memory: 0x00007ffc31f36650 | 50 66 f3 31 fc 7f 00 00
RDI=0x0000009cecefe928 is pointing into the stack for thread: 0x00000226c8fe1170
R8 =0x0000009cecefe7f0 is pointing into the stack for thread: 0x00000226c8fe1170
R9 =0x00000226c88a7f90 points into unknown readable memory: 0x00007ffc63275ee0 | e0 5e 27 63 fc 7f 00 00
R10=0x00007ffc7d640000 VCRUNTIME140.dll
R11=0xe0000000000000f1 is an unknown value
R12=0x00000226c5349ff0 points into unknown readable memory: 0x6e69616d5f79656b | 6b 65 79 5f 6d 61 69 6e
R13=0x00000226c8825ec0 points into unknown readable memory: 0x0000000100000001 | 01 00 00 00 01 00 00 00
R14=0x0 is NULL
R15=0x0 is NULL


Registers:
RAX=0x00000226c88a7f90, RBX=0x0000000100000001, RCX=0x00000226c8825ec0, RDX=0x0000009cecefe698
RSP=0x0000009cecefe650, RBP=0x0000009cecefe731, RSI=0x00000226c8fe1418, RDI=0x0000009cecefe928
R8 =0x0000009cecefe7f0, R9 =0x00000226c88a7f90, R10=0x00007ffc7d640000, R11=0xe0000000000000f1
R12=0x00000226c5349ff0, R13=0x00000226c8825ec0, R14=0x0000000000000000, R15=0x0000000000000000
RIP=0x00007ffc62d8781e, EFLAGS=0x0000000000010206

Top of Stack: (sp=0x0000009cecefe650)
0x0000009cecefe650:   0000000000000016 00000226c8fe1418
0x0000009cecefe660:   00000226c8fe1418 00000226c8fe1270
0x0000009cecefe670:   0000009cecefe6a8 0000009cecefe6c0
0x0000009cecefe680:   0000000000000000 0000000000000000
0x0000009cecefe690:   0000009cecefe7f0 00000226c88a7f90
0x0000009cecefe6a0:   0000009cecefe720 00000226c5349ff0
0x0000009cecefe6b0:   0000000000000016 000000040485fb00
0x0000009cecefe6c0:   00007ffc6329a2ec 0000000000000000
0x0000009cecefe6d0:   0000000000000000 0000022696fe0000
0x0000009cecefe6e0:   00000000000014b6 0000000000000000
0x0000009cecefe6f0:   0000000000000000 00007ffc316bda65
0x0000009cecefe700:   0000000000000000 000000000000000f
0x0000009cecefe710:   0000009cecefe6f0 000000041b71ae00
0x0000009cecefe720:   00008b4511238193 00000226c8fe1170
0x0000009cecefe730:   0000000800001528 00000226c8fe1170
0x0000009cecefe740:   0000000000000016 000000080005bb10 

Instructions: (pc=0x00007ffc62d8781e)
0x00007ffc62d8771e:   5c 00 48 33 c4 48 89 45 ef 4c 89 4c 24 48 4c 89
0x00007ffc62d8772e:   44 24 40 4c 8b ea 48 8b f1 48 8b 7d 6f 48 63 5d
0x00007ffc62d8773e:   7f 48 8b cb e8 c9 19 46 00 4c 8b e0 48 8b 0e 4c
0x00007ffc62d8774e:   8b 91 40 06 00 00 48 89 44 24 20 44 8b cb 44 8b
0x00007ffc62d8775e:   45 77 48 8b d7 48 8b ce 41 ff d2 48 8b 0e 48 8b
0x00007ffc62d8776e:   91 20 07 00 00 48 8b ce ff d2 84 c0 74 0f 49 8b
0x00007ffc62d8777e:   cc e8 14 16 46 00 33 c0 e9 df 03 00 00 4c 89 64
0x00007ffc62d8778e:   24 58 48 89 5c 24 60 48 8d 05 50 2b 51 00 48 89
0x00007ffc62d8779e:   45 8f 45 33 f6 4c 89 75 97 48 8d 4d 9f e8 50 95
0x00007ffc62d877ae:   10 00 4c 89 75 bf 66 0f 6f 05 94 6e 4c 00 66 0f
0x00007ffc62d877be:   7f 45 cf 44 88 75 bf 44 88 75 e7 48 8d 45 bf 48
0x00007ffc62d877ce:   89 45 df 44 89 74 24 30 66 44 89 74 24 34 45 8b
0x00007ffc62d877de:   fe 4c 89 74 24 38 49 8b 5d 00 48 8b 44 24 48 48
0x00007ffc62d877ee:   85 c0 75 09 49 8b cd ff 93 d0 03 00 00 48 8d 4d
0x00007ffc62d877fe:   8f 48 89 4c 24 28 48 8d 4c 24 58 48 89 4c 24 20
0x00007ffc62d8780e:   4c 8b c8 4c 8b 44 24 40 48 8d 54 24 48 49 8b cd
0x00007ffc62d8781e:   ff 93 00 01 00 00 48 8b d0 32 db 48 8d 44 24 30
0x00007ffc62d8782e:   48 3b c2 74 5f 0f b6 42 02 88 44 24 32 0f b6 42
0x00007ffc62d8783e:   03 88 44 24 33 0f b6 42 04 88 44 24 34 0f b6 1a
0x00007ffc62d8784e:   0f b6 4a 01 0f b6 42 05 c6 02 00 c6 42 01 00 c6
0x00007ffc62d8785e:   42 02 00 c6 42 03 00 c6 42 04 00 c6 42 05 00 88
0x00007ffc62d8786e:   44 24 35 48 83 c2 08 48 8d 44 24 38 48 3b c2 88
0x00007ffc62d8787e:   4c 24 31 88 5c 24 30 74 0b 4c 8b 3a 4c 89 32 4c
0x00007ffc62d8788e:   89 7c 24 38 48 8b 4c 24 50 48 85 c9 74 05 e8 f7
0x00007ffc62d8789e:   14 46 00 49 8b cc e8 ef 14 46 00 80 fb 01 74 7d
0x00007ffc62d878ae:   48 8b ce 84 db 0f 85 cb 00 00 00 4c 8b 45 97 48
0x00007ffc62d878be:   8b 55 8f e8 2a ac fd ff 48 8b f0 48 8b 45 9f 48
0x00007ffc62d878ce:   85 c0 74 44 48 8b 55 af 48 8b 4d a7 ff d0 48 8b
0x00007ffc62d878de:   7d b7 48 85 ff 74 31 66 66 66 0f 1f 84 00 00 00
0x00007ffc62d878ee:   00 00 48 8b 07 48 8b 57 10 48 8b 4f 08 ff d0 48
0x00007ffc62d878fe:   8b 5f 18 ba 20 00 00 00 48 8b cf e8 16 13 46 00
0x00007ffc62d8790e:   48 8b fb 48 85 db 75 da 4c 89 75 9f 4c 89 75 b7 


Stack slot to memory mapping:
stack at sp + 0 slots: 0x0000000000000016 is an unknown value
stack at sp + 1 slots: 0x00000226c8fe1418 points into unknown readable memory: 0x00007ffc31f36650 | 50 66 f3 31 fc 7f 00 00
stack at sp + 2 slots: 0x00000226c8fe1418 points into unknown readable memory: 0x00007ffc31f36650 | 50 66 f3 31 fc 7f 00 00
stack at sp + 3 slots: 0x00000226c8fe1270 points into unknown readable memory: 0x0000000422f37198 | 98 71 f3 22 04 00 00 00
stack at sp + 4 slots: 0x0000009cecefe6a8 is pointing into the stack for thread: 0x00000226c8fe1170
stack at sp + 5 slots: 0x0000009cecefe6c0 is pointing into the stack for thread: 0x00000226c8fe1170
stack at sp + 6 slots: 0x0 is NULL
stack at sp + 7 slots: 0x0 is NULL


---------------  P R O C E S S  ---------------

Threads class SMR info:
_java_thread_list=0x00000226c52b4e60, length=87, elements={
0x00000226c44f6150, 0x00000226c44f6fc0, 0x00000226c450f070, 0x00000226c4512200,
0x00000226c4513bc0, 0x00000226c4514570, 0x00000226c4515fe0, 0x00000226c45169d0,
0x00000226c44de080, 0x00000226c468f0b0, 0x00000226c469f110, 0x00000226c543f750,
0x00000226c6565f90, 0x00000226c65532c0, 0x00000226c63ec060, 0x00000226c63ef550,
0x00000226c63efa20, 0x00000226c63ee6e0, 0x00000226c63eced0, 0x00000226c63ed3a0,
0x00000226c63ed870, 0x00000226c63ec530, 0x00000226c63eebb0, 0x00000226c63ef080,
0x00000226c8fdeaf0, 0x00000226c8fddc80, 0x00000226c8fe1640, 0x00000226c8fdbfa0,
0x00000226c8fdf960, 0x00000226c8fde150, 0x00000226c8fdefc0, 0x00000226c8fde620,
0x00000226c8fe1170, 0x00000226c8fe1fe0, 0x00000226c8fe0300, 0x00000226c8fdfe30,
0x00000226c8fe07d0, 0x00000226c8fe1b10, 0x00000226c8fe2980, 0x00000226c8fe24b0,
0x00000226c8fdb130, 0x00000226c8fdb600, 0x00000226c8fdbad0, 0x00000226c8fdce10,
0x00000226c8fdc470, 0x00000226c8fdc940, 0x00000226c8fdd2e0, 0x00000226c8fdd7b0,
0x00000226c917e550, 0x00000226c917ab90, 0x00000226c917e080, 0x00000226c917ea20,
0x00000226c917eef0, 0x00000226c9178eb0, 0x00000226c91789e0, 0x00000226c917f3c0,
0x00000226c917d6e0, 0x00000226c917c870, 0x00000226c917f890, 0x00000226c917fd60,
0x00000226c9180230, 0x00000226c917cd40, 0x00000226c917dbb0, 0x00000226c917c3a0,
0x00000226c9179380, 0x00000226c9179850, 0x00000226c917a1f0, 0x00000226c917a6c0,
0x00000226c917b060, 0x00000226c917b530, 0x00000226c917ba00, 0x00000226c917bed0,
0x00000226c917d210, 0x00000226c93649b0, 0x00000226c9363670, 0x00000226c9363b40,
0x00000226c9362cd0, 0x00000226c93679d0, 0x00000226c9366690, 0x00000226c9365350,
0x00000226c9367500, 0x00000226c93614c0, 0x00000226c9362330, 0x00000226c9367ea0,
0x00000226c9367030, 0x00000226c9364e80, 0x00000226c9365820
}

Java Threads: ( => current thread )
  0x00000226c44f6150 JavaThread "Reference Handler" daemon [_thread_blocked, id=41568, stack(0x0000009ce8400000,0x0000009ce8500000)]
  0x00000226c44f6fc0 JavaThread "Finalizer" daemon [_thread_blocked, id=34964, stack(0x0000009ce8500000,0x0000009ce8600000)]
  0x00000226c450f070 JavaThread "Signal Dispatcher" daemon [_thread_blocked, id=44088, stack(0x0000009ce8600000,0x0000009ce8700000)]
  0x00000226c4512200 JavaThread "Attach Listener" daemon [_thread_blocked, id=32360, stack(0x0000009ce8700000,0x0000009ce8800000)]
  0x00000226c4513bc0 JavaThread "Service Thread" daemon [_thread_blocked, id=42052, stack(0x0000009ce8800000,0x0000009ce8900000)]
  0x00000226c4514570 JavaThread "Monitor Deflation Thread" daemon [_thread_blocked, id=35688, stack(0x0000009ce8900000,0x0000009ce8a00000)]
  0x00000226c4515fe0 JavaThread "C1 CompilerThread0" daemon [_thread_blocked, id=45328, stack(0x0000009ce8a00000,0x0000009ce8b00000)]
  0x00000226c45169d0 JavaThread "Sweeper thread" daemon [_thread_blocked, id=21056, stack(0x0000009ce8b00000,0x0000009ce8c00000)]
  0x00000226c44de080 JavaThread "Common-Cleaner" daemon [_thread_blocked, id=6932, stack(0x0000009ce8c00000,0x0000009ce8d00000)]
  0x00000226c468f0b0 JavaThread "JDWP Event Helper Thread" daemon [_thread_blocked, id=45200, stack(0x0000009ce9200000,0x0000009ce9300000)]
  0x00000226c469f110 JavaThread "Notification Thread" daemon [_thread_blocked, id=38300, stack(0x0000009ce9400000,0x0000009ce9500000)]
  0x00000226c543f750 JavaThread "RMI TCP Accept-0" daemon [_thread_in_native, id=10592, stack(0x0000009ce9500000,0x0000009ce9600000)]
  0x00000226c6565f90 JavaThread "RMI TCP Connection(idle)" daemon [_thread_blocked, id=35776, stack(0x0000009ceb500000,0x0000009ceb600000)]
  0x00000226c65532c0 JavaThread "RMI Scheduler(0)" daemon [_thread_blocked, id=44800, stack(0x0000009ceb600000,0x0000009ceb700000)]
  0x00000226c63ec060 JavaThread "Catalina-utility-1" [_thread_blocked, id=21732, stack(0x0000009ceb700000,0x0000009ceb800000)]
  0x00000226c63ef550 JavaThread "Catalina-utility-2" [_thread_blocked, id=8760, stack(0x0000009ceb800000,0x0000009ceb900000)]
  0x00000226c63efa20 JavaThread "container-0" [_thread_blocked, id=34612, stack(0x0000009ceb900000,0x0000009ceba00000)]
  0x00000226c63ee6e0 JavaThread "Cleaner-0" daemon [_thread_blocked, id=31292, stack(0x0000009cebd00000,0x0000009cebe00000)]
  0x00000226c63eced0 JavaThread "block-sync-scheduler" daemon [_thread_blocked, id=41964, stack(0x0000009cebe00000,0x0000009cebf00000)]
  0x00000226c63ed3a0 JavaThread "nioEventLoopGroup-3-1" [_thread_in_native, id=30756, stack(0x0000009cebf00000,0x0000009cec000000)]
  0x00000226c63ed870 JavaThread "http-nio-9999-exec-1" daemon [_thread_blocked, id=45140, stack(0x0000009cec100000,0x0000009cec200000)]
  0x00000226c63ec530 JavaThread "http-nio-9999-exec-2" daemon [_thread_blocked, id=34780, stack(0x0000009cec200000,0x0000009cec300000)]
  0x00000226c63eebb0 JavaThread "http-nio-9999-exec-3" daemon [_thread_blocked, id=43208, stack(0x0000009cec300000,0x0000009cec400000)]
  0x00000226c63ef080 JavaThread "http-nio-9999-exec-4" daemon [_thread_blocked, id=24848, stack(0x0000009cec400000,0x0000009cec500000)]
  0x00000226c8fdeaf0 JavaThread "http-nio-9999-exec-5" daemon [_thread_blocked, id=43228, stack(0x0000009cec500000,0x0000009cec600000)]
  0x00000226c8fddc80 JavaThread "http-nio-9999-exec-6" daemon [_thread_blocked, id=25696, stack(0x0000009cec600000,0x0000009cec700000)]
  0x00000226c8fe1640 JavaThread "http-nio-9999-exec-7" daemon [_thread_blocked, id=36432, stack(0x0000009cec700000,0x0000009cec800000)]
  0x00000226c8fdbfa0 JavaThread "http-nio-9999-exec-8" daemon [_thread_blocked, id=40904, stack(0x0000009cec800000,0x0000009cec900000)]
  0x00000226c8fdf960 JavaThread "http-nio-9999-exec-9" daemon [_thread_blocked, id=41000, stack(0x0000009cec900000,0x0000009ceca00000)]
  0x00000226c8fde150 JavaThread "http-nio-9999-exec-10" daemon [_thread_blocked, id=42144, stack(0x0000009ceca00000,0x0000009cecb00000)]
  0x00000226c8fdefc0 JavaThread "http-nio-9999-Poller" daemon [_thread_in_native, id=15880, stack(0x0000009cecb00000,0x0000009cecc00000)]
  0x00000226c8fde620 JavaThread "http-nio-9999-Acceptor" daemon [_thread_in_native, id=28960, stack(0x0000009cecc00000,0x0000009cecd00000)]
=>0x00000226c8fe1170 JavaThread "Thread-3" [_thread_in_native, id=27892, stack(0x0000009cece00000,0x0000009cecf00000)]
  0x00000226c8fe1fe0 JavaThread "pool-2-thread-1" [_thread_blocked, id=11860, stack(0x0000009cecf00000,0x0000009ced000000)]
  0x00000226c8fe0300 JavaThread "pool-2-thread-2" [_thread_blocked, id=30276, stack(0x0000009ced000000,0x0000009ced100000)]
  0x00000226c8fdfe30 JavaThread "pool-2-thread-3" [_thread_blocked, id=35904, stack(0x0000009ced100000,0x0000009ced200000)]
  0x00000226c8fe07d0 JavaThread "pool-2-thread-4" [_thread_blocked, id=23020, stack(0x0000009ced200000,0x0000009ced300000)]
  0x00000226c8fe1b10 JavaThread "pool-2-thread-5" [_thread_blocked, id=21012, stack(0x0000009ced300000,0x0000009ced400000)]
  0x00000226c8fe2980 JavaThread "pool-2-thread-6" [_thread_blocked, id=26684, stack(0x0000009ced400000,0x0000009ced500000)]
  0x00000226c8fe24b0 JavaThread "pool-2-thread-7" [_thread_blocked, id=10692, stack(0x0000009ced500000,0x0000009ced600000)]
  0x00000226c8fdb130 JavaThread "pool-2-thread-8" [_thread_blocked, id=44256, stack(0x0000009ced600000,0x0000009ced700000)]
  0x00000226c8fdb600 JavaThread "pool-2-thread-9" [_thread_blocked, id=30700, stack(0x0000009ced700000,0x0000009ced800000)]
  0x00000226c8fdbad0 JavaThread "pool-2-thread-10" [_thread_blocked, id=42708, stack(0x0000009ced800000,0x0000009ced900000)]
  0x00000226c8fdce10 JavaThread "pool-2-thread-11" [_thread_blocked, id=1176, stack(0x0000009ced900000,0x0000009ceda00000)]
  0x00000226c8fdc470 JavaThread "pool-2-thread-12" [_thread_blocked, id=44728, stack(0x0000009ceda00000,0x0000009cedb00000)]
  0x00000226c8fdc940 JavaThread "pool-2-thread-13" [_thread_blocked, id=41132, stack(0x0000009cedb00000,0x0000009cedc00000)]
  0x00000226c8fdd2e0 JavaThread "pool-2-thread-14" [_thread_blocked, id=3108, stack(0x0000009cedc00000,0x0000009cedd00000)]
  0x00000226c8fdd7b0 JavaThread "pool-2-thread-15" [_thread_blocked, id=14504, stack(0x0000009cedd00000,0x0000009cede00000)]
  0x00000226c917e550 JavaThread "pool-2-thread-16" [_thread_blocked, id=17564, stack(0x0000009cede00000,0x0000009cedf00000)]
  0x00000226c917ab90 JavaThread "pool-2-thread-17" [_thread_blocked, id=29804, stack(0x0000009cedf00000,0x0000009cee000000)]
  0x00000226c917e080 JavaThread "pool-2-thread-18" [_thread_blocked, id=41116, stack(0x0000009cee000000,0x0000009cee100000)]
  0x00000226c917ea20 JavaThread "pool-2-thread-19" [_thread_blocked, id=20796, stack(0x0000009cee100000,0x0000009cee200000)]
  0x00000226c917eef0 JavaThread "pool-2-thread-20" [_thread_blocked, id=30536, stack(0x0000009cee200000,0x0000009cee300000)]
  0x00000226c9178eb0 JavaThread "pool-2-thread-21" [_thread_blocked, id=26156, stack(0x0000009cee300000,0x0000009cee400000)]
  0x00000226c91789e0 JavaThread "pool-2-thread-22" [_thread_blocked, id=45844, stack(0x0000009cee400000,0x0000009cee500000)]
  0x00000226c917f3c0 JavaThread "pool-2-thread-23" [_thread_blocked, id=11892, stack(0x0000009cee500000,0x0000009cee600000)]
  0x00000226c917d6e0 JavaThread "pool-2-thread-24" [_thread_blocked, id=7820, stack(0x0000009cee600000,0x0000009cee700000)]
  0x00000226c917c870 JavaThread "pool-2-thread-25" [_thread_blocked, id=35952, stack(0x0000009cee700000,0x0000009cee800000)]
  0x00000226c917f890 JavaThread "pool-2-thread-26" [_thread_blocked, id=22492, stack(0x0000009cee800000,0x0000009cee900000)]
  0x00000226c917fd60 JavaThread "pool-2-thread-27" [_thread_blocked, id=39004, stack(0x0000009cee900000,0x0000009ceea00000)]
  0x00000226c9180230 JavaThread "pool-2-thread-28" [_thread_blocked, id=38304, stack(0x0000009ceea00000,0x0000009ceeb00000)]
  0x00000226c917cd40 JavaThread "pool-2-thread-29" [_thread_blocked, id=42268, stack(0x0000009ceeb00000,0x0000009ceec00000)]
  0x00000226c917dbb0 JavaThread "pool-2-thread-30" [_thread_blocked, id=34136, stack(0x0000009ceec00000,0x0000009ceed00000)]
  0x00000226c917c3a0 JavaThread "pool-2-thread-31" [_thread_blocked, id=17336, stack(0x0000009ceed00000,0x0000009ceee00000)]
  0x00000226c9179380 JavaThread "pool-2-thread-32" [_thread_blocked, id=42776, stack(0x0000009ceee00000,0x0000009ceef00000)]
  0x00000226c9179850 JavaThread "nioEventLoopGroup-4-1" [_thread_in_native, id=33636, stack(0x0000009ceef00000,0x0000009cef000000)]
  0x00000226c917a1f0 JavaThread "nioEventLoopGroup-5-1" [_thread_in_native, id=21308, stack(0x0000009cef000000,0x0000009cef100000)]
  0x00000226c917a6c0 JavaThread "kademlia-scheduler" daemon [_thread_blocked, id=15320, stack(0x0000009cef100000,0x0000009cef200000)]
  0x00000226c917b060 JavaThread "nioEventLoopGroup-2-1" [_thread_in_native, id=37192, stack(0x0000009cef200000,0x0000009cef300000)]
  0x00000226c917b530 JavaThread "pool-4-thread-1" [_thread_blocked, id=43792, stack(0x0000009cef300000,0x0000009cef400000)]
  0x00000226c917ba00 JavaThread "nioEventLoopGroup-2-2" [_thread_in_native, id=45460, stack(0x0000009cef400000,0x0000009cef500000)]
  0x00000226c917bed0 JavaThread "pool-4-thread-2" [_thread_blocked, id=31360, stack(0x0000009cef500000,0x0000009cef600000)]
  0x00000226c917d210 JavaThread "nioEventLoopGroup-6-1" [_thread_blocked, id=41160, stack(0x0000009cef600000,0x0000009cef700000)]
  0x00000226c93649b0 JavaThread "nioEventLoopGroup-3-2" [_thread_in_native, id=43608, stack(0x0000009cef700000,0x0000009cef800000)]
  0x00000226c9363670 JavaThread "DestroyJavaVM" [_thread_blocked, id=41896, stack(0x0000009ce7d00000,0x0000009ce7e00000)]
  0x00000226c9363b40 JavaThread "RMI TCP Connection(idle)" daemon [_thread_blocked, id=34772, stack(0x0000009cef800000,0x0000009cef900000)]
  0x00000226c9362cd0 JavaThread "pool-4-thread-3" [_thread_blocked, id=39544, stack(0x0000009cef900000,0x0000009cefa00000)]
  0x00000226c93679d0 JavaThread "pool-4-thread-4" [_thread_blocked, id=32172, stack(0x0000009cefa00000,0x0000009cefb00000)]
  0x00000226c9366690 JavaThread "pool-4-thread-5" [_thread_blocked, id=1976, stack(0x0000009cefb00000,0x0000009cefc00000)]
  0x00000226c9365350 JavaThread "pool-4-thread-6" [_thread_blocked, id=37276, stack(0x0000009cefc00000,0x0000009cefd00000)]
  0x00000226c9367500 JavaThread "pool-4-thread-7" [_thread_blocked, id=5100, stack(0x0000009cefd00000,0x0000009cefe00000)]
  0x00000226c93614c0 JavaThread "pool-4-thread-8" [_thread_blocked, id=34476, stack(0x0000009cefe00000,0x0000009ceff00000)]
  0x00000226c9362330 JavaThread "pool-4-thread-9" [_thread_blocked, id=9720, stack(0x0000009ceff00000,0x0000009cf0000000)]
  0x00000226c9367ea0 JavaThread "pool-4-thread-10" [_thread_blocked, id=32236, stack(0x0000009ceaf00000,0x0000009ceb000000)]
  0x00000226c9367030 JavaThread "SIGINT handler" daemon [_thread_blocked, id=36308, stack(0x0000009ce8d00000,0x0000009ce8e00000)]
  0x00000226c9364e80 JavaThread "SpringApplicationShutdownHook" [_thread_blocked, id=27272, stack(0x0000009ce9100000,0x0000009ce9200000)]
  0x00000226c9365820 JavaThread "tomcat-shutdown" [_thread_in_native, id=16972, stack(0x0000009ce9000000,0x0000009ce9100000)]

Other Threads:
  0x00000226c44f2160 VMThread "VM Thread" [stack: 0x0000009ce8300000,0x0000009ce8400000] [id=40576]
  0x00000226c09880f0 WatcherThread [stack: 0x0000009ce9600000,0x0000009ce9700000] [id=40004]
  0x000002268f082bc0 GCTaskThread "GC Thread#0" [stack: 0x0000009ce7e00000,0x0000009ce7f00000] [id=23580]
  0x00000226c5c805c0 GCTaskThread "GC Thread#1" [stack: 0x0000009ce9700000,0x0000009ce9800000] [id=34396]
  0x00000226c5c93300 GCTaskThread "GC Thread#2" [stack: 0x0000009ce9800000,0x0000009ce9900000] [id=31420]
  0x00000226c5c7e780 GCTaskThread "GC Thread#3" [stack: 0x0000009ce9900000,0x0000009ce9a00000] [id=41428]
  0x00000226c5c7ea30 GCTaskThread "GC Thread#4" [stack: 0x0000009ce9a00000,0x0000009ce9b00000] [id=32816]
  0x00000226c5ccb460 GCTaskThread "GC Thread#5" [stack: 0x0000009ce9b00000,0x0000009ce9c00000] [id=25856]
  0x00000226c5ccb710 GCTaskThread "GC Thread#6" [stack: 0x0000009ce9c00000,0x0000009ce9d00000] [id=31584]
  0x00000226c5ccb9c0 GCTaskThread "GC Thread#7" [stack: 0x0000009ce9d00000,0x0000009ce9e00000] [id=43184]
  0x00000226c5ccbc70 GCTaskThread "GC Thread#8" [stack: 0x0000009ce9e00000,0x0000009ce9f00000] [id=7316]
  0x00000226c5cdbf40 GCTaskThread "GC Thread#9" [stack: 0x0000009ce9f00000,0x0000009cea000000] [id=41676]
  0x00000226c5cdd670 GCTaskThread "GC Thread#10" [stack: 0x0000009cea000000,0x0000009cea100000] [id=21352]
  0x00000226c5cdd3c0 GCTaskThread "GC Thread#11" [stack: 0x0000009cea100000,0x0000009cea200000] [id=35444]
  0x00000226c5cddbd0 GCTaskThread "GC Thread#12" [stack: 0x0000009cea200000,0x0000009cea300000] [id=23872]
  0x00000226c5cdc900 GCTaskThread "GC Thread#13" [stack: 0x0000009cea300000,0x0000009cea400000] [id=16436]
  0x00000226c5cdcbb0 GCTaskThread "GC Thread#14" [stack: 0x0000009cea400000,0x0000009cea500000] [id=20140]
  0x00000226c5cdde80 GCTaskThread "GC Thread#15" [stack: 0x0000009cea500000,0x0000009cea600000] [id=7576]
  0x00000226c5cdce60 GCTaskThread "GC Thread#16" [stack: 0x0000009cea600000,0x0000009cea700000] [id=44396]
  0x00000226c5cdd920 GCTaskThread "GC Thread#17" [stack: 0x0000009cea700000,0x0000009cea800000] [id=36100]
  0x00000226c5cdd110 GCTaskThread "GC Thread#18" [stack: 0x0000009cea800000,0x0000009cea900000] [id=2196]
  0x00000226c5cde130 GCTaskThread "GC Thread#19" [stack: 0x0000009cea900000,0x0000009ceaa00000] [id=37344]
  0x00000226c5cdc650 GCTaskThread "GC Thread#20" [stack: 0x0000009ceaa00000,0x0000009ceab00000] [id=41744]
  0x00000226c5cec9a0 GCTaskThread "GC Thread#21" [stack: 0x0000009ceab00000,0x0000009ceac00000] [id=43908]
  0x00000226c5ced460 GCTaskThread "GC Thread#22" [stack: 0x0000009ceac00000,0x0000009cead00000] [id=38944]
  0x000002268efefca0 ConcurrentGCThread "G1 Main Marker" [stack: 0x0000009ce7f00000,0x0000009ce8000000] [id=42108]
  0x000002268f08d1a0 ConcurrentGCThread "G1 Conc#0" [stack: 0x0000009ce8000000,0x0000009ce8100000] [id=43932]
  0x00000226c5cecc50 ConcurrentGCThread "G1 Conc#1" [stack: 0x0000009ceb000000,0x0000009ceb100000] [id=42260]
  0x00000226c5cee9e0 ConcurrentGCThread "G1 Conc#2" [stack: 0x0000009ceb100000,0x0000009ceb200000] [id=25816]
  0x00000226c5cef750 ConcurrentGCThread "G1 Conc#3" [stack: 0x0000009ceb200000,0x0000009ceb300000] [id=40540]
  0x00000226c5ceef40 ConcurrentGCThread "G1 Conc#4" [stack: 0x0000009ceb300000,0x0000009ceb400000] [id=44440]
  0x00000226c5cecf00 ConcurrentGCThread "G1 Conc#5" [stack: 0x0000009ceb400000,0x0000009ceb500000] [id=42872]
  0x00000226c0ae6430 ConcurrentGCThread "G1 Refine#0" [stack: 0x0000009ce8100000,0x0000009ce8200000] [id=43772]
  0x00000226c0ae6e50 ConcurrentGCThread "G1 Service" [stack: 0x0000009ce8200000,0x0000009ce8300000] [id=19368]

Threads with active compile tasks:

VM state: not at safepoint (normal execution)

VM Mutex/Monitor currently owned by a thread: None

Heap address: 0x0000000403000000, size: 16336 MB, Compressed Oops mode: Zero based, Oop shift amount: 3

CDS archive(s) mapped at: [0x0000000800000000-0x0000000800bd0000-0x0000000800bd0000), size 12386304, SharedBaseAddress: 0x0000000800000000, ArchiveRelocationMode: 0.
Compressed class space mapped at: 0x0000000800c00000-0x0000000840c00000, reserved size: 1073741824
Narrow klass base: 0x0000000800000000, Narrow klass shift: 0, Narrow klass range: 0x100000000

GC Precious Log:
 CPUs: 32 total, 32 available
 Memory: 65343M
 Large Page Support: Disabled
 NUMA Support: Disabled
 Compressed Oops: Enabled (Zero based)
 Heap Region Size: 8M
 Heap Min Capacity: 8M
 Heap Initial Capacity: 1G
 Heap Max Capacity: 16336M
 Pre-touch: Disabled
 Parallel Workers: 23
 Concurrent Workers: 6
 Concurrent Refinement Workers: 23
 Periodic GC: Disabled

Heap:
 garbage-first heap   total 704512K, used 215962K [0x0000000403000000, 0x0000000800000000)
  region size 8192K, 24 young (196608K), 1 survivors (8192K)
 Metaspace       used 49340K, committed 50112K, reserved 1097728K
  class space    used 6660K, committed 7040K, reserved 1048576K

Heap Regions: E=young(eden), S=young(survivor), O=old, HS=humongous(starts), HC=humongous(continues), CS=collection set, F=free, OA=open archive, CA=closed archive, TAMS=top-at-mark-start (previous, next)
|   0|0x0000000403000000, 0x0000000403714200, 0x0000000403800000| 88%| O|  |TAMS 0x0000000403714200, 0x0000000403000000| Untracked 
|   1|0x0000000403800000, 0x0000000403bba600, 0x0000000404000000| 46%| O|  |TAMS 0x0000000403800000, 0x0000000403800000| Untracked 
|   2|0x0000000404000000, 0x0000000404000000, 0x0000000404800000|  0%| F|  |TAMS 0x0000000404000000, 0x0000000404000000| Untracked 
|   3|0x0000000404800000, 0x0000000404fef800, 0x0000000405000000| 99%| O|  |TAMS 0x0000000404ce1200, 0x0000000404800000| Untracked 
|   4|0x0000000405000000, 0x0000000405800000, 0x0000000405800000|100%| O|  |TAMS 0x0000000405000000, 0x0000000405000000| Untracked 
|   5|0x0000000405800000, 0x0000000406000000, 0x0000000406000000|100%| O|  |TAMS 0x0000000405800000, 0x0000000405800000| Untracked 
|   6|0x0000000406000000, 0x0000000406000000, 0x0000000406800000|  0%| F|  |TAMS 0x0000000406000000, 0x0000000406000000| Untracked 
|   7|0x0000000406800000, 0x0000000406800000, 0x0000000407000000|  0%| F|  |TAMS 0x0000000406800000, 0x0000000406800000| Untracked 
|   8|0x0000000407000000, 0x0000000407000000, 0x0000000407800000|  0%| F|  |TAMS 0x0000000407000000, 0x0000000407000000| Untracked 
|   9|0x0000000407800000, 0x0000000407800000, 0x0000000408000000|  0%| F|  |TAMS 0x0000000407800000, 0x0000000407800000| Untracked 
|  10|0x0000000408000000, 0x0000000408000000, 0x0000000408800000|  0%| F|  |TAMS 0x0000000408000000, 0x0000000408000000| Untracked 
|  11|0x0000000408800000, 0x0000000408800000, 0x0000000409000000|  0%| F|  |TAMS 0x0000000408800000, 0x0000000408800000| Untracked 
|  12|0x0000000409000000, 0x0000000409000000, 0x0000000409800000|  0%| F|  |TAMS 0x0000000409000000, 0x0000000409000000| Untracked 
|  13|0x0000000409800000, 0x0000000409800000, 0x000000040a000000|  0%| F|  |TAMS 0x0000000409800000, 0x0000000409800000| Untracked 
|  14|0x000000040a000000, 0x000000040a000000, 0x000000040a800000|  0%| F|  |TAMS 0x000000040a000000, 0x000000040a000000| Untracked 
|  15|0x000000040a800000, 0x000000040a800000, 0x000000040b000000|  0%| F|  |TAMS 0x000000040a800000, 0x000000040a800000| Untracked 
|  16|0x000000040b000000, 0x000000040b000000, 0x000000040b800000|  0%| F|  |TAMS 0x000000040b000000, 0x000000040b000000| Untracked 
|  17|0x000000040b800000, 0x000000040b800000, 0x000000040c000000|  0%| F|  |TAMS 0x000000040b800000, 0x000000040b800000| Untracked 
|  18|0x000000040c000000, 0x000000040c000000, 0x000000040c800000|  0%| F|  |TAMS 0x000000040c000000, 0x000000040c000000| Untracked 
|  19|0x000000040c800000, 0x000000040c800000, 0x000000040d000000|  0%| F|  |TAMS 0x000000040c800000, 0x000000040c800000| Untracked 
|  20|0x000000040d000000, 0x000000040d000000, 0x000000040d800000|  0%| F|  |TAMS 0x000000040d000000, 0x000000040d000000| Untracked 
|  21|0x000000040d800000, 0x000000040d800000, 0x000000040e000000|  0%| F|  |TAMS 0x000000040d800000, 0x000000040d800000| Untracked 
|  22|0x000000040e000000, 0x000000040e000000, 0x000000040e800000|  0%| F|  |TAMS 0x000000040e000000, 0x000000040e000000| Untracked 
|  23|0x000000040e800000, 0x000000040e800000, 0x000000040f000000|  0%| F|  |TAMS 0x000000040e800000, 0x000000040e800000| Untracked 
|  24|0x000000040f000000, 0x000000040f000000, 0x000000040f800000|  0%| F|  |TAMS 0x000000040f000000, 0x000000040f000000| Untracked 
|  25|0x000000040f800000, 0x000000040f800000, 0x0000000410000000|  0%| F|  |TAMS 0x000000040f800000, 0x000000040f800000| Untracked 
|  26|0x0000000410000000, 0x0000000410000000, 0x0000000410800000|  0%| F|  |TAMS 0x0000000410000000, 0x0000000410000000| Untracked 
|  27|0x0000000410800000, 0x0000000410800000, 0x0000000411000000|  0%| F|  |TAMS 0x0000000410800000, 0x0000000410800000| Untracked 
|  28|0x0000000411000000, 0x0000000411000000, 0x0000000411800000|  0%| F|  |TAMS 0x0000000411000000, 0x0000000411000000| Untracked 
|  29|0x0000000411800000, 0x0000000411800000, 0x0000000412000000|  0%| F|  |TAMS 0x0000000411800000, 0x0000000411800000| Untracked 
|  30|0x0000000412000000, 0x0000000412000000, 0x0000000412800000|  0%| F|  |TAMS 0x0000000412000000, 0x0000000412000000| Untracked 
|  31|0x0000000412800000, 0x0000000412800000, 0x0000000413000000|  0%| F|  |TAMS 0x0000000412800000, 0x0000000412800000| Untracked 
|  32|0x0000000413000000, 0x0000000413000000, 0x0000000413800000|  0%| F|  |TAMS 0x0000000413000000, 0x0000000413000000| Untracked 
|  33|0x0000000413800000, 0x0000000413800000, 0x0000000414000000|  0%| F|  |TAMS 0x0000000413800000, 0x0000000413800000| Untracked 
|  34|0x0000000414000000, 0x0000000414028980, 0x0000000414800000|  1%| S|CS|TAMS 0x0000000414000000, 0x0000000414000000| Complete 
|  35|0x0000000414800000, 0x0000000414800000, 0x0000000415000000|  0%| F|  |TAMS 0x0000000414800000, 0x0000000414800000| Untracked 
|  36|0x0000000415000000, 0x0000000415000000, 0x0000000415800000|  0%| F|  |TAMS 0x0000000415000000, 0x0000000415000000| Untracked 
|  37|0x0000000415800000, 0x0000000415800000, 0x0000000416000000|  0%| F|  |TAMS 0x0000000415800000, 0x0000000415800000| Untracked 
|  38|0x0000000416000000, 0x0000000416000000, 0x0000000416800000|  0%| F|  |TAMS 0x0000000416000000, 0x0000000416000000| Untracked 
|  39|0x0000000416800000, 0x0000000416800000, 0x0000000417000000|  0%| F|  |TAMS 0x0000000416800000, 0x0000000416800000| Untracked 
|  40|0x0000000417000000, 0x0000000417000000, 0x0000000417800000|  0%| F|  |TAMS 0x0000000417000000, 0x0000000417000000| Untracked 
|  41|0x0000000417800000, 0x0000000417800000, 0x0000000418000000|  0%| F|  |TAMS 0x0000000417800000, 0x0000000417800000| Untracked 
|  42|0x0000000418000000, 0x0000000418000000, 0x0000000418800000|  0%| F|  |TAMS 0x0000000418000000, 0x0000000418000000| Untracked 
|  43|0x0000000418800000, 0x0000000418800000, 0x0000000419000000|  0%| F|  |TAMS 0x0000000418800000, 0x0000000418800000| Untracked 
|  44|0x0000000419000000, 0x0000000419000000, 0x0000000419800000|  0%| F|  |TAMS 0x0000000419000000, 0x0000000419000000| Untracked 
|  45|0x0000000419800000, 0x0000000419800000, 0x000000041a000000|  0%| F|  |TAMS 0x0000000419800000, 0x0000000419800000| Untracked 
|  46|0x000000041a000000, 0x000000041a000000, 0x000000041a800000|  0%| F|  |TAMS 0x000000041a000000, 0x000000041a000000| Untracked 
|  47|0x000000041a800000, 0x000000041a800000, 0x000000041b000000|  0%| F|  |TAMS 0x000000041a800000, 0x000000041a800000| Untracked 
|  48|0x000000041b000000, 0x000000041b000000, 0x000000041b800000|  0%| F|  |TAMS 0x000000041b000000, 0x000000041b000000| Untracked 
|  49|0x000000041b800000, 0x000000041b800000, 0x000000041c000000|  0%| F|  |TAMS 0x000000041b800000, 0x000000041b800000| Untracked 
|  50|0x000000041c000000, 0x000000041c000000, 0x000000041c800000|  0%| F|  |TAMS 0x000000041c000000, 0x000000041c000000| Untracked 
|  51|0x000000041c800000, 0x000000041c800000, 0x000000041d000000|  0%| F|  |TAMS 0x000000041c800000, 0x000000041c800000| Untracked 
|  52|0x000000041d000000, 0x000000041d000000, 0x000000041d800000|  0%| F|  |TAMS 0x000000041d000000, 0x000000041d000000| Untracked 
|  53|0x000000041d800000, 0x000000041d800000, 0x000000041e000000|  0%| F|  |TAMS 0x000000041d800000, 0x000000041d800000| Untracked 
|  54|0x000000041e000000, 0x000000041e000000, 0x000000041e800000|  0%| F|  |TAMS 0x000000041e000000, 0x000000041e000000| Untracked 
|  55|0x000000041e800000, 0x000000041e800000, 0x000000041f000000|  0%| F|  |TAMS 0x000000041e800000, 0x000000041e800000| Untracked 
|  56|0x000000041f000000, 0x000000041f000000, 0x000000041f800000|  0%| F|  |TAMS 0x000000041f000000, 0x000000041f000000| Untracked 
|  57|0x000000041f800000, 0x000000041f800000, 0x0000000420000000|  0%| F|  |TAMS 0x000000041f800000, 0x000000041f800000| Untracked 
|  58|0x0000000420000000, 0x0000000420000000, 0x0000000420800000|  0%| F|  |TAMS 0x0000000420000000, 0x0000000420000000| Untracked 
|  59|0x0000000420800000, 0x0000000420800000, 0x0000000421000000|  0%| F|  |TAMS 0x0000000420800000, 0x0000000420800000| Untracked 
|  60|0x0000000421000000, 0x0000000421000000, 0x0000000421800000|  0%| F|  |TAMS 0x0000000421000000, 0x0000000421000000| Untracked 
|  61|0x0000000421800000, 0x0000000421800000, 0x0000000422000000|  0%| F|  |TAMS 0x0000000421800000, 0x0000000421800000| Untracked 
|  62|0x0000000422000000, 0x0000000422000000, 0x0000000422800000|  0%| F|  |TAMS 0x0000000422000000, 0x0000000422000000| Untracked 
|  63|0x0000000422800000, 0x0000000422f427a0, 0x0000000423000000| 90%| E|  |TAMS 0x0000000422800000, 0x0000000422800000| Complete 
|  64|0x0000000423000000, 0x0000000423800000, 0x0000000423800000|100%| E|CS|TAMS 0x0000000423000000, 0x0000000423000000| Complete 
|  65|0x0000000423800000, 0x0000000424000000, 0x0000000424000000|100%| E|CS|TAMS 0x0000000423800000, 0x0000000423800000| Complete 
|  66|0x0000000424000000, 0x0000000424800000, 0x0000000424800000|100%| E|CS|TAMS 0x0000000424000000, 0x0000000424000000| Complete 
|  67|0x0000000424800000, 0x0000000425000000, 0x0000000425000000|100%| E|CS|TAMS 0x0000000424800000, 0x0000000424800000| Complete 
|  68|0x0000000425000000, 0x0000000425800000, 0x0000000425800000|100%| E|CS|TAMS 0x0000000425000000, 0x0000000425000000| Complete 
|  69|0x0000000425800000, 0x0000000426000000, 0x0000000426000000|100%| E|CS|TAMS 0x0000000425800000, 0x0000000425800000| Complete 
|  70|0x0000000426000000, 0x0000000426800000, 0x0000000426800000|100%| E|CS|TAMS 0x0000000426000000, 0x0000000426000000| Complete 
|  71|0x0000000426800000, 0x0000000427000000, 0x0000000427000000|100%| E|CS|TAMS 0x0000000426800000, 0x0000000426800000| Complete 
|  72|0x0000000427000000, 0x0000000427800000, 0x0000000427800000|100%| E|CS|TAMS 0x0000000427000000, 0x0000000427000000| Complete 
|  73|0x0000000427800000, 0x0000000428000000, 0x0000000428000000|100%| E|CS|TAMS 0x0000000427800000, 0x0000000427800000| Complete 
|  74|0x0000000428000000, 0x0000000428800000, 0x0000000428800000|100%| E|CS|TAMS 0x0000000428000000, 0x0000000428000000| Complete 
|  75|0x0000000428800000, 0x0000000429000000, 0x0000000429000000|100%| E|CS|TAMS 0x0000000428800000, 0x0000000428800000| Complete 
|  76|0x0000000429000000, 0x0000000429800000, 0x0000000429800000|100%| E|CS|TAMS 0x0000000429000000, 0x0000000429000000| Complete 
|  77|0x0000000429800000, 0x000000042a000000, 0x000000042a000000|100%| E|CS|TAMS 0x0000000429800000, 0x0000000429800000| Complete 
|  78|0x000000042a000000, 0x000000042a800000, 0x000000042a800000|100%| E|CS|TAMS 0x000000042a000000, 0x000000042a000000| Complete 
|  79|0x000000042a800000, 0x000000042b000000, 0x000000042b000000|100%| E|CS|TAMS 0x000000042a800000, 0x000000042a800000| Complete 
|  80|0x000000042b000000, 0x000000042b800000, 0x000000042b800000|100%| E|CS|TAMS 0x000000042b000000, 0x000000042b000000| Complete 
|  81|0x000000042b800000, 0x000000042c000000, 0x000000042c000000|100%| E|CS|TAMS 0x000000042b800000, 0x000000042b800000| Complete 
|  82|0x000000042c000000, 0x000000042c800000, 0x000000042c800000|100%| E|CS|TAMS 0x000000042c000000, 0x000000042c000000| Complete 
|  83|0x000000042c800000, 0x000000042d000000, 0x000000042d000000|100%| E|CS|TAMS 0x000000042c800000, 0x000000042c800000| Complete 
|  84|0x000000042d000000, 0x000000042d800000, 0x000000042d800000|100%| E|CS|TAMS 0x000000042d000000, 0x000000042d000000| Complete 
| 127|0x0000000442800000, 0x0000000443000000, 0x0000000443000000|100%| E|CS|TAMS 0x0000000442800000, 0x0000000442800000| Complete 

Card table byte_map: [0x000002269c940000,0x000002269e930000] _byte_map_base: 0x000002269a928000

Marking Bits (Prev, Next): (CMBitMap*) 0x000002268f0830e0, (CMBitMap*) 0x000002268f083120
 Prev Bits: [0x00000226a0920000, 0x00000226b0860000)
 Next Bits: [0x00000226b0860000, 0x00000226c07a0000)

Polling page: 0x000002268e790000

Metaspace:

Usage:
  Non-class:     41.68 MB used.
      Class:      6.50 MB used.
       Both:     48.18 MB used.

Virtual space:
  Non-class space:       48.00 MB reserved,      42.06 MB ( 88%) committed,  6 nodes.
      Class space:        1.00 GB reserved,       6.88 MB ( <1%) committed,  1 nodes.
             Both:        1.05 GB reserved,      48.94 MB (  5%) committed. 

Chunk freelists:
   Non-Class:  1.78 MB
       Class:  1.07 MB
        Both:  2.85 MB

MaxMetaspaceSize: unlimited
CompressedClassSpaceSize: 1.00 GB
Initial GC threshold: 21.00 MB
Current GC threshold: 59.06 MB
CDS: on
MetaspaceReclaimPolicy: balanced
 - commit_granule_bytes: 65536.
 - commit_granule_words: 8192.
 - virtual_space_node_default_size: 1048576.
 - enlarge_chunks_in_place: 1.
 - new_chunks_are_fully_committed: 0.
 - uncommit_free_chunks: 1.
 - use_allocation_guard: 0.
 - handle_deallocations: 1.


Internal statistics:

num_allocs_failed_limit: 6.
num_arena_births: 1194.
num_arena_deaths: 0.
num_vsnodes_births: 7.
num_vsnodes_deaths: 0.
num_space_committed: 783.
num_space_uncommitted: 0.
num_chunks_returned_to_freelist: 6.
num_chunks_taken_from_freelist: 2951.
num_chunk_merges: 6.
num_chunk_splits: 2055.
num_chunks_enlarged: 1460.
num_purges: 0.
num_inconsistent_stats: 0.

CodeCache: size=49152Kb used=13173Kb max_used=15738Kb free=35978Kb
 bounds [0x0000022696830000, 0x0000022697790000, 0x0000022699830000]
 total_blobs=7849 nmethods=7140 adapters=635
 compilation: enabled
              stopped_count=0, restarted_count=0
 full_count=0

Compilation events (20 events):
Event: 56.222 Thread 0x00000226c4515fe0 7130       1       com.google.common.cache.LocalCache$StrongValueReference::isLoading (2 bytes)
Event: 56.222 Thread 0x00000226c4515fe0 nmethod 7130 0x0000022696ad1890 code [0x0000022696ad1a20, 0x0000022696ad1af8]
Event: 56.302 Thread 0x00000226c4515fe0 7131   !   1       com.google.common.cache.LocalCache::processPendingNotifications (47 bytes)
Event: 56.302 Thread 0x00000226c4515fe0 nmethod 7131 0x0000022696ad0f10 code [0x0000022696ad1100, 0x0000022696ad1588]
Event: 56.531 Thread 0x00000226c4515fe0 7132       1       io.netty.channel.AbstractChannelHandlerContext::invokeChannelReadComplete (55 bytes)
Event: 56.533 Thread 0x00000226c4515fe0 nmethod 7132 0x0000022696ad0510 code [0x0000022696ad0720, 0x0000022696ad0b98]
Event: 56.533 Thread 0x00000226c4515fe0 7133   !   1       io.netty.channel.AbstractChannelHandlerContext::invokeChannelReadComplete (38 bytes)
Event: 56.533 Thread 0x00000226c4515fe0 nmethod 7133 0x0000022696acfc10 code [0x0000022696acfe00, 0x0000022696ad01d8]
Event: 57.145 Thread 0x00000226c4515fe0 7134       1       sun.security.jca.ProviderList$3::size (9 bytes)
Event: 57.145 Thread 0x00000226c4515fe0 nmethod 7134 0x0000022696acf910 code [0x0000022696acfaa0, 0x0000022696acfb78]
Event: 57.356 Thread 0x00000226c4515fe0 7135       1       io.netty.channel.AbstractChannelHandlerContext::newPromise (16 bytes)
Event: 57.356 Thread 0x00000226c4515fe0 nmethod 7135 0x0000022696acee10 code [0x0000022696acf000, 0x0000022696acf5c8]
Event: 57.356 Thread 0x00000226c4515fe0 7136   !   1       io.netty.channel.AbstractChannelHandlerContext::safeExecute (71 bytes)
Event: 57.356 Thread 0x00000226c4515fe0 nmethod 7136 0x0000022696ace690 code [0x0000022696ace880, 0x0000022696acec08]
Event: 57.356 Thread 0x00000226c4515fe0 7137       1       java.util.concurrent.atomic.AtomicInteger::lazySet (12 bytes)
Event: 57.356 Thread 0x00000226c4515fe0 nmethod 7137 0x0000022696ace390 code [0x0000022696ace520, 0x0000022696ace5f8]
Event: 57.460 Thread 0x00000226c4515fe0 7138       1       sun.security.jca.ProviderList$3::get (6 bytes)
Event: 57.460 Thread 0x00000226c4515fe0 nmethod 7138 0x0000022696acdf10 code [0x0000022696ace0c0, 0x0000022696ace208]
Event: 57.460 Thread 0x00000226c4515fe0 7139       1       sun.security.jca.ProviderList$3::get (9 bytes)
Event: 57.460 Thread 0x00000226c4515fe0 nmethod 7139 0x0000022696acda90 code [0x0000022696acdc40, 0x0000022696acdd88]

GC Heap History (20 events):
Event: 54.013 GC heap before
{Heap before GC invocations=147 (full 0):
 garbage-first heap   total 704512K, used 445254K [0x0000000403000000, 0x0000000800000000)
  region size 8192K, 51 young (417792K), 1 survivors (8192K)
 Metaspace       used 49310K, committed 50112K, reserved 1097728K
  class space    used 6652K, committed 7040K, reserved 1048576K
}
Event: 54.015 GC heap after
{Heap after GC invocations=148 (full 0):
 garbage-first heap   total 704512K, used 35756K [0x0000000403000000, 0x0000000800000000)
  region size 8192K, 1 young (8192K), 1 survivors (8192K)
 Metaspace       used 49310K, committed 50112K, reserved 1097728K
  class space    used 6652K, committed 7040K, reserved 1048576K
}
Event: 54.412 GC heap before
{Heap before GC invocations=148 (full 0):
 garbage-first heap   total 704512K, used 445356K [0x0000000403000000, 0x0000000800000000)
  region size 8192K, 51 young (417792K), 1 survivors (8192K)
 Metaspace       used 49310K, committed 50112K, reserved 1097728K
  class space    used 6652K, committed 7040K, reserved 1048576K
}
Event: 54.415 GC heap after
{Heap after GC invocations=149 (full 0):
 garbage-first heap   total 704512K, used 35672K [0x0000000403000000, 0x0000000800000000)
  region size 8192K, 1 young (8192K), 1 survivors (8192K)
 Metaspace       used 49310K, committed 50112K, reserved 1097728K
  class space    used 6652K, committed 7040K, reserved 1048576K
}
Event: 54.797 GC heap before
{Heap before GC invocations=149 (full 0):
 garbage-first heap   total 704512K, used 445272K [0x0000000403000000, 0x0000000800000000)
  region size 8192K, 51 young (417792K), 1 survivors (8192K)
 Metaspace       used 49310K, committed 50112K, reserved 1097728K
  class space    used 6652K, committed 7040K, reserved 1048576K
}
Event: 54.798 GC heap after
{Heap after GC invocations=150 (full 0):
 garbage-first heap   total 704512K, used 35638K [0x0000000403000000, 0x0000000800000000)
  region size 8192K, 1 young (8192K), 1 survivors (8192K)
 Metaspace       used 49310K, committed 50112K, reserved 1097728K
  class space    used 6652K, committed 7040K, reserved 1048576K
}
Event: 55.107 GC heap before
{Heap before GC invocations=150 (full 0):
 garbage-first heap   total 704512K, used 445238K [0x0000000403000000, 0x0000000800000000)
  region size 8192K, 51 young (417792K), 1 survivors (8192K)
 Metaspace       used 49310K, committed 50112K, reserved 1097728K
  class space    used 6652K, committed 7040K, reserved 1048576K
}
Event: 55.108 GC heap after
{Heap after GC invocations=151 (full 0):
 garbage-first heap   total 704512K, used 35644K [0x0000000403000000, 0x0000000800000000)
  region size 8192K, 1 young (8192K), 1 survivors (8192K)
 Metaspace       used 49310K, committed 50112K, reserved 1097728K
  class space    used 6652K, committed 7040K, reserved 1048576K
}
Event: 55.524 GC heap before
{Heap before GC invocations=151 (full 0):
 garbage-first heap   total 704512K, used 445244K [0x0000000403000000, 0x0000000800000000)
  region size 8192K, 51 young (417792K), 1 survivors (8192K)
 Metaspace       used 49310K, committed 50112K, reserved 1097728K
  class space    used 6652K, committed 7040K, reserved 1048576K
}
Event: 55.524 GC heap after
{Heap after GC invocations=152 (full 0):
 garbage-first heap   total 704512K, used 35708K [0x0000000403000000, 0x0000000800000000)
  region size 8192K, 1 young (8192K), 1 survivors (8192K)
 Metaspace       used 49310K, committed 50112K, reserved 1097728K
  class space    used 6652K, committed 7040K, reserved 1048576K
}
Event: 55.816 GC heap before
{Heap before GC invocations=152 (full 0):
 garbage-first heap   total 704512K, used 445308K [0x0000000403000000, 0x0000000800000000)
  region size 8192K, 51 young (417792K), 1 survivors (8192K)
 Metaspace       used 49310K, committed 50112K, reserved 1097728K
  class space    used 6652K, committed 7040K, reserved 1048576K
}
Event: 55.816 GC heap after
{Heap after GC invocations=153 (full 0):
 garbage-first heap   total 704512K, used 35687K [0x0000000403000000, 0x0000000800000000)
  region size 8192K, 1 young (8192K), 1 survivors (8192K)
 Metaspace       used 49310K, committed 50112K, reserved 1097728K
  class space    used 6652K, committed 7040K, reserved 1048576K
}
Event: 56.105 GC heap before
{Heap before GC invocations=153 (full 0):
 garbage-first heap   total 704512K, used 445287K [0x0000000403000000, 0x0000000800000000)
  region size 8192K, 51 young (417792K), 1 survivors (8192K)
 Metaspace       used 49310K, committed 50112K, reserved 1097728K
  class space    used 6652K, committed 7040K, reserved 1048576K
}
Event: 56.106 GC heap after
{Heap after GC invocations=154 (full 0):
 garbage-first heap   total 704512K, used 35700K [0x0000000403000000, 0x0000000800000000)
  region size 8192K, 1 young (8192K), 1 survivors (8192K)
 Metaspace       used 49310K, committed 50112K, reserved 1097728K
  class space    used 6652K, committed 7040K, reserved 1048576K
}
Event: 56.705 GC heap before
{Heap before GC invocations=154 (full 0):
 garbage-first heap   total 704512K, used 445300K [0x0000000403000000, 0x0000000800000000)
  region size 8192K, 51 young (417792K), 1 survivors (8192K)
 Metaspace       used 49310K, committed 50112K, reserved 1097728K
  class space    used 6652K, committed 7040K, reserved 1048576K
}
Event: 56.705 GC heap after
{Heap after GC invocations=155 (full 0):
 garbage-first heap   total 704512K, used 35766K [0x0000000403000000, 0x0000000800000000)
  region size 8192K, 1 young (8192K), 1 survivors (8192K)
 Metaspace       used 49310K, committed 50112K, reserved 1097728K
  class space    used 6652K, committed 7040K, reserved 1048576K
}
Event: 56.997 GC heap before
{Heap before GC invocations=155 (full 0):
 garbage-first heap   total 704512K, used 445366K [0x0000000403000000, 0x0000000800000000)
  region size 8192K, 51 young (417792K), 1 survivors (8192K)
 Metaspace       used 49310K, committed 50112K, reserved 1097728K
  class space    used 6652K, committed 7040K, reserved 1048576K
}
Event: 56.997 GC heap after
{Heap after GC invocations=156 (full 0):
 garbage-first heap   total 704512K, used 35770K [0x0000000403000000, 0x0000000800000000)
  region size 8192K, 1 young (8192K), 1 survivors (8192K)
 Metaspace       used 49310K, committed 50112K, reserved 1097728K
  class space    used 6652K, committed 7040K, reserved 1048576K
}
Event: 57.513 GC heap before
{Heap before GC invocations=156 (full 0):
 garbage-first heap   total 704512K, used 445370K [0x0000000403000000, 0x0000000800000000)
  region size 8192K, 51 young (417792K), 1 survivors (8192K)
 Metaspace       used 49310K, committed 50112K, reserved 1097728K
  class space    used 6652K, committed 7040K, reserved 1048576K
}
Event: 57.514 GC heap after
{Heap after GC invocations=157 (full 0):
 garbage-first heap   total 704512K, used 35738K [0x0000000403000000, 0x0000000800000000)
  region size 8192K, 1 young (8192K), 1 survivors (8192K)
 Metaspace       used 49310K, committed 50112K, reserved 1097728K
  class space    used 6652K, committed 7040K, reserved 1048576K
}

Deoptimization events (20 events):
Event: 13.631 Thread 0x00000226c63ed3a0 DEOPT PACKING pc=0x000002269736949c sp=0x0000009cebffdc10
Event: 13.631 Thread 0x00000226c63ed3a0 DEOPT UNPACKING pc=0x0000022696882b43 sp=0x0000009cebffd168 mode 1
Event: 19.428 Thread 0x00000226c9179850 DEOPT PACKING pc=0x00000226972aadef sp=0x0000009ceeffe030
Event: 19.428 Thread 0x00000226c9179850 DEOPT UNPACKING pc=0x0000022696882b43 sp=0x0000009ceeffd4e8 mode 1
Event: 19.428 Thread 0x00000226c9179850 DEOPT PACKING pc=0x00000226972ac934 sp=0x0000009ceeffe0b0
Event: 19.428 Thread 0x00000226c9179850 DEOPT UNPACKING pc=0x0000022696882b43 sp=0x0000009ceeffd5a0 mode 1
Event: 19.429 Thread 0x00000226c9179850 DEOPT PACKING pc=0x0000022697217eec sp=0x0000009ceeffd960
Event: 19.429 Thread 0x00000226c9179850 DEOPT UNPACKING pc=0x0000022696882b43 sp=0x0000009ceeffce90 mode 1
Event: 19.429 Thread 0x00000226c9179850 DEOPT PACKING pc=0x000002269736949c sp=0x0000009ceeffda70
Event: 19.429 Thread 0x00000226c9179850 DEOPT UNPACKING pc=0x0000022696882b43 sp=0x0000009ceeffcfc8 mode 1
Event: 19.429 Thread 0x00000226c9179850 DEOPT PACKING pc=0x0000022697217eec sp=0x0000009ceeffd960
Event: 19.429 Thread 0x00000226c9179850 DEOPT UNPACKING pc=0x0000022696882b43 sp=0x0000009ceeffce90 mode 1
Event: 19.429 Thread 0x00000226c9179850 DEOPT PACKING pc=0x000002269736949c sp=0x0000009ceeffda70
Event: 19.429 Thread 0x00000226c9179850 DEOPT UNPACKING pc=0x0000022696882b43 sp=0x0000009ceeffcfc8 mode 1
Event: 42.192 Thread 0x00000226c917dbb0 DEOPT PACKING pc=0x00000226976a5454 sp=0x0000009ceecfecb0
Event: 42.192 Thread 0x00000226c917dbb0 DEOPT UNPACKING pc=0x0000022696882b43 sp=0x0000009ceecfe1d0 mode 1
Event: 42.192 Thread 0x00000226c917dbb0 DEOPT PACKING pc=0x000002269777fcec sp=0x0000009ceecfee10
Event: 42.192 Thread 0x00000226c917dbb0 DEOPT UNPACKING pc=0x0000022696882b43 sp=0x0000009ceecfe2d8 mode 1
Event: 42.192 Thread 0x00000226c917dbb0 DEOPT PACKING pc=0x000002269777e3f4 sp=0x0000009ceecfef60
Event: 42.192 Thread 0x00000226c917dbb0 DEOPT UNPACKING pc=0x0000022696882b43 sp=0x0000009ceecfe460 mode 1

Classes unloaded (0 events):
No events

Classes redefined (0 events):
No events

Internal exceptions (20 events):
Event: 2.475 Thread 0x000002268efd14f0 Exception <a 'java/lang/NoSuchMethodError'{0x000000040709aac8}: 'void java.lang.invoke.DirectMethodHandle$Holder.invokeVirtual(java.lang.Object, java.lang.Object, java.lang.Object, java.lang.Object)'> (0x000000040709aac8) 
thrown [s\open\src\hotspot\share\interpreter\linkResolver.cpp, line 759]
Event: 2.524 Thread 0x00000226c63eced0 Exception <a 'java/lang/NoSuchMethodError'{0x00000004068cb508}: 'java.lang.Object java.lang.invoke.DirectMethodHandle$Holder.newInvokeSpecial(java.lang.Object, java.lang.Object, long, java.lang.Object)'> (0x00000004068cb508) 
thrown [s\open\src\hotspot\share\interpreter\linkResolver.cpp, line 759]
Event: 2.533 Thread 0x000002268efd14f0 Exception <a 'sun/nio/fs/WindowsException'{0x0000000406c65db0}> (0x0000000406c65db0) 
thrown [s\open\src\hotspot\share\prims\jni.cpp, line 516]
Event: 2.562 Thread 0x000002268efd14f0 Exception <a 'java/lang/IncompatibleClassChangeError'{0x00000004062a2718}: Found class java.lang.Object, but interface was expected> (0x00000004062a2718) 
thrown [s\open\src\hotspot\share\interpreter\linkResolver.cpp, line 826]
Event: 2.595 Thread 0x000002268efd14f0 Exception <a 'java/lang/NoSuchMethodError'{0x0000000406710b28}: 'int java.lang.invoke.DirectMethodHandle$Holder.invokeStaticInit(java.lang.Object, java.lang.Object, java.lang.Object, java.lang.Object)'> (0x0000000406710b28) 
thrown [s\open\src\hotspot\share\interpreter\linkResolver.cpp, line 759]
Event: 2.683 Thread 0x000002268efd14f0 Exception <a 'java/lang/NoSuchMethodError'{0x00000004428c5d78}: 'java.lang.Object java.lang.invoke.DirectMethodHandle$Holder.newInvokeSpecial(java.lang.Object, java.lang.Object, int, java.lang.Object, java.lang.Object)'> (0x00000004428c5d78) 
thrown [s\open\src\hotspot\share\interpreter\linkResolver.cpp, line 759]
Event: 2.705 Thread 0x000002268efd14f0 Exception <a 'java/lang/IncompatibleClassChangeError'{0x0000000442bc3a08}: Found class java.lang.Object, but interface was expected> (0x0000000442bc3a08) 
thrown [s\open\src\hotspot\share\interpreter\linkResolver.cpp, line 826]
Event: 2.707 Thread 0x000002268efd14f0 Exception <a 'java/lang/NoSuchMethodError'{0x0000000442bea708}: 'java.lang.Object java.lang.invoke.DirectMethodHandle$Holder.invokeStaticInit(java.lang.Object, java.lang.Object, int)'> (0x0000000442bea708) 
thrown [s\open\src\hotspot\share\interpreter\linkResolver.cpp, line 759]
Event: 2.708 Thread 0x000002268efd14f0 Exception <a 'java/lang/NoSuchMethodError'{0x0000000442bf0ad8}: 'java.lang.Object java.lang.invoke.DirectMethodHandle$Holder.newInvokeSpecial(java.lang.Object, java.lang.Object, int)'> (0x0000000442bf0ad8) 
thrown [s\open\src\hotspot\share\interpreter\linkResolver.cpp, line 759]
Event: 2.714 Thread 0x000002268efd14f0 Exception <a 'sun/nio/fs/WindowsException'{0x0000000442cacba8}> (0x0000000442cacba8) 
thrown [s\open\src\hotspot\share\prims\jni.cpp, line 516]
Event: 2.839 Thread 0x000002268efd14f0 Exception <a 'java/lang/NoSuchMethodError'{0x00000004094d3128}: 'java.lang.Object java.lang.invoke.DirectMethodHandle$Holder.invokeSpecial(java.lang.Object, java.lang.Object, long, java.lang.Object, java.lang.Object, java.lang.Object, java.lang.Object, java.lang.Object, java.lang.Object, java.lang.Object, int, java.lang.Object, java.lang.Object, long)'> (0x00000004094d3128) 
thrown [s\open\src\hotspot\share\interpreter\linkResolver.cpp, line 759]
Event: 2.839 Thread 0x000002268efd14f0 Exception <a 'java/lang/NoSuchMethodError'{0x00000004094d7738}: 'java.lang.Object java.lang.invoke.DelegatingMethodHandle$Holder.reinvoke_L(java.lang.Object, long, java.lang.Object, java.lang.Object, java.lang.Object, java.lang.Object, java.lang.Object, java.lang.Object, java.lang.Object, int, java.lang.Object, java.lang.Object, long)'> (0x00000004094d7738) 
thrown [s\open\src\hotspot\share\interpreter\linkResolver.cpp, line 759]
Event: 2.847 Thread 0x000002268efd14f0 Exception <a 'java/lang/NoSuchMethodError'{0x0000000409589228}: 'java.lang.Object java.lang.invoke.DelegatingMethodHandle$Holder.reinvoke_L(java.lang.Object, java.lang.Object, long, long, java.lang.Object, java.lang.Object, int, java.lang.Object, long, long, java.lang.Object, long, java.lang.Object, int, int, long, long, long, java.lang.Object)'> (0x0000000409589228) 
thrown [s\open\src\hotspot\share\interpreter\linkResolver.cpp, line 759]
Event: 2.848 Thread 0x000002268efd14f0 Exception <a 'java/lang/NoSuchMethodError'{0x00000004095d4c30}: 'java.lang.Object java.lang.invoke.DirectMethodHandle$Holder.invokeSpecial(java.lang.Object, java.lang.Object, long, long, java.lang.Object, java.lang.Object, int, java.lang.Object, long, long, java.lang.Object, long, java.lang.Object, int, int, long, long, long, java.lang.Object)'> (0x00000004095d4c30) 
thrown [s\open\src\hotspot\share\interpreter\linkResolver.cpp, line 759]
Event: 2.848 Thread 0x000002268efd14f0 Exception <a 'java/lang/NoSuchMethodError'{0x00000004095d9cd0}: 'java.lang.Object java.lang.invoke.DelegatingMethodHandle$Holder.reinvoke_L(java.lang.Object, long, long, java.lang.Object, java.lang.Object, int, java.lang.Object, long, long, java.lang.Object, long, java.lang.Object, int, int, long, long, long, java.lang.Object)'> (0x00000004095d9cd0) 
thrown [s\open\src\hotspot\share\interpreter\linkResolver.cpp, line 759]
Event: 2.850 Thread 0x000002268efd14f0 Exception <a 'java/lang/NoSuchMethodError'{0x0000000409694a98}: 'java.lang.Object java.lang.invoke.DirectMethodHandle$Holder.invokeSpecial(java.lang.Object, java.lang.Object, long, java.lang.Object, java.lang.Object, int, long, long, long, java.lang.Object, java.lang.Object, java.lang.Object)'> (0x0000000409694a98) 
thrown [s\open\src\hotspot\share\interpreter\linkResolver.cpp, line 759]
Event: 2.850 Thread 0x000002268efd14f0 Exception <a 'java/lang/NoSuchMethodError'{0x0000000409699670}: 'java.lang.Object java.lang.invoke.DelegatingMethodHandle$Holder.reinvoke_L(java.lang.Object, long, java.lang.Object, java.lang.Object, int, long, long, long, java.lang.Object, java.lang.Object, java.lang.Object)'> (0x0000000409699670) 
thrown [s\open\src\hotspot\share\interpreter\linkResolver.cpp, line 759]
Event: 2.859 Thread 0x00000226c8fe1170 Exception <a 'java/lang/NoSuchMethodError'{0x0000000408845490}: 'java.lang.Object java.lang.invoke.DirectMethodHandle$Holder.invokeSpecial(java.lang.Object, java.lang.Object, double, double)'> (0x0000000408845490) 
thrown [s\open\src\hotspot\share\interpreter\linkResolver.cpp, line 759]
Event: 2.860 Thread 0x00000226c8fe1170 Exception <a 'java/lang/NoSuchMethodError'{0x000000040884c620}: 'java.lang.Object java.lang.invoke.DirectMethodHandle$Holder.newInvokeSpecial(java.lang.Object, java.lang.Object, double, double)'> (0x000000040884c620) 
thrown [s\open\src\hotspot\share\interpreter\linkResolver.cpp, line 759]
Event: 42.192 Thread 0x00000226c917dbb0 Exception <a 'java/lang/InterruptedException'{0x0000000415b61210}: sleep interrupted> (0x0000000415b61210) 
thrown [s\open\src\hotspot\share\prims\jvm.cpp, line 3070]

VM Operations (20 events):
Event: 55.107 Executing VM operation: G1CollectForAllocation
Event: 55.108 Executing VM operation: G1CollectForAllocation done
Event: 55.524 Executing VM operation: G1CollectForAllocation
Event: 55.524 Executing VM operation: G1CollectForAllocation done
Event: 55.813 Executing VM operation: G1CollectForAllocation
Event: 55.816 Executing VM operation: G1CollectForAllocation done
Event: 56.105 Executing VM operation: G1CollectForAllocation
Event: 56.106 Executing VM operation: G1CollectForAllocation done
Event: 56.705 Executing VM operation: G1CollectForAllocation
Event: 56.705 Executing VM operation: G1CollectForAllocation done
Event: 56.997 Executing VM operation: G1CollectForAllocation
Event: 56.997 Executing VM operation: G1CollectForAllocation done
Event: 57.513 Executing VM operation: G1CollectForAllocation
Event: 57.514 Executing VM operation: G1CollectForAllocation done
Event: 57.553 Executing VM operation: ChangeBreakpoints
Event: 57.553 Executing VM operation: ChangeBreakpoints done
Event: 57.553 Executing VM operation: ChangeBreakpoints
Event: 57.553 Executing VM operation: ChangeBreakpoints done
Event: 57.554 Executing VM operation: ChangeBreakpoints
Event: 57.554 Executing VM operation: ChangeBreakpoints done

Events (20 events):
Event: 57.590 loading class org/springframework/boot/web/server/GracefulShutdownResult done
Event: 57.590 loading class org/springframework/boot/web/server/GracefulShutdownResult
Event: 57.590 loading class org/springframework/boot/web/server/GracefulShutdownResult done
Event: 57.590 loading class org/springframework/boot/web/server/GracefulShutdownResult
Event: 57.590 loading class org/springframework/boot/web/server/GracefulShutdownResult done
Event: 57.590 loading class org/springframework/boot/web/embedded/tomcat/GracefulShutdown
Event: 57.590 loading class org/springframework/boot/web/embedded/tomcat/GracefulShutdown done
Event: 57.590 loading class org/springframework/boot/web/server/GracefulShutdownCallback
Event: 57.590 loading class org/springframework/boot/web/server/GracefulShutdownCallback done
Event: 57.590 Thread 0x00000226c9365820 Thread added: 0x00000226c9365820
Event: 57.590 loading class java/util/concurrent/locks/AbstractQueuedSynchronizer$SharedNode
Event: 57.590 loading class java/util/concurrent/locks/AbstractQueuedSynchronizer$SharedNode done
Event: 57.590 loading class org/springframework/boot/web/embedded/tomcat/GracefulShutdown
Event: 57.590 loading class org/springframework/boot/web/embedded/tomcat/GracefulShutdown done
Event: 57.590 loading class org/apache/catalina/connector/Connector
Event: 57.590 loading class org/apache/catalina/connector/Connector done
Event: 57.590 loading class org/apache/catalina/connector/Connector
Event: 57.590 loading class org/apache/catalina/connector/Connector done
Event: 57.597 Thread 0x00000226c9362800 Thread exited: 0x00000226c9362800
Event: 57.602 Thread 0x00000226c93631a0 Thread exited: 0x00000226c93631a0


Dynamic libraries:
0x00007ff72daf0000 - 0x00007ff72db00000 	D:\SoftwareSpace\JAVA\java17\jdk17\bin\java.exe
0x00007ffcb6a10000 - 0x00007ffcb6c24000 	C:\WINDOWS\SYSTEM32\ntdll.dll
0x00007ffcb5ca0000 - 0x00007ffcb5d64000 	C:\WINDOWS\System32\KERNEL32.DLL
0x00007ffcb43f0000 - 0x00007ffcb4794000 	C:\WINDOWS\System32\KERNELBASE.dll
0x00007ffcb40c0000 - 0x00007ffcb41d1000 	C:\WINDOWS\System32\ucrtbase.dll
0x00007ffc7d560000 - 0x00007ffc7d578000 	D:\SoftwareSpace\JAVA\java17\jdk17\bin\jli.dll
0x00007ffcb4880000 - 0x00007ffcb4930000 	C:\WINDOWS\System32\ADVAPI32.dll
0x00007ffcb4f00000 - 0x00007ffcb4fa7000 	C:\WINDOWS\System32\msvcrt.dll
0x00007ffc7d640000 - 0x00007ffc7d65a000 	D:\SoftwareSpace\JAVA\java17\jdk17\bin\VCRUNTIME140.dll
0x00007ffcb65a0000 - 0x00007ffcb6646000 	C:\WINDOWS\System32\sechost.dll
0x00007ffcb5980000 - 0x00007ffcb5a97000 	C:\WINDOWS\System32\RPCRT4.dll
0x00007ffcb6820000 - 0x00007ffcb69ce000 	C:\WINDOWS\System32\USER32.dll
0x00007ffcb3eb0000 - 0x00007ffcb3ed6000 	C:\WINDOWS\System32\win32u.dll
0x00007ffcb5770000 - 0x00007ffcb5799000 	C:\WINDOWS\System32\GDI32.dll
0x00007ffcb3ee0000 - 0x00007ffcb3ff8000 	C:\WINDOWS\System32\gdi32full.dll
0x00007ffc9db50000 - 0x00007ffc9dde3000 	C:\WINDOWS\WinSxS\amd64_microsoft.windows.common-controls_6595b64144ccf1df_6.0.22621.2215_none_270d72677387dfc3\COMCTL32.dll
0x00007ffcb41e0000 - 0x00007ffcb427a000 	C:\WINDOWS\System32\msvcp_win.dll
0x00007ffca7280000 - 0x00007ffca728a000 	C:\WINDOWS\SYSTEM32\VERSION.dll
0x00007ffcb57a0000 - 0x00007ffcb57d1000 	C:\WINDOWS\System32\IMM32.DLL
0x00007ffcad0b0000 - 0x00007ffcad0bc000 	D:\SoftwareSpace\JAVA\java17\jdk17\bin\vcruntime140_1.dll
0x00007ffc7d2a0000 - 0x00007ffc7d32d000 	D:\SoftwareSpace\JAVA\java17\jdk17\bin\msvcp140.dll
0x00007ffc314b0000 - 0x00007ffc32072000 	D:\SoftwareSpace\JAVA\java17\jdk17\bin\server\jvm.dll
0x00007ffcb4b60000 - 0x00007ffcb4b68000 	C:\WINDOWS\System32\PSAPI.DLL
0x00007ffc93c00000 - 0x00007ffc93c09000 	C:\WINDOWS\SYSTEM32\WSOCK32.dll
0x00007ffcacb50000 - 0x00007ffcacb84000 	C:\WINDOWS\SYSTEM32\WINMM.dll
0x00007ffcb5c20000 - 0x00007ffcb5c91000 	C:\WINDOWS\System32\WS2_32.dll
0x00007ffcb2e70000 - 0x00007ffcb2e88000 	C:\WINDOWS\SYSTEM32\kernel.appcore.dll
0x00007ffc7d550000 - 0x00007ffc7d55a000 	D:\SoftwareSpace\JAVA\java17\jdk17\bin\jimage.dll
0x00007ffcb1640000 - 0x00007ffcb186e000 	C:\WINDOWS\SYSTEM32\DBGHELP.DLL
0x00007ffcb4b70000 - 0x00007ffcb4efa000 	C:\WINDOWS\System32\combase.dll
0x00007ffcb47a0000 - 0x00007ffcb4877000 	C:\WINDOWS\System32\OLEAUT32.dll
0x00007ffc92b10000 - 0x00007ffc92b42000 	C:\WINDOWS\SYSTEM32\dbgcore.DLL
0x00007ffcb3dc0000 - 0x00007ffcb3e3a000 	C:\WINDOWS\System32\bcryptPrimitives.dll
0x00007ffc9c910000 - 0x00007ffc9c94b000 	D:\SoftwareSpace\JAVA\java17\jdk17\bin\jdwp.dll
0x00007ffcae520000 - 0x00007ffcae52e000 	D:\SoftwareSpace\JAVA\java17\jdk17\bin\instrument.dll
0x00007ffc7d270000 - 0x00007ffc7d295000 	D:\SoftwareSpace\JAVA\java17\jdk17\bin\java.dll
0x00007ffc7d130000 - 0x00007ffc7d148000 	D:\SoftwareSpace\JAVA\java17\jdk17\bin\zip.dll
0x00007ffc7d190000 - 0x00007ffc7d266000 	D:\SoftwareSpace\JAVA\java17\jdk17\bin\jsvml.dll
0x00007ffcb5d70000 - 0x00007ffcb6593000 	C:\WINDOWS\System32\SHELL32.dll
0x00007ffcb1d10000 - 0x00007ffcb25fa000 	C:\WINDOWS\SYSTEM32\windows.storage.dll
0x00007ffcb1bd0000 - 0x00007ffcb1d0e000 	C:\WINDOWS\SYSTEM32\wintypes.dll
0x00007ffcb49d0000 - 0x00007ffcb4ac3000 	C:\WINDOWS\System32\SHCORE.dll
0x00007ffcb4ad0000 - 0x00007ffcb4b2e000 	C:\WINDOWS\System32\shlwapi.dll
0x00007ffcb3cf0000 - 0x00007ffcb3d16000 	C:\WINDOWS\SYSTEM32\profapi.dll
0x00007ffcae110000 - 0x00007ffcae11c000 	D:\SoftwareSpace\JAVA\java17\jdk17\bin\dt_socket.dll
0x00007ffcb28d0000 - 0x00007ffcb28fd000 	C:\WINDOWS\SYSTEM32\IPHLPAPI.DLL
0x00007ffcb3330000 - 0x00007ffcb3399000 	C:\WINDOWS\system32\mswsock.dll
0x00007ffc7d170000 - 0x00007ffc7d189000 	D:\SoftwareSpace\JAVA\java17\jdk17\bin\net.dll
0x00007ffcad8a0000 - 0x00007ffcad9d7000 	C:\WINDOWS\SYSTEM32\WINHTTP.dll
0x00007ffc7d150000 - 0x00007ffc7d166000 	D:\SoftwareSpace\JAVA\java17\jdk17\bin\nio.dll
0x00007ffcb2900000 - 0x00007ffcb29f2000 	C:\WINDOWS\SYSTEM32\DNSAPI.dll
0x00007ffcb5480000 - 0x00007ffcb5489000 	C:\WINDOWS\System32\NSI.dll
0x00007ffca7080000 - 0x00007ffca708a000 	C:\Windows\System32\rasadhlp.dll
0x00007ffcab930000 - 0x00007ffcab9b4000 	C:\WINDOWS\System32\fwpuclnt.dll
0x00007ffcae510000 - 0x00007ffcae519000 	D:\SoftwareSpace\JAVA\java17\jdk17\bin\management.dll
0x00007ffcae500000 - 0x00007ffcae50b000 	D:\SoftwareSpace\JAVA\java17\jdk17\bin\management_ext.dll
0x00007ffcb3580000 - 0x00007ffcb359b000 	C:\WINDOWS\SYSTEM32\CRYPTSP.dll
0x00007ffcb2e30000 - 0x00007ffcb2e65000 	C:\WINDOWS\system32\rsaenh.dll
0x00007ffcb33e0000 - 0x00007ffcb340c000 	C:\WINDOWS\SYSTEM32\USERENV.dll
0x00007ffcb3790000 - 0x00007ffcb37b8000 	C:\WINDOWS\SYSTEM32\bcrypt.dll
0x00007ffcb3540000 - 0x00007ffcb354c000 	C:\WINDOWS\SYSTEM32\CRYPTBASE.dll
0x00007ffcad670000 - 0x00007ffcad689000 	C:\WINDOWS\SYSTEM32\dhcpcsvc6.DLL
0x00007ffcad650000 - 0x00007ffcad66f000 	C:\WINDOWS\SYSTEM32\dhcpcsvc.DLL
0x00007ffc88df0000 - 0x00007ffc88e07000 	C:\WINDOWS\system32\napinsp.dll
0x00007ffc88dd0000 - 0x00007ffc88deb000 	C:\WINDOWS\system32\pnrpnsp.dll
0x00007ffc87c40000 - 0x00007ffc87c51000 	C:\WINDOWS\System32\winrnr.dll
0x00007ffc87c20000 - 0x00007ffc87c35000 	C:\WINDOWS\system32\wshbth.dll
0x00007ffc878e0000 - 0x00007ffc87901000 	C:\WINDOWS\system32\nlansp_c.dll
0x00007ffcae100000 - 0x00007ffcae10e000 	D:\SoftwareSpace\JAVA\java17\jdk17\bin\sunmscapi.dll
0x00007ffcb4280000 - 0x00007ffcb43e6000 	C:\WINDOWS\System32\CRYPT32.dll
0x00007ffcb3760000 - 0x00007ffcb378e000 	C:\WINDOWS\SYSTEM32\ncrypt.dll
0x00007ffcb3720000 - 0x00007ffcb3757000 	C:\WINDOWS\SYSTEM32\NTASN1.dll
0x00007ffc5a1f0000 - 0x00007ffc5a200000 	D:\SoftwareSpace\JAVA\java17\jdk17\bin\verify.dll
0x00007ffcad1a0000 - 0x00007ffcad1b8000 	F:\anaconda\anaconda3\Library\bin\snappy.dll
0x00007ffc83170000 - 0x00007ffc831a2000 	F:\anaconda\anaconda3\Library\bin\bzip2.dll
0x00007ffc62c90000 - 0x00007ffc633b0000 	C:\Users\hcg\AppData\Local\Temp\librocksdbjni4259793920475657821.dll
0x00007ffc87560000 - 0x00007ffc87568000 	C:\WINDOWS\system32\wshunix.dll

dbghelp: loaded successfully - version: 4.0.5 - missing functions: none
symbol engine: initialized successfully - sym options: 0x614 - pdb path: .;D:\SoftwareSpace\JAVA\java17\jdk17\bin;C:\WINDOWS\SYSTEM32;C:\WINDOWS\WinSxS\amd64_microsoft.windows.common-controls_6595b64144ccf1df_6.0.22621.2215_none_270d72677387dfc3;D:\SoftwareSpace\JAVA\java17\jdk17\bin\server;F:\anaconda\anaconda3\Library\bin;C:\Users\hcg\AppData\Local\Temp

VM Arguments:
jvm_args: -agentlib:jdwp=transport=dt_socket,address=127.0.0.1:12690,suspend=y,server=n -XX:TieredStopAtLevel=1 -Dspring.output.ansi.enabled=always -Dcom.sun.management.jmxremote -Dspring.jmx.enabled=true -Dspring.liveBeansView.mbeanDomain -Dspring.application.admin.enabled=true -Dmanagement.endpoints.jmx.exposure.include=* -javaagent:C:\Users\hcg\AppData\Local\JetBrains\IntelliJIdea2023.3\captureAgent\debugger-agent.jar=file:/C:/Users/hcg/AppData/Local/Temp/capture.props -Dfile.encoding=UTF-8 
java_command: com.pop.popcoinsystem.PopCoinSystemApplication
java_class_path (initial): F:\workSpace\p2p\PopCoin\pop-coin-system\target\classes;E:\DependencyLibrary\ApacheMaven\apache-maven-3.8.6\localRepository\org\springframework\boot\spring-boot-starter-aop\3.5.0\spring-boot-starter-aop-3.5.0.jar;E:\DependencyLibrary\ApacheMaven\apache-maven-3.8.6\localRepository\org\springframework\boot\spring-boot-starter\3.5.0\spring-boot-starter-3.5.0.jar;E:\DependencyLibrary\ApacheMaven\apache-maven-3.8.6\localRepository\org\springframework\boot\spring-boot\3.5.0\spring-boot-3.5.0.jar;E:\DependencyLibrary\ApacheMaven\apache-maven-3.8.6\localRepository\org\springframework\boot\spring-boot-autoconfigure\3.5.0\spring-boot-autoconfigure-3.5.0.jar;E:\DependencyLibrary\ApacheMaven\apache-maven-3.8.6\localRepository\org\springframework\boot\spring-boot-starter-logging\3.5.0\spring-boot-starter-logging-3.5.0.jar;E:\DependencyLibrary\ApacheMaven\apache-maven-3.8.6\localRepository\ch\qos\logback\logback-classic\1.5.18\logback-classic-1.5.18.jar;E:\DependencyLibrary\ApacheMaven\apache-maven-3.8.6\localRepository\ch\qos\logback\logback-core\1.5.18\logback-core-1.5.18.jar;E:\DependencyLibrary\ApacheMaven\apache-maven-3.8.6\localRepository\org\apache\logging\log4j\log4j-to-slf4j\2.24.3\log4j-to-slf4j-2.24.3.jar;E:\DependencyLibrary\ApacheMaven\apache-maven-3.8.6\localRepository\org\apache\logging\log4j\log4j-api\2.24.3\log4j-api-2.24.3.jar;E:\DependencyLibrary\ApacheMaven\apache-maven-3.8.6\localRepository\org\slf4j\jul-to-slf4j\2.0.17\jul-to-slf4j-2.0.17.jar;E:\DependencyLibrary\ApacheMaven\apache-maven-3.8.6\localRepository\jakarta\annotation\jakarta.annotation-api\2.1.1\jakarta.annotation-api-2.1.1.jar;E:\DependencyLibrary\ApacheMaven\apache-maven-3.8.6\localRepository\org\springframework\spring-core\6.2.7\spring-core-6.2.7.jar;E:\DependencyLibrary\ApacheMaven\apache-maven-3.8.6\localRepository\org\springframework\spring-jcl\6.2.7\spring-jcl-6.2.7.jar;E:\DependencyLibrary\ApacheMaven\apache-maven-3.8.6\localRepository\org\springframework\sprin
Launcher Type: SUN_STANDARD

[Global flags]
     intx CICompilerCount                          = 15                                        {product} {ergonomic}
     uint ConcGCThreads                            = 6                                         {product} {ergonomic}
     uint G1ConcRefinementThreads                  = 23                                        {product} {ergonomic}
   size_t G1HeapRegionSize                         = 8388608                                   {product} {ergonomic}
    uintx GCDrainStackTargetSize                   = 64                                        {product} {ergonomic}
   size_t InitialHeapSize                          = 1073741824                                {product} {ergonomic}
     bool ManagementServer                         = true                                      {product} {command line}
   size_t MarkStackSize                            = 4194304                                   {product} {ergonomic}
   size_t MaxHeapSize                              = 17129537536                               {product} {ergonomic}
   size_t MaxNewSize                               = 10276044800                               {product} {ergonomic}
   size_t MinHeapDeltaBytes                        = 8388608                                   {product} {ergonomic}
   size_t MinHeapSize                              = 8388608                                   {product} {ergonomic}
    uintx NonProfiledCodeHeapSize                  = 0                                      {pd product} {ergonomic}
     bool ProfileInterpreter                       = false                                  {pd product} {command line}
    uintx ProfiledCodeHeapSize                     = 0                                      {pd product} {ergonomic}
   size_t SoftMaxHeapSize                          = 17129537536                            {manageable} {ergonomic}
     intx TieredStopAtLevel                        = 1                                         {product} {command line}
     bool UseCompressedClassPointers               = true                           {product lp64_product} {ergonomic}
     bool UseCompressedOops                        = true                           {product lp64_product} {ergonomic}
     bool UseG1GC                                  = true                                      {product} {ergonomic}
     bool UseLargePagesIndividualAllocation        = false                                  {pd product} {ergonomic}

Logging:
Log output configuration:
 #0: stdout all=warning uptime,level,tags
 #1: stderr all=off uptime,level,tags

Environment Variables:
JAVA_HOME=D:\SoftwareSpace\JAVA\java17\jdk17
PATH=F:\softwareSpace\VMware\bin\;D:\SoftwareSpace\JAVA\java17\jdk17\bin;D:\SoftwareSpace\JAVA\java17\jdk17\jre\bin;F:\anaconda\anaconda3;F:\anaconda\anaconda3\Library\mingw-w64\bin;F:\anaconda\anaconda3\Library\usr\bin;F:\anaconda\anaconda3\Library\bin;F:\anaconda\anaconda3\Scripts;C:\Windows\system32;C:\Windows;C:\Windows\System32\Wbem;C:\Windows\System32\WindowsPowerShell\v1.0\;C:\Windows\System32\OpenSSH\;C:\Program Files (x86)\NVIDIA Corporation\PhysX\Common;C:\Program Files\NVIDIA Corporation\NVIDIA NvDLISR;C:\WINDOWS\system32;C:\WINDOWS;C:\WINDOWS\System32\Wbem;C:\WINDOWS\System32\WindowsPowerShell\v1.0\;C:\WINDOWS\System32\OpenSSH\;C:\Program Files\dotnet\;D:\SoftwareSpace\git\Git\cmd;D:\SoftwareSpace\MySQL\mysql-8.0.34-winx64\bin;D:\SoftwareSpace\nvmspace\nvm;D:\SoftwareSpace\nodejs;D:\SoftwareSpace\Erlang\erl9.3\bin;D:\SoftwareSpace\pythonSpace\python3.10;D:\SoftwareSpace\pythonSpace\python3.10\Scripts;D:\SoftwareSpace\go\bin;F:\productionEnvironment\elasticSearch\elasticsearch-8.13.4\bin;D:\SoftwareSpace\wechat\web\dll;D:\SoftwareSpace\postgresql-space\bin\;E:\DependencyLibrary\ApacheMaven\apache-maven-3.8.6\bin;F:\productionEnvironment\hadoop\hadoop-2.7.1\bin;C:\Program Files\Docker\Docker\resources\bin;F:\DependencyLibrary\flutter_windows\flutter_windows_3.32.5\bin;D:\Windows Kits\10\Windows Performance Toolkit\;F:\DependencyLibrary\AndroidSdk\platform-tools;C:\Users\hcg\AppData\Local\Pub\Cache\bin;D:\SoftwareSpace\pythonSpace\python3.10\Scripts\;D:\SoftwareSpace\pythonSpace\python3.10\;C:\Users\hcg\AppData\Local\Microsoft\WindowsApps;D:\SoftwareSpace1\Bandizip\;D:\SoftwareSpace\nvmspace\nvm;D:\SoftwareSpace\nodejs;D:\SoftwareSpace\WebStorm2022\WebStorm 2023.2.4\WebStorm 2023.3.8\bin;;D:\SoftwareSpace\pycharmSpace\pycharm2023.2.5\PyCharm 2023.2.5\bin;;D:\SoftwareSpace\IDEA2023\idea2023\IntelliJ IDEA 2023.3.8\bin;;F:\softwareSpace\Cursor\cursor\resources\app\bin;D:\SoftwareSpace\VSCode\Microsoft VS Code\bin
USERNAME=hcg
OS=Windows_NT
PROCESSOR_IDENTIFIER=Intel64 Family 6 Model 183 Stepping 1, GenuineIntel



---------------  S Y S T E M  ---------------

OS:
 Windows 11 , 64 bit Build 22621 (10.0.22621.2215)
OS uptime: 3 days 22:50 hours
Hyper-V role detected

CPU: total 32 (initial active 32) (16 cores per cpu, 2 threads per core) family 6 model 183 stepping 1 microcode 0x10f, cx8, cmov, fxsr, ht, mmx, 3dnowpref, sse, sse2, sse3, ssse3, sse4.1, sse4.2, popcnt, lzcnt, tsc, tscinvbit, avx, avx2, aes, erms, clmul, bmi1, bmi2, adx, sha, fma, vzeroupper, clflush, clflushopt, clwb, hv

Memory: 4k page, system-wide physical 65343M (32939M free)
TotalPageFile size 69439M (AvailPageFile size 24828M)
current process WorkingSet (physical memory assigned to process): 805M, peak: 806M
current process commit charge ("private bytes"): 1021M, peak: 1216M

vm_info: Java HotSpot(TM) 64-Bit Server VM (17.0.5+9-LTS-191) for windows-amd64 JRE (17.0.5+9-LTS-191), built on Sep 13 2022 17:31:43 by "mach5one" with MS VC++ 16.8 / 16.9 (VS2019)

END.
