#
# A fatal error has been detected by the Java Runtime Environment:
#
#  EXCEPTION_ACCESS_VIOLATION (0xc0000005) at pc=0x00007ffc0617781e, pid=43296, tid=18916
#
# JRE version: Java(TM) SE Runtime Environment (17.0.5+9) (build 17.0.5+9-LTS-191)
# Java VM: Java HotSpot(TM) 64-Bit Server VM (17.0.5+9-LTS-191, mixed mode, emulated-client, sharing, tiered, compressed oops, compressed class ptrs, g1 gc, windows-amd64)
# Problematic frame:
# C  [librocksdbjni15602868068743313606.dll+0xf781e]
#
# No core dump will be written. Minidumps are not enabled by default on client versions of Windows
#
# If you would like to submit a bug report, please visit:
#   https://bugreport.java.com/bugreport/crash.jsp
# The crash happened outside the Java Virtual Machine in native code.
# See problematic frame for where to report the bug.
#

---------------  S U M M A R Y ------------

Command Line: -agentlib:jdwp=transport=dt_socket,address=127.0.0.1:1404,suspend=y,server=n -XX:TieredStopAtLevel=1 -Dspring.output.ansi.enabled=always -Dcom.sun.management.jmxremote -Dspring.jmx.enabled=true -Dspring.liveBeansView.mbeanDomain -Dspring.application.admin.enabled=true -Dmanagement.endpoints.jmx.exposure.include=* -javaagent:C:\Users\hcg\AppData\Local\JetBrains\IntelliJIdea2023.3\captureAgent\debugger-agent.jar=file:/C:/Users/hcg/AppData/Local/Temp/capture.props -Dfile.encoding=UTF-8 com.pop.popcoinsystem.PopCoinSystemApplication

Host: 13th Gen Intel(R) Core(TM) i9-13900HX, 32 cores, 63G,  Windows 11 , 64 bit Build 22621 (10.0.22621.2215)
Time: Mon Aug  4 22:21:46 2025  Windows 11 , 64 bit Build 22621 (10.0.22621.2215) elapsed time: 199.729489 seconds (0d 0h 3m 19s)

---------------  T H R E A D  ---------------

Current thread (0x000002235776e8e0):  JavaThread "nioEventLoopGroup-4-1" [_thread_in_native, id=18916, stack(0x00000032cb800000,0x00000032cb900000)]

Stack: [0x00000032cb800000,0x00000032cb900000],  sp=0x00000032cb8fd750,  free space=1013k
Native frames: (J=compiled Java code, j=interpreted, Vv=VM code, C=native code)
C  [librocksdbjni15602868068743313606.dll+0xf781e]

Java frames: (J=compiled Java code, j=interpreted, Vv=VM code)
J 7000  org.rocksdb.RocksDB.get(J[BIIJ)[B (0 bytes) @ 0x0000022325253d06 [0x0000022325253ca0+0x0000000000000066]
J 7165 c1 com.pop.popcoinsystem.storage.StorageService.getBlockByHash([B)Lcom/pop/popcoinsystem/data/block/Block; (138 bytes) @ 0x0000022324da2c04 [0x0000022324da2b60+0x00000000000000a4]
J 7164 c1 com.pop.popcoinsystem.service.blockChain.BlockChainServiceImpl.getBlockByHash([B)Lcom/pop/popcoinsystem/data/block/Block; (9 bytes) @ 0x000002232520cdf4 [0x000002232520cda0+0x0000000000000054]
j  com.pop.popcoinsystem.service.blockChain.BlockChainServiceImpl.verifyBlock(Lcom/pop/popcoinsystem/data/block/Block;Z)Z+60
j  jdk.internal.reflect.GeneratedMethodAccessor12.invoke(Ljava/lang/Object;[Ljava/lang/Object;)Ljava/lang/Object;+71
J 3483 c1 jdk.internal.reflect.DelegatingMethodAccessorImpl.invoke(Ljava/lang/Object;[Ljava/lang/Object;)Ljava/lang/Object; java.base@17.0.5 (10 bytes) @ 0x00000223254ba184 [0x00000223254ba120+0x0000000000000064]
J 3484 c1 java.lang.reflect.Method.invoke(Ljava/lang/Object;[Ljava/lang/Object;)Ljava/lang/Object; java.base@17.0.5 (65 bytes) @ 0x00000223254ba58c [0x00000223254ba460+0x000000000000012c]
j  org.springframework.aop.support.AopUtils.invokeJoinpointUsingReflection(Ljava/lang/Object;Ljava/lang/reflect/Method;[Ljava/lang/Object;)Ljava/lang/Object;+34
j  org.springframework.aop.framework.CglibAopProxy$DynamicAdvisedInterceptor.intercept(Ljava/lang/Object;Ljava/lang/reflect/Method;[Ljava/lang/Object;Lorg/springframework/cglib/proxy/MethodProxy;)Ljava/lang/Object;+96
j  com.pop.popcoinsystem.service.blockChain.BlockChainServiceImpl$$SpringCGLIB$$0.verifyBlock(Lcom/pop/popcoinsystem/data/block/Block;Z)Z+48
j  com.pop.popcoinsystem.network.protocol.messageHandler.BlockMessageHandler.doHandle(Lcom/pop/popcoinsystem/network/service/KademliaNodeServer;Lcom/pop/popcoinsystem/network/protocol/message/BlockMessage;)Lcom/pop/popcoinsystem/network/protocol/message/BlockMessage;+98
j  com.pop.popcoinsystem.network.protocol.messageHandler.BlockMessageHandler.handleMesage(Lcom/pop/popcoinsystem/network/service/KademliaNodeServer;Lcom/pop/popcoinsystem/network/protocol/message/KademliaMessage;)Lcom/pop/popcoinsystem/network/protocol/message/KademliaMessage;+6
j  com.pop.popcoinsystem.network.service.KademliaUdpHandler.channelRead0(Lio/netty/channel/ChannelHandlerContext;Lcom/pop/popcoinsystem/network/protocol/message/KademliaMessage;)V+85
j  com.pop.popcoinsystem.network.service.KademliaUdpHandler.channelRead0(Lio/netty/channel/ChannelHandlerContext;Ljava/lang/Object;)V+6
J 6582 c1 io.netty.channel.SimpleChannelInboundHandler.channelRead(Lio/netty/channel/ChannelHandlerContext;Ljava/lang/Object;)V (74 bytes) @ 0x0000022325a0435c [0x0000022325a042c0+0x000000000000009c]
J 6082 c1 io.netty.channel.AbstractChannelHandlerContext.invokeChannelRead(Ljava/lang/Object;)V (40 bytes) @ 0x0000022325941e54 [0x0000022325941c00+0x0000000000000254]
J 6081 c1 io.netty.channel.AbstractChannelHandlerContext.invokeChannelRead(Lio/netty/channel/AbstractChannelHandlerContext;Ljava/lang/Object;)V (53 bytes) @ 0x00000223259427ac [0x0000022325942540+0x000000000000026c]
J 6181 c1 io.netty.channel.AbstractChannelHandlerContext.fireChannelRead(Ljava/lang/Object;)Lio/netty/channel/ChannelHandlerContext; (12 bytes) @ 0x000002232596b9b4 [0x000002232596b860+0x0000000000000154]
j  io.netty.handler.codec.MessageToMessageDecoder.channelRead(Lio/netty/channel/ChannelHandlerContext;Ljava/lang/Object;)V+75
J 6082 c1 io.netty.channel.AbstractChannelHandlerContext.invokeChannelRead(Ljava/lang/Object;)V (40 bytes) @ 0x0000022325941e54 [0x0000022325941c00+0x0000000000000254]
J 6081 c1 io.netty.channel.AbstractChannelHandlerContext.invokeChannelRead(Lio/netty/channel/AbstractChannelHandlerContext;Ljava/lang/Object;)V (53 bytes) @ 0x00000223259427ac [0x0000022325942540+0x000000000000026c]
J 6369 c1 io.netty.handler.codec.ByteToMessageDecoder.channelRead(Lio/netty/channel/ChannelHandlerContext;Ljava/lang/Object;)V (328 bytes) @ 0x00000223259ad9cc [0x00000223259acfe0+0x00000000000009ec]
J 6082 c1 io.netty.channel.AbstractChannelHandlerContext.invokeChannelRead(Ljava/lang/Object;)V (40 bytes) @ 0x0000022325941e54 [0x0000022325941c00+0x0000000000000254]
J 6081 c1 io.netty.channel.AbstractChannelHandlerContext.invokeChannelRead(Lio/netty/channel/AbstractChannelHandlerContext;Ljava/lang/Object;)V (53 bytes) @ 0x00000223259427ac [0x0000022325942540+0x000000000000026c]
J 6644 c1 io.netty.channel.DefaultChannelPipeline$HeadContext.channelRead(Lio/netty/channel/ChannelHandlerContext;Ljava/lang/Object;)V (9 bytes) @ 0x0000022325a2590c [0x0000022325a25760+0x00000000000001ac]
J 6082 c1 io.netty.channel.AbstractChannelHandlerContext.invokeChannelRead(Ljava/lang/Object;)V (40 bytes) @ 0x0000022325941e54 [0x0000022325941c00+0x0000000000000254]
J 6081 c1 io.netty.channel.AbstractChannelHandlerContext.invokeChannelRead(Lio/netty/channel/AbstractChannelHandlerContext;Ljava/lang/Object;)V (53 bytes) @ 0x00000223259427ac [0x0000022325942540+0x000000000000026c]
J 6643 c1 io.netty.channel.DefaultChannelPipeline.fireChannelRead(Ljava/lang/Object;)Lio/netty/channel/ChannelPipeline; (10 bytes) @ 0x0000022325a24fec [0x0000022325a24fa0+0x000000000000004c]
j  io.netty.channel.nio.AbstractNioMessageChannel$NioMessageUnsafe.read()V+170
J 6678 c1 io.netty.channel.nio.NioEventLoop.processSelectedKey(Ljava/nio/channels/SelectionKey;Lio/netty/channel/nio/AbstractNioChannel;)V (136 bytes) @ 0x0000022325da9b24 [0x0000022325da9860+0x00000000000002c4]
J 6677 c1 io.netty.channel.nio.NioEventLoop.processSelectedKeysOptimized()V (99 bytes) @ 0x0000022325a30804 [0x0000022325a306c0+0x0000000000000144]
J 6676 c1 io.netty.channel.nio.NioEventLoop.processSelectedKeys()V (26 bytes) @ 0x0000022325da4f94 [0x0000022325da4f40+0x0000000000000054]
j  io.netty.channel.nio.NioEventLoop.run()V+263
j  io.netty.util.concurrent.SingleThreadEventExecutor$4.run()V+44
j  io.netty.util.internal.ThreadExecutorMap$2.run()V+11
j  io.netty.util.concurrent.FastThreadLocalRunnable.run()V+4
j  java.lang.Thread.run()V+11 java.base@17.0.5
v  ~StubRoutines::call_stub

siginfo: EXCEPTION_ACCESS_VIOLATION (0xc0000005), reading address 0x000003e800007630


Register to memory mapping:

RIP=0x00007ffc0617781e librocksdbjni15602868068743313606.dll
RAX=